<!DOCTYPE html>
<html>

<head>
	<meta charset='uft-8' /> 
	<meta name='description' content='' />
	<meta name='robots' content='noodp, noydir' />
	<meta name='viewport' content='width=device-width, initial-scale=1' />
	<meta id="timeStampFormat" name="timeStampFormat" content='MMM d, yyyy hh:mm:ss a'/>
	
	<link href='https://fonts.googleapis.com/css?family=Source+Sans+Pro:400,600' rel='stylesheet' type='text/css' />
	<link href="https://fonts.googleapis.com/icon?family=Material+Icons" rel="stylesheet" />
	<link href='https://cdn.rawgit.com/extent-framework/extent-github-cdn/39026ad/v3html/css/extent.css' type='text/css' rel='stylesheet' />
	
	<title>Automation Test Report</title>

	<style type='text/css'>
		/* json-tree */
		.jstBracket,.jstComma,.jstValue{white-space:pre-wrap}.jstValue{font-size:10px;font-weight:400;font-family:"Lucida Console",Monaco,monospace}.jstProperty{color:#666;word-wrap:break-word}.jstBool{color:#2525CC}.jstNum{color:#D036D0}.jstNull{color:gray}.jstStr{color:#2DB669}.jstFold:after{content:' -';cursor:pointer}.jstExpand{white-space:normal}.jstExpand:after{content:' +';cursor:pointer}.jstFolded{white-space:normal!important}.jstHiddenBlock{display:none}
	</style>
	
	<script type="text/javascript">
		/*! json-tree - v0.2.2 - 2017-09-25, MIT LICENSE */
		var JSONTree=function(){var n={"&":"&amp;","<":"&lt;",">":"&gt;",'"':"&quot;","'":"&#x27;","/":"&#x2F;"},t=0,r=0;this.create=function(n,t){return r+=1,N(u(n,0,!1),{class:"jstValue"})};var e=function(t){return t.replace(/[&<>'"]/g,function(t){return n[t]})},s=function(){return r+"_"+t++},u=function(n,t,r){if(null===n)return f(r?t:0);switch(typeof n){case"boolean":return l(n,r?t:0);case"number":return i(n,r?t:0);case"string":return o(n,r?t:0);default:return n instanceof Array?a(n,t,r):c(n,t,r)}},c=function(n,t,r){var e=s(),u=Object.keys(n).map(function(r){return j(r,n[r],t+1,!0)}).join(m()),c=[g("{",r?t:0,e),N(u,{id:e}),p("}",t)].join("\n");return N(c,{})},a=function(n,t,r){var e=s(),c=n.map(function(n){return u(n,t+1,!0)}).join(m());return[g("[",r?t:0,e),N(c,{id:e}),p("]",t)].join("\n")},o=function(n,t){var r=e(JSON.stringify(n));return N(v(r,t),{class:"jstStr"})},i=function(n,t){return N(v(n,t),{class:"jstNum"})},l=function(n,t){return N(v(n,t),{class:"jstBool"})},f=function(n){return N(v("null",n),{class:"jstNull"})},j=function(n,t,r){var s=v(e(JSON.stringify(n))+": ",r),c=N(u(t,r,!1),{});return N(s+c,{class:"jstProperty"})},m=function(){return N(",\n",{class:"jstComma"})},N=function(n,t){return d("span",t,n)},d=function(n,t,r){return"<"+n+Object.keys(t).map(function(n){return" "+n+'="'+t[n]+'"'}).join("")+">"+r+"</"+n+">"},g=function(n,t,r){return N(v(n,t),{class:"jstBracket"})+N("",{class:"jstFold",onclick:"JSONTree.toggle('"+r+"')"})};this.toggle=function(n){var t=document.getElementById(n),r=t.parentNode,e=t.previousElementSibling;""===t.className?(t.className="jstHiddenBlock",r.className="jstFolded",e.className="jstExpand"):(t.className="",r.className="",e.className="jstFold")};var p=function(n,t){return N(v(n,t),{})},v=function(n,t){return Array(2*t+1).join(" ")+n};return this}();
	</script>
</head>
	<body class='extent dark default hide-overflow '>
		<div id='theme-selector' alt='Click to toggle theme. To enable by default, use theme configuration.' title='Click to toggle theme. To enable by default, use theme configuration.'>
			<span><i class='material-icons'>desktop_windows</i></span>
		</div>
<nav>
	<div class="nav-wrapper">
		<a href="#!" class="brand-logo black"><img src="https://cdn.rawgit.com/extent-framework/extent-github-cdn/d74480e/commons/img/logo.png"></a>
		<!-- slideout menu -->
		<ul id='slide-out' class='side-nav fixed hide-on-med-and-down'>
			<li class='waves-effect active'><a href='#!' view='test-view' onclick="configureView(0);chartsView('test');"><i class='material-icons'>dashboard</i></a></li>
						<li class='waves-effect'><a href='#!' onclick="configureView(-1);chartsView('dashboard');" view='dashboard-view'><i class='material-icons'>track_changes</i></a></li>
		</ul>
		<!-- report name -->
		<span class='report-name'>AE Extent Report</span>
		<!-- report headline -->
		<span class='report-headline'></span>
		<!-- nav-right -->
		<ul id='nav-mobile' class='right hide-on-med-and-down nav-right'>
			<a href='#!'>
			<span class='label blue darken-3 suite-start-time'>Jan 30, 2023 10:16:07 AM</span>
			</a>
		</ul>
	</div>
</nav>		<!-- container -->
		<div class='container'>
<div id='test-view' class='view'>
	<section id='controls'>
		<div class='controls grey lighten-4'>
			<!-- test toggle -->
			<div class='chip transparent'>
				<a class='dropdown-button tests-toggle' data-activates='tests-toggle' data-constrainwidth='true' data-beloworigin='true' data-hover='true' href='#'>
				<i class='material-icons'>warning</i> Status
				</a>
				<ul id='tests-toggle' class='dropdown-content'>
										<li status='pass'><a href='#!'>Pass <i class='material-icons green-text'>check_circle</i></a></li>
					<li status='fail'><a href='#!'>Fail <i class='material-icons red-text'>cancel</i></a></li>
					<li class='divider'></li>
					<li status='clear' clear='true'><a href='#!'>Clear Filters <i class='material-icons'>clear</i></a></li>
				</ul>
			</div>
			<!-- test toggle -->
			<!-- category toggle -->
			<!-- category toggle -->
			<!-- clear filters -->
			<div class='chip transparent hide'>
				<a class='' id='clear-filters' alt='Clear Filters' title='Clear Filters'>
				<i class='material-icons'>close</i> Clear
				</a>
			</div>
			<!-- clear filters -->
			<!-- enable dashboard -->
			<div id='toggle-test-view-charts' class='chip transparent'>
				<a class='pink-text' id='enable-dashboard' alt='Enable Dashboard' title='Enable Dashboard'>
				<i class='material-icons'>track_changes</i> Dashboard
				</a>
			</div>
			<!-- enable dashboard -->
			<!-- search -->
			<div class='chip transparent' alt='Search Tests' title='Search Tests'>
				<a href="#" class='search-div'>
				<i class='material-icons'>search</i> Search
				</a>
				<div class='input-field left hide'>
					<input id='search-tests' type='text' class='validate browser-default' placeholder='Search Tests...'>
				</div>
			</div>
			<!-- search -->
		</div>
	</section>
<div id='test-view-charts' class='subview-full'>
    <div id='charts-row' class='row nm-v nm-h'>
        <div class='col s12 m12 l12 np-h'>
            <div class='card-panel nm-v'>
                <div class='left panel-name'>Tests</div>
                <div class='chart-box' style="max-height:94px;">
                    <canvas id='parent-analysis' width='90' height='70'></canvas>
                </div>
                <div class='block text-small'>
                    <span class='tooltipped' data-position='top' data-tooltip='51.852%'><span class='strong'>14</span> test(s) passed</span>
                </div>
                <div class='block text-small'>
                    <span class='strong tooltipped' data-position='top' data-tooltip='48.148%'>13</span> test(s) failed, <span class='strong tooltipped' data-position='top' data-tooltip='0%'>0</span> others
                </div>
            </div>
        </div>
    </div>
    <div id="timeline-chart" class="row nm-v nm-h">
        <div class="col s12 m12 l12 np-h">
            <div class="card-panel">
                <div class='left panel-name'>Timeline (seconds)</div>
                <div class="chart-box" style="width:98%;max-height:145px;">
                    <canvas id="timeline" height="120"></canvas>
                </div>
            </div>
        </div>
    </div>
</div>	<div class='subview-left left'>
		<div class='view-summary'>
			<ul id='test-collection' class='test-collection'>
				<li class='test displayed active  fail' status='fail' bdd='false' test-id='1'>
					<div class='test-heading'>
						<span class='test-name'>validateAdvSearchForUserNameEqualToTenantuserPageTATest</span>
						<span class='test-time'>Jan 30, 2023 10:16:13 AM</span>
						<span class='test-status right fail'>fail</span>
					</div>
					<div class='test-content hide'>
<div class='test-time-info'>
	<span class='label start-time'>Jan 30, 2023 10:16:13 AM</span>
	<span class='label end-time'>Jan 30, 2023 10:16:13 AM</span>
	<span class='label time-taken grey lighten-1 white-text'>0h 0m 0s+0ms</span>
</div>
<div class='test-desc'>TC_009: To Verfiy Advance search for username with equals criteria </div>
<div class='test-steps'>
	<table class='bordered table-results'>
		<thead>
			<tr>
				<th>Status</th>
				<th>Timestamp</th>
				<th>Details</th>
			</tr>
		</thead>
		<tbody>
			<tr class='log' status='fail'>
				<td class='status fail' title='fail' alt='fail'><i class='material-icons'>cancel</i></td>
				<td class='timestamp'>10:16:35 AM</td>
				<td class='step-details'>
						<span class='badge white-text red'>validateAdvSearchForUserNameEqualToTenantuserPageTATest - Test Case Failed</span>
					
				</td>
			</tr>
			<tr class='log' status='fail'>
				<td class='status fail' title='fail' alt='fail'><i class='material-icons'>cancel</i></td>
				<td class='timestamp'>10:16:35 AM</td>
				<td class='step-details'>
						<span class='badge white-text red'>org.openqa.selenium.StaleElementReferenceException: stale element reference: element is not attached to the page document
  (Session info: chrome=109.0.5414.75)
For documentation on this error, please visit: https://www.seleniumhq.org/exceptions/stale_element_reference.html
Build info: version: '3.141.59', revision: 'e82be7d358', time: '2018-11-14T08:17:03'
System info: host: 'DESKTOP-5VHKQUJ', ip: '192.168.0.112', os.name: 'Windows 10', os.arch: 'amd64', os.version: '10.0', java.version: '16.0.2'
Driver info: org.openqa.selenium.chrome.ChromeDriver
Capabilities {acceptInsecureCerts: false, browserName: chrome, browserVersion: 109.0.5414.75, chrome: {chromedriverVersion: 109.0.5414.74 (e7c5703604da..., userDataDir: C:\Users\DELL\AppData\Local...}, goog:chromeOptions: {debuggerAddress: localhost:64869}, javascriptEnabled: true, networkConnectionEnabled: false, pageLoadStrategy: normal, platform: WINDOWS, platformName: WINDOWS, proxy: Proxy(), setWindowRect: true, strictFileInteractability: false, timeouts: {implicit: 0, pageLoad: 300000, script: 30000}, unhandledPromptBehavior: dismiss and notify, webauthn:extension:credBlob: true, webauthn:extension:largeBlob: true, webauthn:virtualAuthenticators: true}
Session ID: 013db00c5ddf1be46717947425efbc0c - Test Case Failed</span>
					
				</td>
			</tr>
			<tr class='log' status='fail'>
				<td class='status fail' title='fail' alt='fail'><i class='material-icons'>cancel</i></td>
				<td class='timestamp'>10:16:35 AM</td>
				<td class='step-details'>
						<a href='C:\Program Files\AutomationEdge\tools\apache-tomcat-9.0.36\logs\automationedge.log'> ViewAutomationEdgeLogs </a>
					
				</td>
			</tr>
		</tbody>
	</table>
</div>
						<ul class='screenshots'>
							<li><img class='r-img' onerror='this.style.display="none"' data-featherlight='F:\Automation Edge Project\AutomationEdgePortal_7.0(1)WorkSpace/Screenshots/validateAdvSearchForUserNameEqualToTenantuserPageTATest{2023-01-30-10-16-35}.png' src='F:\Automation Edge Project\AutomationEdgePortal_7.0(1)WorkSpace/Screenshots/validateAdvSearchForUserNameEqualToTenantuserPageTATest{2023-01-30-10-16-35}.png' data-src='F:\Automation Edge Project\AutomationEdgePortal_7.0(1)WorkSpace/Screenshots/validateAdvSearchForUserNameEqualToTenantuserPageTATest{2023-01-30-10-16-35}.png'></li>
						</ul>
					</div>
				</li>
				<li class='test displayed active  fail' status='fail' bdd='false' test-id='2'>
					<div class='test-heading'>
						<span class='test-name'>validateAdvSearchForUserNameNotEqualTenantuserPageTATest</span>
						<span class='test-time'>Jan 30, 2023 10:16:41 AM</span>
						<span class='test-status right fail'>fail</span>
					</div>
					<div class='test-content hide'>
<div class='test-time-info'>
	<span class='label start-time'>Jan 30, 2023 10:16:41 AM</span>
	<span class='label end-time'>Jan 30, 2023 10:16:41 AM</span>
	<span class='label time-taken grey lighten-1 white-text'>0h 0m 0s+0ms</span>
</div>
<div class='test-desc'>TC_009: To Verfiy Advance search for username with not equals criteria </div>
<div class='test-steps'>
	<table class='bordered table-results'>
		<thead>
			<tr>
				<th>Status</th>
				<th>Timestamp</th>
				<th>Details</th>
			</tr>
		</thead>
		<tbody>
			<tr class='log' status='fail'>
				<td class='status fail' title='fail' alt='fail'><i class='material-icons'>cancel</i></td>
				<td class='timestamp'>10:17:01 AM</td>
				<td class='step-details'>
						<span class='badge white-text red'>validateAdvSearchForUserNameNotEqualToTenantuserPageTATest - Test Case Failed</span>
					
				</td>
			</tr>
			<tr class='log' status='fail'>
				<td class='status fail' title='fail' alt='fail'><i class='material-icons'>cancel</i></td>
				<td class='timestamp'>10:17:01 AM</td>
				<td class='step-details'>
						<span class='badge white-text red'>org.openqa.selenium.StaleElementReferenceException: stale element reference: element is not attached to the page document
  (Session info: chrome=109.0.5414.75)
For documentation on this error, please visit: https://www.seleniumhq.org/exceptions/stale_element_reference.html
Build info: version: '3.141.59', revision: 'e82be7d358', time: '2018-11-14T08:17:03'
System info: host: 'DESKTOP-5VHKQUJ', ip: '192.168.0.112', os.name: 'Windows 10', os.arch: 'amd64', os.version: '10.0', java.version: '16.0.2'
Driver info: org.openqa.selenium.chrome.ChromeDriver
Capabilities {acceptInsecureCerts: false, browserName: chrome, browserVersion: 109.0.5414.75, chrome: {chromedriverVersion: 109.0.5414.74 (e7c5703604da..., userDataDir: C:\Users\DELL\AppData\Local...}, goog:chromeOptions: {debuggerAddress: localhost:64903}, javascriptEnabled: true, networkConnectionEnabled: false, pageLoadStrategy: normal, platform: WINDOWS, platformName: WINDOWS, proxy: Proxy(), setWindowRect: true, strictFileInteractability: false, timeouts: {implicit: 0, pageLoad: 300000, script: 30000}, unhandledPromptBehavior: dismiss and notify, webauthn:extension:credBlob: true, webauthn:extension:largeBlob: true, webauthn:virtualAuthenticators: true}
Session ID: 6ee42060fe99a0a3336f092a7e97beaf - Test Case Failed</span>
					
				</td>
			</tr>
			<tr class='log' status='fail'>
				<td class='status fail' title='fail' alt='fail'><i class='material-icons'>cancel</i></td>
				<td class='timestamp'>10:17:01 AM</td>
				<td class='step-details'>
						<a href='C:\Program Files\AutomationEdge\tools\apache-tomcat-9.0.36\logs\automationedge.log'> ViewAutomationEdgeLogs </a>
					
				</td>
			</tr>
		</tbody>
	</table>
</div>
						<ul class='screenshots'>
							<li><img class='r-img' onerror='this.style.display="none"' data-featherlight='F:\Automation Edge Project\AutomationEdgePortal_7.0(1)WorkSpace/Screenshots/validateAdvSearchForUserNameNotEqualToTenantuserPageTATest{2023-01-30-10-17-01}.png' src='F:\Automation Edge Project\AutomationEdgePortal_7.0(1)WorkSpace/Screenshots/validateAdvSearchForUserNameNotEqualToTenantuserPageTATest{2023-01-30-10-17-01}.png' data-src='F:\Automation Edge Project\AutomationEdgePortal_7.0(1)WorkSpace/Screenshots/validateAdvSearchForUserNameNotEqualToTenantuserPageTATest{2023-01-30-10-17-01}.png'></li>
						</ul>
					</div>
				</li>
				<li class='test displayed active  pass' status='pass' bdd='false' test-id='3'>
					<div class='test-heading'>
						<span class='test-name'>validateAdvSearchForUserNameIsLikeTenantuserPageTATest</span>
						<span class='test-time'>Jan 30, 2023 10:17:09 AM</span>
						<span class='test-status right pass'>pass</span>
					</div>
					<div class='test-content hide'>
<div class='test-time-info'>
	<span class='label start-time'>Jan 30, 2023 10:17:09 AM</span>
	<span class='label end-time'>Jan 30, 2023 10:17:09 AM</span>
	<span class='label time-taken grey lighten-1 white-text'>0h 0m 0s+0ms</span>
</div>
<div class='test-desc'>TC_009: To Verfiy Advance search for username with Is like criteria </div>
<div class='test-steps'>
	<table class='bordered table-results'>
		<thead>
			<tr>
				<th>Status</th>
				<th>Timestamp</th>
				<th>Details</th>
			</tr>
		</thead>
		<tbody>
			<tr class='log' status='pass'>
				<td class='status pass' title='pass' alt='pass'><i class='material-icons'>check_circle</i></td>
				<td class='timestamp'>10:17:41 AM</td>
				<td class='step-details'>
						Advance search for User Name is validated successfully
					
				</td>
			</tr>
			<tr class='log' status='pass'>
				<td class='status pass' title='pass' alt='pass'><i class='material-icons'>check_circle</i></td>
				<td class='timestamp'>10:17:43 AM</td>
				<td class='step-details'>
						<span class='badge white-text green'>validateAdvSearchForUserNameIsLikeTenantuserPageTATest Test Case PASSED</span>
					
				</td>
			</tr>
		</tbody>
	</table>
</div>
					</div>
				</li>
				<li class='test displayed active  fail' status='fail' bdd='false' test-id='4'>
					<div class='test-heading'>
						<span class='test-name'>validateAdvSearchForUserNameBeginsWithTenantuserPageTATest</span>
						<span class='test-time'>Jan 30, 2023 10:17:48 AM</span>
						<span class='test-status right fail'>fail</span>
					</div>
					<div class='test-content hide'>
<div class='test-time-info'>
	<span class='label start-time'>Jan 30, 2023 10:17:48 AM</span>
	<span class='label end-time'>Jan 30, 2023 10:17:48 AM</span>
	<span class='label time-taken grey lighten-1 white-text'>0h 0m 0s+0ms</span>
</div>
<div class='test-desc'>TC_009: To Verfiy Advance search for username with begins with criteria </div>
<div class='test-steps'>
	<table class='bordered table-results'>
		<thead>
			<tr>
				<th>Status</th>
				<th>Timestamp</th>
				<th>Details</th>
			</tr>
		</thead>
		<tbody>
			<tr class='log' status='fail'>
				<td class='status fail' title='fail' alt='fail'><i class='material-icons'>cancel</i></td>
				<td class='timestamp'>10:18:15 AM</td>
				<td class='step-details'>
						<span class='badge white-text red'>validateAdvSearchForUserNameBeginsWithTenantuserPageTATest - Test Case Failed</span>
					
				</td>
			</tr>
			<tr class='log' status='fail'>
				<td class='status fail' title='fail' alt='fail'><i class='material-icons'>cancel</i></td>
				<td class='timestamp'>10:18:15 AM</td>
				<td class='step-details'>
						<span class='badge white-text red'>java.lang.AssertionError: expected [true] but found [false] - Test Case Failed</span>
					
				</td>
			</tr>
			<tr class='log' status='fail'>
				<td class='status fail' title='fail' alt='fail'><i class='material-icons'>cancel</i></td>
				<td class='timestamp'>10:18:15 AM</td>
				<td class='step-details'>
						<a href='C:\Program Files\AutomationEdge\tools\apache-tomcat-9.0.36\logs\automationedge.log'> ViewAutomationEdgeLogs </a>
					
				</td>
			</tr>
		</tbody>
	</table>
</div>
						<ul class='screenshots'>
							<li><img class='r-img' onerror='this.style.display="none"' data-featherlight='F:\Automation Edge Project\AutomationEdgePortal_7.0(1)WorkSpace/Screenshots/validateAdvSearchForUserNameBeginsWithTenantuserPageTATest{2023-01-30-10-18-15}.png' src='F:\Automation Edge Project\AutomationEdgePortal_7.0(1)WorkSpace/Screenshots/validateAdvSearchForUserNameBeginsWithTenantuserPageTATest{2023-01-30-10-18-15}.png' data-src='F:\Automation Edge Project\AutomationEdgePortal_7.0(1)WorkSpace/Screenshots/validateAdvSearchForUserNameBeginsWithTenantuserPageTATest{2023-01-30-10-18-15}.png'></li>
						</ul>
					</div>
				</li>
				<li class='test displayed active  fail' status='fail' bdd='false' test-id='5'>
					<div class='test-heading'>
						<span class='test-name'>validateAdvSearchForUserNameEndsWithTenantuserPageTATest</span>
						<span class='test-time'>Jan 30, 2023 10:18:21 AM</span>
						<span class='test-status right fail'>fail</span>
					</div>
					<div class='test-content hide'>
<div class='test-time-info'>
	<span class='label start-time'>Jan 30, 2023 10:18:21 AM</span>
	<span class='label end-time'>Jan 30, 2023 10:18:21 AM</span>
	<span class='label time-taken grey lighten-1 white-text'>0h 0m 0s+0ms</span>
</div>
<div class='test-desc'>TC_009: To Verfiy Advance search for username with ends with criteria </div>
<div class='test-steps'>
	<table class='bordered table-results'>
		<thead>
			<tr>
				<th>Status</th>
				<th>Timestamp</th>
				<th>Details</th>
			</tr>
		</thead>
		<tbody>
			<tr class='log' status='fail'>
				<td class='status fail' title='fail' alt='fail'><i class='material-icons'>cancel</i></td>
				<td class='timestamp'>10:18:47 AM</td>
				<td class='step-details'>
						<span class='badge white-text red'>validateAdvSearchForUserNameEndsWithTenantuserPageTATest - Test Case Failed</span>
					
				</td>
			</tr>
			<tr class='log' status='fail'>
				<td class='status fail' title='fail' alt='fail'><i class='material-icons'>cancel</i></td>
				<td class='timestamp'>10:18:47 AM</td>
				<td class='step-details'>
						<span class='badge white-text red'>org.openqa.selenium.StaleElementReferenceException: stale element reference: element is not attached to the page document
  (Session info: chrome=109.0.5414.75)
For documentation on this error, please visit: https://www.seleniumhq.org/exceptions/stale_element_reference.html
Build info: version: '3.141.59', revision: 'e82be7d358', time: '2018-11-14T08:17:03'
System info: host: 'DESKTOP-5VHKQUJ', ip: '192.168.0.112', os.name: 'Windows 10', os.arch: 'amd64', os.version: '10.0', java.version: '16.0.2'
Driver info: org.openqa.selenium.chrome.ChromeDriver
Capabilities {acceptInsecureCerts: false, browserName: chrome, browserVersion: 109.0.5414.75, chrome: {chromedriverVersion: 109.0.5414.74 (e7c5703604da..., userDataDir: C:\Users\DELL\AppData\Local...}, goog:chromeOptions: {debuggerAddress: localhost:64980}, javascriptEnabled: true, networkConnectionEnabled: false, pageLoadStrategy: normal, platform: WINDOWS, platformName: WINDOWS, proxy: Proxy(), setWindowRect: true, strictFileInteractability: false, timeouts: {implicit: 0, pageLoad: 300000, script: 30000}, unhandledPromptBehavior: dismiss and notify, webauthn:extension:credBlob: true, webauthn:extension:largeBlob: true, webauthn:virtualAuthenticators: true}
Session ID: a59097632a7b536b5d0ed6a9d1cf7b92 - Test Case Failed</span>
					
				</td>
			</tr>
			<tr class='log' status='fail'>
				<td class='status fail' title='fail' alt='fail'><i class='material-icons'>cancel</i></td>
				<td class='timestamp'>10:18:47 AM</td>
				<td class='step-details'>
						<a href='C:\Program Files\AutomationEdge\tools\apache-tomcat-9.0.36\logs\automationedge.log'> ViewAutomationEdgeLogs </a>
					
				</td>
			</tr>
		</tbody>
	</table>
</div>
						<ul class='screenshots'>
							<li><img class='r-img' onerror='this.style.display="none"' data-featherlight='F:\Automation Edge Project\AutomationEdgePortal_7.0(1)WorkSpace/Screenshots/validateAdvSearchForUserNameEndsWithTenantuserPageTATest{2023-01-30-10-18-47}.png' src='F:\Automation Edge Project\AutomationEdgePortal_7.0(1)WorkSpace/Screenshots/validateAdvSearchForUserNameEndsWithTenantuserPageTATest{2023-01-30-10-18-47}.png' data-src='F:\Automation Edge Project\AutomationEdgePortal_7.0(1)WorkSpace/Screenshots/validateAdvSearchForUserNameEndsWithTenantuserPageTATest{2023-01-30-10-18-47}.png'></li>
						</ul>
					</div>
				</li>
				<li class='test displayed active  pass' status='pass' bdd='false' test-id='6'>
					<div class='test-heading'>
						<span class='test-name'>validateAdvSearchForFirstNameEqualToTenantuserPageTATest</span>
						<span class='test-time'>Jan 30, 2023 10:18:54 AM</span>
						<span class='test-status right pass'>pass</span>
					</div>
					<div class='test-content hide'>
<div class='test-time-info'>
	<span class='label start-time'>Jan 30, 2023 10:18:54 AM</span>
	<span class='label end-time'>Jan 30, 2023 10:18:54 AM</span>
	<span class='label time-taken grey lighten-1 white-text'>0h 0m 0s+0ms</span>
</div>
<div class='test-desc'>TC_009: To Verfiy Advance search for firstname with equals criteria </div>
<div class='test-steps'>
	<table class='bordered table-results'>
		<thead>
			<tr>
				<th>Status</th>
				<th>Timestamp</th>
				<th>Details</th>
			</tr>
		</thead>
		<tbody>
			<tr class='log' status='pass'>
				<td class='status pass' title='pass' alt='pass'><i class='material-icons'>check_circle</i></td>
				<td class='timestamp'>10:19:17 AM</td>
				<td class='step-details'>
						Advance search for First Name is validated successfully
					
				</td>
			</tr>
			<tr class='log' status='pass'>
				<td class='status pass' title='pass' alt='pass'><i class='material-icons'>check_circle</i></td>
				<td class='timestamp'>10:19:18 AM</td>
				<td class='step-details'>
						<span class='badge white-text green'>validateAdvSearchForFirstNameEqualToTenantuserPageTATest Test Case PASSED</span>
					
				</td>
			</tr>
		</tbody>
	</table>
</div>
					</div>
				</li>
				<li class='test displayed active  pass' status='pass' bdd='false' test-id='7'>
					<div class='test-heading'>
						<span class='test-name'>validateAdvSearchForFirstNameNotEqualToTenantuserPageTATest</span>
						<span class='test-time'>Jan 30, 2023 10:19:25 AM</span>
						<span class='test-status right pass'>pass</span>
					</div>
					<div class='test-content hide'>
<div class='test-time-info'>
	<span class='label start-time'>Jan 30, 2023 10:19:25 AM</span>
	<span class='label end-time'>Jan 30, 2023 10:19:25 AM</span>
	<span class='label time-taken grey lighten-1 white-text'>0h 0m 0s+0ms</span>
</div>
<div class='test-desc'>TC_009: To Verfiy Advance search for firstname with not equals criteria </div>
<div class='test-steps'>
	<table class='bordered table-results'>
		<thead>
			<tr>
				<th>Status</th>
				<th>Timestamp</th>
				<th>Details</th>
			</tr>
		</thead>
		<tbody>
			<tr class='log' status='pass'>
				<td class='status pass' title='pass' alt='pass'><i class='material-icons'>check_circle</i></td>
				<td class='timestamp'>10:20:28 AM</td>
				<td class='step-details'>
						Advance search for First Name is validated successfully
					
				</td>
			</tr>
			<tr class='log' status='pass'>
				<td class='status pass' title='pass' alt='pass'><i class='material-icons'>check_circle</i></td>
				<td class='timestamp'>10:20:28 AM</td>
				<td class='step-details'>
						<span class='badge white-text green'>validateAdvSearchForFirstNameNotEqualToTenantuserPageTATest Test Case PASSED</span>
					
				</td>
			</tr>
		</tbody>
	</table>
</div>
					</div>
				</li>
				<li class='test displayed active  fail' status='fail' bdd='false' test-id='8'>
					<div class='test-heading'>
						<span class='test-name'>validateAdvSearchForFirstNameIsLikeTenantuserPageTATest</span>
						<span class='test-time'>Jan 30, 2023 10:20:33 AM</span>
						<span class='test-status right fail'>fail</span>
					</div>
					<div class='test-content hide'>
<div class='test-time-info'>
	<span class='label start-time'>Jan 30, 2023 10:20:33 AM</span>
	<span class='label end-time'>Jan 30, 2023 10:20:33 AM</span>
	<span class='label time-taken grey lighten-1 white-text'>0h 0m 0s+0ms</span>
</div>
<div class='test-desc'>TC_009: To Verfiy Advance search for firstname with Is like criteria </div>
<div class='test-steps'>
	<table class='bordered table-results'>
		<thead>
			<tr>
				<th>Status</th>
				<th>Timestamp</th>
				<th>Details</th>
			</tr>
		</thead>
		<tbody>
			<tr class='log' status='fail'>
				<td class='status fail' title='fail' alt='fail'><i class='material-icons'>cancel</i></td>
				<td class='timestamp'>10:20:58 AM</td>
				<td class='step-details'>
						<span class='badge white-text red'>validateAdvSearchForFirstNameIsLikeTenantuserPageTATest - Test Case Failed</span>
					
				</td>
			</tr>
			<tr class='log' status='fail'>
				<td class='status fail' title='fail' alt='fail'><i class='material-icons'>cancel</i></td>
				<td class='timestamp'>10:20:58 AM</td>
				<td class='step-details'>
						<span class='badge white-text red'>org.openqa.selenium.StaleElementReferenceException: stale element reference: element is not attached to the page document
  (Session info: chrome=109.0.5414.75)
For documentation on this error, please visit: https://www.seleniumhq.org/exceptions/stale_element_reference.html
Build info: version: '3.141.59', revision: 'e82be7d358', time: '2018-11-14T08:17:03'
System info: host: 'DESKTOP-5VHKQUJ', ip: '192.168.0.112', os.name: 'Windows 10', os.arch: 'amd64', os.version: '10.0', java.version: '16.0.2'
Driver info: org.openqa.selenium.chrome.ChromeDriver
Capabilities {acceptInsecureCerts: false, browserName: chrome, browserVersion: 109.0.5414.75, chrome: {chromedriverVersion: 109.0.5414.74 (e7c5703604da..., userDataDir: C:\Users\DELL\AppData\Local...}, goog:chromeOptions: {debuggerAddress: localhost:65068}, javascriptEnabled: true, networkConnectionEnabled: false, pageLoadStrategy: normal, platform: WINDOWS, platformName: WINDOWS, proxy: Proxy(), setWindowRect: true, strictFileInteractability: false, timeouts: {implicit: 0, pageLoad: 300000, script: 30000}, unhandledPromptBehavior: dismiss and notify, webauthn:extension:credBlob: true, webauthn:extension:largeBlob: true, webauthn:virtualAuthenticators: true}
Session ID: 8bb4aaa69fdbc5cdc6f268b8ec9a8225 - Test Case Failed</span>
					
				</td>
			</tr>
			<tr class='log' status='fail'>
				<td class='status fail' title='fail' alt='fail'><i class='material-icons'>cancel</i></td>
				<td class='timestamp'>10:20:58 AM</td>
				<td class='step-details'>
						<a href='C:\Program Files\AutomationEdge\tools\apache-tomcat-9.0.36\logs\automationedge.log'> ViewAutomationEdgeLogs </a>
					
				</td>
			</tr>
		</tbody>
	</table>
</div>
						<ul class='screenshots'>
							<li><img class='r-img' onerror='this.style.display="none"' data-featherlight='F:\Automation Edge Project\AutomationEdgePortal_7.0(1)WorkSpace/Screenshots/validateAdvSearchForFirstNameIsLikeTenantuserPageTATest{2023-01-30-10-20-58}.png' src='F:\Automation Edge Project\AutomationEdgePortal_7.0(1)WorkSpace/Screenshots/validateAdvSearchForFirstNameIsLikeTenantuserPageTATest{2023-01-30-10-20-58}.png' data-src='F:\Automation Edge Project\AutomationEdgePortal_7.0(1)WorkSpace/Screenshots/validateAdvSearchForFirstNameIsLikeTenantuserPageTATest{2023-01-30-10-20-58}.png'></li>
						</ul>
					</div>
				</li>
				<li class='test displayed active  fail' status='fail' bdd='false' test-id='9'>
					<div class='test-heading'>
						<span class='test-name'>validateAdvSearchForFirstNameBeginsWithTenantuserPageTATest</span>
						<span class='test-time'>Jan 30, 2023 10:21:04 AM</span>
						<span class='test-status right fail'>fail</span>
					</div>
					<div class='test-content hide'>
<div class='test-time-info'>
	<span class='label start-time'>Jan 30, 2023 10:21:04 AM</span>
	<span class='label end-time'>Jan 30, 2023 10:21:04 AM</span>
	<span class='label time-taken grey lighten-1 white-text'>0h 0m 0s+0ms</span>
</div>
<div class='test-desc'>TC_009: To Verfiy Advance search for firstname with begins with criteria </div>
<div class='test-steps'>
	<table class='bordered table-results'>
		<thead>
			<tr>
				<th>Status</th>
				<th>Timestamp</th>
				<th>Details</th>
			</tr>
		</thead>
		<tbody>
			<tr class='log' status='fail'>
				<td class='status fail' title='fail' alt='fail'><i class='material-icons'>cancel</i></td>
				<td class='timestamp'>10:21:29 AM</td>
				<td class='step-details'>
						<span class='badge white-text red'>validateAdvSearchForFirstNameBeginsWithTenantuserPageTATest - Test Case Failed</span>
					
				</td>
			</tr>
			<tr class='log' status='fail'>
				<td class='status fail' title='fail' alt='fail'><i class='material-icons'>cancel</i></td>
				<td class='timestamp'>10:21:29 AM</td>
				<td class='step-details'>
						<span class='badge white-text red'>org.openqa.selenium.StaleElementReferenceException: stale element reference: element is not attached to the page document
  (Session info: chrome=109.0.5414.75)
For documentation on this error, please visit: https://www.seleniumhq.org/exceptions/stale_element_reference.html
Build info: version: '3.141.59', revision: 'e82be7d358', time: '2018-11-14T08:17:03'
System info: host: 'DESKTOP-5VHKQUJ', ip: '192.168.0.112', os.name: 'Windows 10', os.arch: 'amd64', os.version: '10.0', java.version: '16.0.2'
Driver info: org.openqa.selenium.chrome.ChromeDriver
Capabilities {acceptInsecureCerts: false, browserName: chrome, browserVersion: 109.0.5414.75, chrome: {chromedriverVersion: 109.0.5414.74 (e7c5703604da..., userDataDir: C:\Users\DELL\AppData\Local...}, goog:chromeOptions: {debuggerAddress: localhost:65219}, javascriptEnabled: true, networkConnectionEnabled: false, pageLoadStrategy: normal, platform: WINDOWS, platformName: WINDOWS, proxy: Proxy(), setWindowRect: true, strictFileInteractability: false, timeouts: {implicit: 0, pageLoad: 300000, script: 30000}, unhandledPromptBehavior: dismiss and notify, webauthn:extension:credBlob: true, webauthn:extension:largeBlob: true, webauthn:virtualAuthenticators: true}
Session ID: a0f144e32bb20b44505391d3db8abc68 - Test Case Failed</span>
					
				</td>
			</tr>
			<tr class='log' status='fail'>
				<td class='status fail' title='fail' alt='fail'><i class='material-icons'>cancel</i></td>
				<td class='timestamp'>10:21:29 AM</td>
				<td class='step-details'>
						<a href='C:\Program Files\AutomationEdge\tools\apache-tomcat-9.0.36\logs\automationedge.log'> ViewAutomationEdgeLogs </a>
					
				</td>
			</tr>
		</tbody>
	</table>
</div>
						<ul class='screenshots'>
							<li><img class='r-img' onerror='this.style.display="none"' data-featherlight='F:\Automation Edge Project\AutomationEdgePortal_7.0(1)WorkSpace/Screenshots/validateAdvSearchForFirstNameBeginsWithTenantuserPageTATest{2023-01-30-10-21-29}.png' src='F:\Automation Edge Project\AutomationEdgePortal_7.0(1)WorkSpace/Screenshots/validateAdvSearchForFirstNameBeginsWithTenantuserPageTATest{2023-01-30-10-21-29}.png' data-src='F:\Automation Edge Project\AutomationEdgePortal_7.0(1)WorkSpace/Screenshots/validateAdvSearchForFirstNameBeginsWithTenantuserPageTATest{2023-01-30-10-21-29}.png'></li>
						</ul>
					</div>
				</li>
				<li class='test displayed active  fail' status='fail' bdd='false' test-id='10'>
					<div class='test-heading'>
						<span class='test-name'>validateAdvSearchForFirstNameEndsWithTenantuserPageTATest</span>
						<span class='test-time'>Jan 30, 2023 10:21:37 AM</span>
						<span class='test-status right fail'>fail</span>
					</div>
					<div class='test-content hide'>
<div class='test-time-info'>
	<span class='label start-time'>Jan 30, 2023 10:21:37 AM</span>
	<span class='label end-time'>Jan 30, 2023 10:21:37 AM</span>
	<span class='label time-taken grey lighten-1 white-text'>0h 0m 0s+0ms</span>
</div>
<div class='test-desc'>TC_009: To Verfiy Advance search for firstname with ends with criteria </div>
<div class='test-steps'>
	<table class='bordered table-results'>
		<thead>
			<tr>
				<th>Status</th>
				<th>Timestamp</th>
				<th>Details</th>
			</tr>
		</thead>
		<tbody>
			<tr class='log' status='fail'>
				<td class='status fail' title='fail' alt='fail'><i class='material-icons'>cancel</i></td>
				<td class='timestamp'>10:22:02 AM</td>
				<td class='step-details'>
						<span class='badge white-text red'>validateAdvSearchForFirstNameEndsWithTenantuserPageTATest - Test Case Failed</span>
					
				</td>
			</tr>
			<tr class='log' status='fail'>
				<td class='status fail' title='fail' alt='fail'><i class='material-icons'>cancel</i></td>
				<td class='timestamp'>10:22:02 AM</td>
				<td class='step-details'>
						<span class='badge white-text red'>org.openqa.selenium.StaleElementReferenceException: stale element reference: element is not attached to the page document
  (Session info: chrome=109.0.5414.75)
For documentation on this error, please visit: https://www.seleniumhq.org/exceptions/stale_element_reference.html
Build info: version: '3.141.59', revision: 'e82be7d358', time: '2018-11-14T08:17:03'
System info: host: 'DESKTOP-5VHKQUJ', ip: '192.168.0.112', os.name: 'Windows 10', os.arch: 'amd64', os.version: '10.0', java.version: '16.0.2'
Driver info: org.openqa.selenium.chrome.ChromeDriver
Capabilities {acceptInsecureCerts: false, browserName: chrome, browserVersion: 109.0.5414.75, chrome: {chromedriverVersion: 109.0.5414.74 (e7c5703604da..., userDataDir: C:\Users\DELL\AppData\Local...}, goog:chromeOptions: {debuggerAddress: localhost:65246}, javascriptEnabled: true, networkConnectionEnabled: false, pageLoadStrategy: normal, platform: WINDOWS, platformName: WINDOWS, proxy: Proxy(), setWindowRect: true, strictFileInteractability: false, timeouts: {implicit: 0, pageLoad: 300000, script: 30000}, unhandledPromptBehavior: dismiss and notify, webauthn:extension:credBlob: true, webauthn:extension:largeBlob: true, webauthn:virtualAuthenticators: true}
Session ID: b97429c879a680d5c1ddecfba71c690f - Test Case Failed</span>
					
				</td>
			</tr>
			<tr class='log' status='fail'>
				<td class='status fail' title='fail' alt='fail'><i class='material-icons'>cancel</i></td>
				<td class='timestamp'>10:22:02 AM</td>
				<td class='step-details'>
						<a href='C:\Program Files\AutomationEdge\tools\apache-tomcat-9.0.36\logs\automationedge.log'> ViewAutomationEdgeLogs </a>
					
				</td>
			</tr>
		</tbody>
	</table>
</div>
						<ul class='screenshots'>
							<li><img class='r-img' onerror='this.style.display="none"' data-featherlight='F:\Automation Edge Project\AutomationEdgePortal_7.0(1)WorkSpace/Screenshots/validateAdvSearchForFirstNameEndsWithTenantuserPageTATest{2023-01-30-10-22-02}.png' src='F:\Automation Edge Project\AutomationEdgePortal_7.0(1)WorkSpace/Screenshots/validateAdvSearchForFirstNameEndsWithTenantuserPageTATest{2023-01-30-10-22-02}.png' data-src='F:\Automation Edge Project\AutomationEdgePortal_7.0(1)WorkSpace/Screenshots/validateAdvSearchForFirstNameEndsWithTenantuserPageTATest{2023-01-30-10-22-02}.png'></li>
						</ul>
					</div>
				</li>
				<li class='test displayed active  pass' status='pass' bdd='false' test-id='11'>
					<div class='test-heading'>
						<span class='test-name'>validateAdvSearchForLastNameEqualToTenantuserPageTATest</span>
						<span class='test-time'>Jan 30, 2023 10:22:09 AM</span>
						<span class='test-status right pass'>pass</span>
					</div>
					<div class='test-content hide'>
<div class='test-time-info'>
	<span class='label start-time'>Jan 30, 2023 10:22:09 AM</span>
	<span class='label end-time'>Jan 30, 2023 10:22:09 AM</span>
	<span class='label time-taken grey lighten-1 white-text'>0h 0m 0s+0ms</span>
</div>
<div class='test-desc'>TC_009: To Verfiy Advance search for lastname with equals criteria </div>
<div class='test-steps'>
	<table class='bordered table-results'>
		<thead>
			<tr>
				<th>Status</th>
				<th>Timestamp</th>
				<th>Details</th>
			</tr>
		</thead>
		<tbody>
			<tr class='log' status='pass'>
				<td class='status pass' title='pass' alt='pass'><i class='material-icons'>check_circle</i></td>
				<td class='timestamp'>10:22:30 AM</td>
				<td class='step-details'>
						Advance search for Last Name is validated successfully
					
				</td>
			</tr>
			<tr class='log' status='pass'>
				<td class='status pass' title='pass' alt='pass'><i class='material-icons'>check_circle</i></td>
				<td class='timestamp'>10:22:31 AM</td>
				<td class='step-details'>
						<span class='badge white-text green'>validateAdvSearchForLastNameEqualToTenantuserPageTATest Test Case PASSED</span>
					
				</td>
			</tr>
		</tbody>
	</table>
</div>
					</div>
				</li>
				<li class='test displayed active  fail' status='fail' bdd='false' test-id='12'>
					<div class='test-heading'>
						<span class='test-name'>validateAdvSearchForLastNameNotEqualToTenantuserPageTATest</span>
						<span class='test-time'>Jan 30, 2023 10:22:37 AM</span>
						<span class='test-status right fail'>fail</span>
					</div>
					<div class='test-content hide'>
<div class='test-time-info'>
	<span class='label start-time'>Jan 30, 2023 10:22:37 AM</span>
	<span class='label end-time'>Jan 30, 2023 10:22:37 AM</span>
	<span class='label time-taken grey lighten-1 white-text'>0h 0m 0s+0ms</span>
</div>
<div class='test-desc'>TC_009: To Verfiy Advance search for lastname with not equals criteria </div>
<div class='test-steps'>
	<table class='bordered table-results'>
		<thead>
			<tr>
				<th>Status</th>
				<th>Timestamp</th>
				<th>Details</th>
			</tr>
		</thead>
		<tbody>
			<tr class='log' status='fail'>
				<td class='status fail' title='fail' alt='fail'><i class='material-icons'>cancel</i></td>
				<td class='timestamp'>10:22:58 AM</td>
				<td class='step-details'>
						<span class='badge white-text red'>validateAdvSearchForLastNameNotEqualToTenantuserPageTATest - Test Case Failed</span>
					
				</td>
			</tr>
			<tr class='log' status='fail'>
				<td class='status fail' title='fail' alt='fail'><i class='material-icons'>cancel</i></td>
				<td class='timestamp'>10:22:58 AM</td>
				<td class='step-details'>
						<span class='badge white-text red'>org.openqa.selenium.StaleElementReferenceException: stale element reference: element is not attached to the page document
  (Session info: chrome=109.0.5414.75)
For documentation on this error, please visit: https://www.seleniumhq.org/exceptions/stale_element_reference.html
Build info: version: '3.141.59', revision: 'e82be7d358', time: '2018-11-14T08:17:03'
System info: host: 'DESKTOP-5VHKQUJ', ip: '192.168.0.112', os.name: 'Windows 10', os.arch: 'amd64', os.version: '10.0', java.version: '16.0.2'
Driver info: org.openqa.selenium.chrome.ChromeDriver
Capabilities {acceptInsecureCerts: false, browserName: chrome, browserVersion: 109.0.5414.75, chrome: {chromedriverVersion: 109.0.5414.74 (e7c5703604da..., userDataDir: C:\Users\DELL\AppData\Local...}, goog:chromeOptions: {debuggerAddress: localhost:65300}, javascriptEnabled: true, networkConnectionEnabled: false, pageLoadStrategy: normal, platform: WINDOWS, platformName: WINDOWS, proxy: Proxy(), setWindowRect: true, strictFileInteractability: false, timeouts: {implicit: 0, pageLoad: 300000, script: 30000}, unhandledPromptBehavior: dismiss and notify, webauthn:extension:credBlob: true, webauthn:extension:largeBlob: true, webauthn:virtualAuthenticators: true}
Session ID: f1719b58f518cf2bc882ccb73d07de08 - Test Case Failed</span>
					
				</td>
			</tr>
			<tr class='log' status='fail'>
				<td class='status fail' title='fail' alt='fail'><i class='material-icons'>cancel</i></td>
				<td class='timestamp'>10:22:58 AM</td>
				<td class='step-details'>
						<a href='C:\Program Files\AutomationEdge\tools\apache-tomcat-9.0.36\logs\automationedge.log'> ViewAutomationEdgeLogs </a>
					
				</td>
			</tr>
		</tbody>
	</table>
</div>
						<ul class='screenshots'>
							<li><img class='r-img' onerror='this.style.display="none"' data-featherlight='F:\Automation Edge Project\AutomationEdgePortal_7.0(1)WorkSpace/Screenshots/validateAdvSearchForLastNameNotEqualToTenantuserPageTATest{2023-01-30-10-22-58}.png' src='F:\Automation Edge Project\AutomationEdgePortal_7.0(1)WorkSpace/Screenshots/validateAdvSearchForLastNameNotEqualToTenantuserPageTATest{2023-01-30-10-22-58}.png' data-src='F:\Automation Edge Project\AutomationEdgePortal_7.0(1)WorkSpace/Screenshots/validateAdvSearchForLastNameNotEqualToTenantuserPageTATest{2023-01-30-10-22-58}.png'></li>
						</ul>
					</div>
				</li>
				<li class='test displayed active  fail' status='fail' bdd='false' test-id='13'>
					<div class='test-heading'>
						<span class='test-name'>validateAdvSearchForLastNameIsLikeTenantuserPageTATest</span>
						<span class='test-time'>Jan 30, 2023 10:23:02 AM</span>
						<span class='test-status right fail'>fail</span>
					</div>
					<div class='test-content hide'>
<div class='test-time-info'>
	<span class='label start-time'>Jan 30, 2023 10:23:02 AM</span>
	<span class='label end-time'>Jan 30, 2023 10:23:02 AM</span>
	<span class='label time-taken grey lighten-1 white-text'>0h 0m 0s+0ms</span>
</div>
<div class='test-desc'>TC_009: To Verfiy Advance search for lastname with Is like criteria </div>
<div class='test-steps'>
	<table class='bordered table-results'>
		<thead>
			<tr>
				<th>Status</th>
				<th>Timestamp</th>
				<th>Details</th>
			</tr>
		</thead>
		<tbody>
			<tr class='log' status='fail'>
				<td class='status fail' title='fail' alt='fail'><i class='material-icons'>cancel</i></td>
				<td class='timestamp'>10:23:27 AM</td>
				<td class='step-details'>
						<span class='badge white-text red'>validateAdvSearchForLastNameIsLikeTenantuserPageTATest - Test Case Failed</span>
					
				</td>
			</tr>
			<tr class='log' status='fail'>
				<td class='status fail' title='fail' alt='fail'><i class='material-icons'>cancel</i></td>
				<td class='timestamp'>10:23:27 AM</td>
				<td class='step-details'>
						<span class='badge white-text red'>org.openqa.selenium.StaleElementReferenceException: stale element reference: element is not attached to the page document
  (Session info: chrome=109.0.5414.75)
For documentation on this error, please visit: https://www.seleniumhq.org/exceptions/stale_element_reference.html
Build info: version: '3.141.59', revision: 'e82be7d358', time: '2018-11-14T08:17:03'
System info: host: 'DESKTOP-5VHKQUJ', ip: '192.168.0.112', os.name: 'Windows 10', os.arch: 'amd64', os.version: '10.0', java.version: '16.0.2'
Driver info: org.openqa.selenium.chrome.ChromeDriver
Capabilities {acceptInsecureCerts: false, browserName: chrome, browserVersion: 109.0.5414.75, chrome: {chromedriverVersion: 109.0.5414.74 (e7c5703604da..., userDataDir: C:\Users\DELL\AppData\Local...}, goog:chromeOptions: {debuggerAddress: localhost:65326}, javascriptEnabled: true, networkConnectionEnabled: false, pageLoadStrategy: normal, platform: WINDOWS, platformName: WINDOWS, proxy: Proxy(), setWindowRect: true, strictFileInteractability: false, timeouts: {implicit: 0, pageLoad: 300000, script: 30000}, unhandledPromptBehavior: dismiss and notify, webauthn:extension:credBlob: true, webauthn:extension:largeBlob: true, webauthn:virtualAuthenticators: true}
Session ID: 31e25c799c5b5edf11401059af625794 - Test Case Failed</span>
					
				</td>
			</tr>
			<tr class='log' status='fail'>
				<td class='status fail' title='fail' alt='fail'><i class='material-icons'>cancel</i></td>
				<td class='timestamp'>10:23:27 AM</td>
				<td class='step-details'>
						<a href='C:\Program Files\AutomationEdge\tools\apache-tomcat-9.0.36\logs\automationedge.log'> ViewAutomationEdgeLogs </a>
					
				</td>
			</tr>
		</tbody>
	</table>
</div>
						<ul class='screenshots'>
							<li><img class='r-img' onerror='this.style.display="none"' data-featherlight='F:\Automation Edge Project\AutomationEdgePortal_7.0(1)WorkSpace/Screenshots/validateAdvSearchForLastNameIsLikeTenantuserPageTATest{2023-01-30-10-23-27}.png' src='F:\Automation Edge Project\AutomationEdgePortal_7.0(1)WorkSpace/Screenshots/validateAdvSearchForLastNameIsLikeTenantuserPageTATest{2023-01-30-10-23-27}.png' data-src='F:\Automation Edge Project\AutomationEdgePortal_7.0(1)WorkSpace/Screenshots/validateAdvSearchForLastNameIsLikeTenantuserPageTATest{2023-01-30-10-23-27}.png'></li>
						</ul>
					</div>
				</li>
				<li class='test displayed active  fail' status='fail' bdd='false' test-id='14'>
					<div class='test-heading'>
						<span class='test-name'>validateAdvSearchForLastNameBeginsWithTenantuserPageTATest</span>
						<span class='test-time'>Jan 30, 2023 10:23:33 AM</span>
						<span class='test-status right fail'>fail</span>
					</div>
					<div class='test-content hide'>
<div class='test-time-info'>
	<span class='label start-time'>Jan 30, 2023 10:23:33 AM</span>
	<span class='label end-time'>Jan 30, 2023 10:23:33 AM</span>
	<span class='label time-taken grey lighten-1 white-text'>0h 0m 0s+0ms</span>
</div>
<div class='test-desc'>TC_009: To Verfiy Advance search for lastname with begins with criteria </div>
<div class='test-steps'>
	<table class='bordered table-results'>
		<thead>
			<tr>
				<th>Status</th>
				<th>Timestamp</th>
				<th>Details</th>
			</tr>
		</thead>
		<tbody>
			<tr class='log' status='fail'>
				<td class='status fail' title='fail' alt='fail'><i class='material-icons'>cancel</i></td>
				<td class='timestamp'>10:23:55 AM</td>
				<td class='step-details'>
						<span class='badge white-text red'>validateAdvSearchForLastNameBeginsWithTenantuserPageTATest - Test Case Failed</span>
					
				</td>
			</tr>
			<tr class='log' status='fail'>
				<td class='status fail' title='fail' alt='fail'><i class='material-icons'>cancel</i></td>
				<td class='timestamp'>10:23:55 AM</td>
				<td class='step-details'>
						<span class='badge white-text red'>org.openqa.selenium.StaleElementReferenceException: stale element reference: element is not attached to the page document
  (Session info: chrome=109.0.5414.75)
For documentation on this error, please visit: https://www.seleniumhq.org/exceptions/stale_element_reference.html
Build info: version: '3.141.59', revision: 'e82be7d358', time: '2018-11-14T08:17:03'
System info: host: 'DESKTOP-5VHKQUJ', ip: '192.168.0.112', os.name: 'Windows 10', os.arch: 'amd64', os.version: '10.0', java.version: '16.0.2'
Driver info: org.openqa.selenium.chrome.ChromeDriver
Capabilities {acceptInsecureCerts: false, browserName: chrome, browserVersion: 109.0.5414.75, chrome: {chromedriverVersion: 109.0.5414.74 (e7c5703604da..., userDataDir: C:\Users\DELL\AppData\Local...}, goog:chromeOptions: {debuggerAddress: localhost:65357}, javascriptEnabled: true, networkConnectionEnabled: false, pageLoadStrategy: normal, platform: WINDOWS, platformName: WINDOWS, proxy: Proxy(), setWindowRect: true, strictFileInteractability: false, timeouts: {implicit: 0, pageLoad: 300000, script: 30000}, unhandledPromptBehavior: dismiss and notify, webauthn:extension:credBlob: true, webauthn:extension:largeBlob: true, webauthn:virtualAuthenticators: true}
Session ID: 59818cd357e463677d92f68bf7eca7a5 - Test Case Failed</span>
					
				</td>
			</tr>
			<tr class='log' status='fail'>
				<td class='status fail' title='fail' alt='fail'><i class='material-icons'>cancel</i></td>
				<td class='timestamp'>10:23:55 AM</td>
				<td class='step-details'>
						<a href='C:\Program Files\AutomationEdge\tools\apache-tomcat-9.0.36\logs\automationedge.log'> ViewAutomationEdgeLogs </a>
					
				</td>
			</tr>
		</tbody>
	</table>
</div>
						<ul class='screenshots'>
							<li><img class='r-img' onerror='this.style.display="none"' data-featherlight='F:\Automation Edge Project\AutomationEdgePortal_7.0(1)WorkSpace/Screenshots/validateAdvSearchForLastNameBeginsWithTenantuserPageTATest{2023-01-30-10-23-55}.png' src='F:\Automation Edge Project\AutomationEdgePortal_7.0(1)WorkSpace/Screenshots/validateAdvSearchForLastNameBeginsWithTenantuserPageTATest{2023-01-30-10-23-55}.png' data-src='F:\Automation Edge Project\AutomationEdgePortal_7.0(1)WorkSpace/Screenshots/validateAdvSearchForLastNameBeginsWithTenantuserPageTATest{2023-01-30-10-23-55}.png'></li>
						</ul>
					</div>
				</li>
				<li class='test displayed active  fail' status='fail' bdd='false' test-id='15'>
					<div class='test-heading'>
						<span class='test-name'>validateAdvSearchForLastNameEndsWithTAdminTenantuserPageTest</span>
						<span class='test-time'>Jan 30, 2023 10:24:01 AM</span>
						<span class='test-status right fail'>fail</span>
					</div>
					<div class='test-content hide'>
<div class='test-time-info'>
	<span class='label start-time'>Jan 30, 2023 10:24:01 AM</span>
	<span class='label end-time'>Jan 30, 2023 10:24:01 AM</span>
	<span class='label time-taken grey lighten-1 white-text'>0h 0m 0s+0ms</span>
</div>
<div class='test-desc'>TC_009: To Verfiy Advance search for lastname with ends with criteria </div>
<div class='test-steps'>
	<table class='bordered table-results'>
		<thead>
			<tr>
				<th>Status</th>
				<th>Timestamp</th>
				<th>Details</th>
			</tr>
		</thead>
		<tbody>
			<tr class='log' status='fail'>
				<td class='status fail' title='fail' alt='fail'><i class='material-icons'>cancel</i></td>
				<td class='timestamp'>10:24:26 AM</td>
				<td class='step-details'>
						<span class='badge white-text red'>validateAdvSearchForLastNameEndsWithTAdminTenantuserPageTest - Test Case Failed</span>
					
				</td>
			</tr>
			<tr class='log' status='fail'>
				<td class='status fail' title='fail' alt='fail'><i class='material-icons'>cancel</i></td>
				<td class='timestamp'>10:24:26 AM</td>
				<td class='step-details'>
						<span class='badge white-text red'>org.openqa.selenium.StaleElementReferenceException: stale element reference: element is not attached to the page document
  (Session info: chrome=109.0.5414.75)
For documentation on this error, please visit: https://www.seleniumhq.org/exceptions/stale_element_reference.html
Build info: version: '3.141.59', revision: 'e82be7d358', time: '2018-11-14T08:17:03'
System info: host: 'DESKTOP-5VHKQUJ', ip: '192.168.0.112', os.name: 'Windows 10', os.arch: 'amd64', os.version: '10.0', java.version: '16.0.2'
Driver info: org.openqa.selenium.chrome.ChromeDriver
Capabilities {acceptInsecureCerts: false, browserName: chrome, browserVersion: 109.0.5414.75, chrome: {chromedriverVersion: 109.0.5414.74 (e7c5703604da..., userDataDir: C:\Users\DELL\AppData\Local...}, goog:chromeOptions: {debuggerAddress: localhost:65380}, javascriptEnabled: true, networkConnectionEnabled: false, pageLoadStrategy: normal, platform: WINDOWS, platformName: WINDOWS, proxy: Proxy(), setWindowRect: true, strictFileInteractability: false, timeouts: {implicit: 0, pageLoad: 300000, script: 30000}, unhandledPromptBehavior: dismiss and notify, webauthn:extension:credBlob: true, webauthn:extension:largeBlob: true, webauthn:virtualAuthenticators: true}
Session ID: 5d00692cd1ddb074785f34881786aa34 - Test Case Failed</span>
					
				</td>
			</tr>
			<tr class='log' status='fail'>
				<td class='status fail' title='fail' alt='fail'><i class='material-icons'>cancel</i></td>
				<td class='timestamp'>10:24:26 AM</td>
				<td class='step-details'>
						<a href='C:\Program Files\AutomationEdge\tools\apache-tomcat-9.0.36\logs\automationedge.log'> ViewAutomationEdgeLogs </a>
					
				</td>
			</tr>
		</tbody>
	</table>
</div>
						<ul class='screenshots'>
							<li><img class='r-img' onerror='this.style.display="none"' data-featherlight='F:\Automation Edge Project\AutomationEdgePortal_7.0(1)WorkSpace/Screenshots/validateAdvSearchForLastNameEndsWithTAdminTenantuserPageTest{2023-01-30-10-24-26}.png' src='F:\Automation Edge Project\AutomationEdgePortal_7.0(1)WorkSpace/Screenshots/validateAdvSearchForLastNameEndsWithTAdminTenantuserPageTest{2023-01-30-10-24-26}.png' data-src='F:\Automation Edge Project\AutomationEdgePortal_7.0(1)WorkSpace/Screenshots/validateAdvSearchForLastNameEndsWithTAdminTenantuserPageTest{2023-01-30-10-24-26}.png'></li>
						</ul>
					</div>
				</li>
				<li class='test displayed active  pass' status='pass' bdd='false' test-id='16'>
					<div class='test-heading'>
						<span class='test-name'>validateCreatedEqualToTenantuserPageTATest</span>
						<span class='test-time'>Jan 30, 2023 10:24:31 AM</span>
						<span class='test-status right pass'>pass</span>
					</div>
					<div class='test-content hide'>
<div class='test-time-info'>
	<span class='label start-time'>Jan 30, 2023 10:24:31 AM</span>
	<span class='label end-time'>Jan 30, 2023 10:24:31 AM</span>
	<span class='label time-taken grey lighten-1 white-text'>0h 0m 0s+0ms</span>
</div>
<div class='test-desc'>TC_003: To Verfiy Advance search for Tenant name with is like criteria and Created in between criteria </div>
<div class='test-steps'>
	<table class='bordered table-results'>
		<thead>
			<tr>
				<th>Status</th>
				<th>Timestamp</th>
				<th>Details</th>
			</tr>
		</thead>
		<tbody>
			<tr class='log' status='pass'>
				<td class='status pass' title='pass' alt='pass'><i class='material-icons'>check_circle</i></td>
				<td class='timestamp'>10:25:31 AM</td>
				<td class='step-details'>
						Advance search for Tenant names is like and created in between criteria validated successfully
					
				</td>
			</tr>
			<tr class='log' status='pass'>
				<td class='status pass' title='pass' alt='pass'><i class='material-icons'>check_circle</i></td>
				<td class='timestamp'>10:25:32 AM</td>
				<td class='step-details'>
						<span class='badge white-text green'>validateCreatedEqualToTenantuserPageTATest Test Case PASSED</span>
					
				</td>
			</tr>
		</tbody>
	</table>
</div>
					</div>
				</li>
				<li class='test displayed active  pass' status='pass' bdd='false' test-id='17'>
					<div class='test-heading'>
						<span class='test-name'>validateCreatedBeforeTenantuserPageTATest</span>
						<span class='test-time'>Jan 30, 2023 10:25:48 AM</span>
						<span class='test-status right pass'>pass</span>
					</div>
					<div class='test-content hide'>
<div class='test-time-info'>
	<span class='label start-time'>Jan 30, 2023 10:25:48 AM</span>
	<span class='label end-time'>Jan 30, 2023 10:25:48 AM</span>
	<span class='label time-taken grey lighten-1 white-text'>0h 0m 0s+0ms</span>
</div>
<div class='test-desc'>TC_003: To Verfiy Advance search for Tenant name with is like criteria and Created in between criteria </div>
<div class='test-steps'>
	<table class='bordered table-results'>
		<thead>
			<tr>
				<th>Status</th>
				<th>Timestamp</th>
				<th>Details</th>
			</tr>
		</thead>
		<tbody>
			<tr class='log' status='pass'>
				<td class='status pass' title='pass' alt='pass'><i class='material-icons'>check_circle</i></td>
				<td class='timestamp'>10:26:49 AM</td>
				<td class='step-details'>
						Advance search for Tenant names is like and created in between criteria validated successfully
					
				</td>
			</tr>
			<tr class='log' status='pass'>
				<td class='status pass' title='pass' alt='pass'><i class='material-icons'>check_circle</i></td>
				<td class='timestamp'>10:26:50 AM</td>
				<td class='step-details'>
						<span class='badge white-text green'>validateCreatedBeforeTenantuserPageTATest Test Case PASSED</span>
					
				</td>
			</tr>
		</tbody>
	</table>
</div>
					</div>
				</li>
				<li class='test displayed active  pass' status='pass' bdd='false' test-id='18'>
					<div class='test-heading'>
						<span class='test-name'>validateCreatedAfterTenantuserPageTATest</span>
						<span class='test-time'>Jan 30, 2023 10:26:56 AM</span>
						<span class='test-status right pass'>pass</span>
					</div>
					<div class='test-content hide'>
<div class='test-time-info'>
	<span class='label start-time'>Jan 30, 2023 10:26:56 AM</span>
	<span class='label end-time'>Jan 30, 2023 10:26:56 AM</span>
	<span class='label time-taken grey lighten-1 white-text'>0h 0m 0s+0ms</span>
</div>
<div class='test-desc'>TC_003: To Verfiy Advance search for Tenant name with is like criteria and Created in between criteria </div>
<div class='test-steps'>
	<table class='bordered table-results'>
		<thead>
			<tr>
				<th>Status</th>
				<th>Timestamp</th>
				<th>Details</th>
			</tr>
		</thead>
		<tbody>
			<tr class='log' status='pass'>
				<td class='status pass' title='pass' alt='pass'><i class='material-icons'>check_circle</i></td>
				<td class='timestamp'>10:27:57 AM</td>
				<td class='step-details'>
						Advance search for Tenant names is like and created in between criteria validated successfully
					
				</td>
			</tr>
			<tr class='log' status='pass'>
				<td class='status pass' title='pass' alt='pass'><i class='material-icons'>check_circle</i></td>
				<td class='timestamp'>10:27:58 AM</td>
				<td class='step-details'>
						<span class='badge white-text green'>validateCreatedAfterTenantuserPageTATest Test Case PASSED</span>
					
				</td>
			</tr>
		</tbody>
	</table>
</div>
					</div>
				</li>
				<li class='test displayed active  pass' status='pass' bdd='false' test-id='19'>
					<div class='test-heading'>
						<span class='test-name'>validateCreatedInBetweenTenantuserPageTATest</span>
						<span class='test-time'>Jan 30, 2023 10:28:04 AM</span>
						<span class='test-status right pass'>pass</span>
					</div>
					<div class='test-content hide'>
<div class='test-time-info'>
	<span class='label start-time'>Jan 30, 2023 10:28:04 AM</span>
	<span class='label end-time'>Jan 30, 2023 10:28:04 AM</span>
	<span class='label time-taken grey lighten-1 white-text'>0h 0m 0s+0ms</span>
</div>
<div class='test-desc'>TC_003: To Verfiy Advance search for Tenant name with is like criteria and Created in between criteria </div>
<div class='test-steps'>
	<table class='bordered table-results'>
		<thead>
			<tr>
				<th>Status</th>
				<th>Timestamp</th>
				<th>Details</th>
			</tr>
		</thead>
		<tbody>
			<tr class='log' status='pass'>
				<td class='status pass' title='pass' alt='pass'><i class='material-icons'>check_circle</i></td>
				<td class='timestamp'>10:29:08 AM</td>
				<td class='step-details'>
						Advance search for Tenant names is like and created in between criteria validated successfully
					
				</td>
			</tr>
			<tr class='log' status='pass'>
				<td class='status pass' title='pass' alt='pass'><i class='material-icons'>check_circle</i></td>
				<td class='timestamp'>10:29:09 AM</td>
				<td class='step-details'>
						<span class='badge white-text green'>validateCreatedInBetweenTenantuserPageTATest Test Case PASSED</span>
					
				</td>
			</tr>
		</tbody>
	</table>
</div>
					</div>
				</li>
				<li class='test displayed active  pass' status='pass' bdd='false' test-id='20'>
					<div class='test-heading'>
						<span class='test-name'>validateCreatedNotInBetweenTenantuserPageTATest</span>
						<span class='test-time'>Jan 30, 2023 10:29:13 AM</span>
						<span class='test-status right pass'>pass</span>
					</div>
					<div class='test-content hide'>
<div class='test-time-info'>
	<span class='label start-time'>Jan 30, 2023 10:29:13 AM</span>
	<span class='label end-time'>Jan 30, 2023 10:29:13 AM</span>
	<span class='label time-taken grey lighten-1 white-text'>0h 0m 0s+0ms</span>
</div>
<div class='test-desc'>TC_003: To Verfiy Advance search for Tenant name with is like criteria and Created in between criteria </div>
<div class='test-steps'>
	<table class='bordered table-results'>
		<thead>
			<tr>
				<th>Status</th>
				<th>Timestamp</th>
				<th>Details</th>
			</tr>
		</thead>
		<tbody>
			<tr class='log' status='pass'>
				<td class='status pass' title='pass' alt='pass'><i class='material-icons'>check_circle</i></td>
				<td class='timestamp'>10:30:17 AM</td>
				<td class='step-details'>
						Advance search for Tenant names is like and created in between criteria validated successfully
					
				</td>
			</tr>
			<tr class='log' status='pass'>
				<td class='status pass' title='pass' alt='pass'><i class='material-icons'>check_circle</i></td>
				<td class='timestamp'>10:30:18 AM</td>
				<td class='step-details'>
						<span class='badge white-text green'>validateCreatedNotInBetweenTenantuserPageTATest Test Case PASSED</span>
					
				</td>
			</tr>
		</tbody>
	</table>
</div>
					</div>
				</li>
				<li class='test displayed active  pass' status='pass' bdd='false' test-id='21'>
					<div class='test-heading'>
						<span class='test-name'>validateLastUpdatedCreatedEqualToTenantuserPageTATest</span>
						<span class='test-time'>Jan 30, 2023 10:30:22 AM</span>
						<span class='test-status right pass'>pass</span>
					</div>
					<div class='test-content hide'>
<div class='test-time-info'>
	<span class='label start-time'>Jan 30, 2023 10:30:22 AM</span>
	<span class='label end-time'>Jan 30, 2023 10:30:22 AM</span>
	<span class='label time-taken grey lighten-1 white-text'>0h 0m 0s+0ms</span>
</div>
<div class='test-desc'>TC_003: To Verfiy Advance search for Tenant name with is like criteria and Created in between criteria </div>
<div class='test-steps'>
	<table class='bordered table-results'>
		<thead>
			<tr>
				<th>Status</th>
				<th>Timestamp</th>
				<th>Details</th>
			</tr>
		</thead>
		<tbody>
			<tr class='log' status='pass'>
				<td class='status pass' title='pass' alt='pass'><i class='material-icons'>check_circle</i></td>
				<td class='timestamp'>10:31:17 AM</td>
				<td class='step-details'>
						Advance search for Tenant names is like and created in between criteria validated successfully
					
				</td>
			</tr>
			<tr class='log' status='pass'>
				<td class='status pass' title='pass' alt='pass'><i class='material-icons'>check_circle</i></td>
				<td class='timestamp'>10:31:18 AM</td>
				<td class='step-details'>
						<span class='badge white-text green'>validateLastUpdatedCreatedEqualToTenantuserPageTATest Test Case PASSED</span>
					
				</td>
			</tr>
		</tbody>
	</table>
</div>
					</div>
				</li>
				<li class='test displayed active  pass' status='pass' bdd='false' test-id='22'>
					<div class='test-heading'>
						<span class='test-name'>validateLastUpdatedCreatedBeforeTenantuserPageTATest</span>
						<span class='test-time'>Jan 30, 2023 10:31:24 AM</span>
						<span class='test-status right pass'>pass</span>
					</div>
					<div class='test-content hide'>
<div class='test-time-info'>
	<span class='label start-time'>Jan 30, 2023 10:31:24 AM</span>
	<span class='label end-time'>Jan 30, 2023 10:31:24 AM</span>
	<span class='label time-taken grey lighten-1 white-text'>0h 0m 0s+0ms</span>
</div>
<div class='test-desc'>TC_003: To Verfiy Advance search for Tenant name with is like criteria and Created in between criteria </div>
<div class='test-steps'>
	<table class='bordered table-results'>
		<thead>
			<tr>
				<th>Status</th>
				<th>Timestamp</th>
				<th>Details</th>
			</tr>
		</thead>
		<tbody>
			<tr class='log' status='pass'>
				<td class='status pass' title='pass' alt='pass'><i class='material-icons'>check_circle</i></td>
				<td class='timestamp'>10:32:19 AM</td>
				<td class='step-details'>
						Advance search for Tenant names is like and created in between criteria validated successfully
					
				</td>
			</tr>
			<tr class='log' status='pass'>
				<td class='status pass' title='pass' alt='pass'><i class='material-icons'>check_circle</i></td>
				<td class='timestamp'>10:32:19 AM</td>
				<td class='step-details'>
						<span class='badge white-text green'>validateLastUpdatedCreatedBeforeTenantuserPageTATest Test Case PASSED</span>
					
				</td>
			</tr>
		</tbody>
	</table>
</div>
					</div>
				</li>
				<li class='test displayed active  pass' status='pass' bdd='false' test-id='23'>
					<div class='test-heading'>
						<span class='test-name'>validateLastUpdatedCreatedAfterTenantuserPageTATest</span>
						<span class='test-time'>Jan 30, 2023 10:32:26 AM</span>
						<span class='test-status right pass'>pass</span>
					</div>
					<div class='test-content hide'>
<div class='test-time-info'>
	<span class='label start-time'>Jan 30, 2023 10:32:26 AM</span>
	<span class='label end-time'>Jan 30, 2023 10:32:26 AM</span>
	<span class='label time-taken grey lighten-1 white-text'>0h 0m 0s+0ms</span>
</div>
<div class='test-desc'>TC_003: To Verfiy Advance search for Tenant name with is like criteria and Created in between criteria </div>
<div class='test-steps'>
	<table class='bordered table-results'>
		<thead>
			<tr>
				<th>Status</th>
				<th>Timestamp</th>
				<th>Details</th>
			</tr>
		</thead>
		<tbody>
			<tr class='log' status='pass'>
				<td class='status pass' title='pass' alt='pass'><i class='material-icons'>check_circle</i></td>
				<td class='timestamp'>10:33:26 AM</td>
				<td class='step-details'>
						Advance search for Tenant names is like and created in between criteria validated successfully
					
				</td>
			</tr>
			<tr class='log' status='pass'>
				<td class='status pass' title='pass' alt='pass'><i class='material-icons'>check_circle</i></td>
				<td class='timestamp'>10:33:27 AM</td>
				<td class='step-details'>
						<span class='badge white-text green'>validateLastUpdatedCreatedAfterTenantuserPageTATest Test Case PASSED</span>
					
				</td>
			</tr>
		</tbody>
	</table>
</div>
					</div>
				</li>
				<li class='test displayed active  pass' status='pass' bdd='false' test-id='24'>
					<div class='test-heading'>
						<span class='test-name'>validateLastUpdatedCreatedInBetweenTenantuserPageTATest</span>
						<span class='test-time'>Jan 30, 2023 10:33:31 AM</span>
						<span class='test-status right pass'>pass</span>
					</div>
					<div class='test-content hide'>
<div class='test-time-info'>
	<span class='label start-time'>Jan 30, 2023 10:33:31 AM</span>
	<span class='label end-time'>Jan 30, 2023 10:33:31 AM</span>
	<span class='label time-taken grey lighten-1 white-text'>0h 0m 0s+0ms</span>
</div>
<div class='test-desc'>TC_003: To Verfiy Advance search for Tenant name with is like criteria and Created in between criteria </div>
<div class='test-steps'>
	<table class='bordered table-results'>
		<thead>
			<tr>
				<th>Status</th>
				<th>Timestamp</th>
				<th>Details</th>
			</tr>
		</thead>
		<tbody>
			<tr class='log' status='pass'>
				<td class='status pass' title='pass' alt='pass'><i class='material-icons'>check_circle</i></td>
				<td class='timestamp'>10:34:32 AM</td>
				<td class='step-details'>
						Advance search for Tenant names is like and created in between criteria validated successfully
					
				</td>
			</tr>
			<tr class='log' status='pass'>
				<td class='status pass' title='pass' alt='pass'><i class='material-icons'>check_circle</i></td>
				<td class='timestamp'>10:34:33 AM</td>
				<td class='step-details'>
						<span class='badge white-text green'>validateLastUpdatedCreatedInBetweenTenantuserPageTATest Test Case PASSED</span>
					
				</td>
			</tr>
		</tbody>
	</table>
</div>
					</div>
				</li>
				<li class='test displayed active  pass' status='pass' bdd='false' test-id='25'>
					<div class='test-heading'>
						<span class='test-name'>validateLastUpdatedCreatedNotInBetweenTenantuserPageTATest</span>
						<span class='test-time'>Jan 30, 2023 10:34:39 AM</span>
						<span class='test-status right pass'>pass</span>
					</div>
					<div class='test-content hide'>
<div class='test-time-info'>
	<span class='label start-time'>Jan 30, 2023 10:34:39 AM</span>
	<span class='label end-time'>Jan 30, 2023 10:34:39 AM</span>
	<span class='label time-taken grey lighten-1 white-text'>0h 0m 0s+0ms</span>
</div>
<div class='test-desc'>TC_003: To Verfiy Advance search for Tenant name with is like criteria and Created in between criteria </div>
<div class='test-steps'>
	<table class='bordered table-results'>
		<thead>
			<tr>
				<th>Status</th>
				<th>Timestamp</th>
				<th>Details</th>
			</tr>
		</thead>
		<tbody>
			<tr class='log' status='pass'>
				<td class='status pass' title='pass' alt='pass'><i class='material-icons'>check_circle</i></td>
				<td class='timestamp'>10:35:44 AM</td>
				<td class='step-details'>
						Advance search for Tenant names is like and created in between criteria validated successfully
					
				</td>
			</tr>
			<tr class='log' status='pass'>
				<td class='status pass' title='pass' alt='pass'><i class='material-icons'>check_circle</i></td>
				<td class='timestamp'>10:35:44 AM</td>
				<td class='step-details'>
						<span class='badge white-text green'>validateLastUpdatedCreatedNotInBetweenTenantuserPageTATest Test Case PASSED</span>
					
				</td>
			</tr>
		</tbody>
	</table>
</div>
					</div>
				</li>
				<li class='test displayed active  fail' status='fail' bdd='false' test-id='26'>
					<div class='test-heading'>
						<span class='test-name'>validateStateDropdownEqualToTenantuserPageTATest</span>
						<span class='test-time'>Jan 30, 2023 10:35:51 AM</span>
						<span class='test-status right fail'>fail</span>
					</div>
					<div class='test-content hide'>
<div class='test-time-info'>
	<span class='label start-time'>Jan 30, 2023 10:35:51 AM</span>
	<span class='label end-time'>Jan 30, 2023 10:35:51 AM</span>
	<span class='label time-taken grey lighten-1 white-text'>0h 0m 0s+0ms</span>
</div>
<div class='test-desc'>TC_009: To Verfiy Advance search for Org Code and created date with equals criteria </div>
<div class='test-steps'>
	<table class='bordered table-results'>
		<thead>
			<tr>
				<th>Status</th>
				<th>Timestamp</th>
				<th>Details</th>
			</tr>
		</thead>
		<tbody>
			<tr class='log' status='fail'>
				<td class='status fail' title='fail' alt='fail'><i class='material-icons'>cancel</i></td>
				<td class='timestamp'>10:36:18 AM</td>
				<td class='step-details'>
						<span class='badge white-text red'>validateStateDropdownEqualToTenantuserPageTATest - Test Case Failed</span>
					
				</td>
			</tr>
			<tr class='log' status='fail'>
				<td class='status fail' title='fail' alt='fail'><i class='material-icons'>cancel</i></td>
				<td class='timestamp'>10:36:18 AM</td>
				<td class='step-details'>
						<span class='badge white-text red'>org.openqa.selenium.StaleElementReferenceException: stale element reference: element is not attached to the page document
  (Session info: chrome=109.0.5414.75)
For documentation on this error, please visit: https://www.seleniumhq.org/exceptions/stale_element_reference.html
Build info: version: '3.141.59', revision: 'e82be7d358', time: '2018-11-14T08:17:03'
System info: host: 'DESKTOP-5VHKQUJ', ip: '192.168.0.112', os.name: 'Windows 10', os.arch: 'amd64', os.version: '10.0', java.version: '16.0.2'
Driver info: org.openqa.selenium.chrome.ChromeDriver
Capabilities {acceptInsecureCerts: false, browserName: chrome, browserVersion: 109.0.5414.75, chrome: {chromedriverVersion: 109.0.5414.74 (e7c5703604da..., userDataDir: C:\Users\DELL\AppData\Local...}, goog:chromeOptions: {debuggerAddress: localhost:49543}, javascriptEnabled: true, networkConnectionEnabled: false, pageLoadStrategy: normal, platform: WINDOWS, platformName: WINDOWS, proxy: Proxy(), setWindowRect: true, strictFileInteractability: false, timeouts: {implicit: 0, pageLoad: 300000, script: 30000}, unhandledPromptBehavior: dismiss and notify, webauthn:extension:credBlob: true, webauthn:extension:largeBlob: true, webauthn:virtualAuthenticators: true}
Session ID: 762767711d1285fe07057eae65657498 - Test Case Failed</span>
					
				</td>
			</tr>
			<tr class='log' status='fail'>
				<td class='status fail' title='fail' alt='fail'><i class='material-icons'>cancel</i></td>
				<td class='timestamp'>10:36:18 AM</td>
				<td class='step-details'>
						<a href='C:\Program Files\AutomationEdge\tools\apache-tomcat-9.0.36\logs\automationedge.log'> ViewAutomationEdgeLogs </a>
					
				</td>
			</tr>
		</tbody>
	</table>
</div>
						<ul class='screenshots'>
							<li><img class='r-img' onerror='this.style.display="none"' data-featherlight='F:\Automation Edge Project\AutomationEdgePortal_7.0(1)WorkSpace/Screenshots/validateStateDropdownEqualToTenantuserPageTATest{2023-01-30-10-36-18}.png' src='F:\Automation Edge Project\AutomationEdgePortal_7.0(1)WorkSpace/Screenshots/validateStateDropdownEqualToTenantuserPageTATest{2023-01-30-10-36-18}.png' data-src='F:\Automation Edge Project\AutomationEdgePortal_7.0(1)WorkSpace/Screenshots/validateStateDropdownEqualToTenantuserPageTATest{2023-01-30-10-36-18}.png'></li>
						</ul>
					</div>
				</li>
				<li class='test displayed active  fail' status='fail' bdd='false' test-id='27'>
					<div class='test-heading'>
						<span class='test-name'>validateStateDropdownNotEqualToTenantuserPageTATest</span>
						<span class='test-time'>Jan 30, 2023 10:36:23 AM</span>
						<span class='test-status right fail'>fail</span>
					</div>
					<div class='test-content hide'>
<div class='test-time-info'>
	<span class='label start-time'>Jan 30, 2023 10:36:23 AM</span>
	<span class='label end-time'>Jan 30, 2023 10:36:23 AM</span>
	<span class='label time-taken grey lighten-1 white-text'>0h 0m 0s+0ms</span>
</div>
<div class='test-desc'>TC_009: To Verfiy Advance search for Org Code and created date with equals criteria </div>
<div class='test-steps'>
	<table class='bordered table-results'>
		<thead>
			<tr>
				<th>Status</th>
				<th>Timestamp</th>
				<th>Details</th>
			</tr>
		</thead>
		<tbody>
			<tr class='log' status='fail'>
				<td class='status fail' title='fail' alt='fail'><i class='material-icons'>cancel</i></td>
				<td class='timestamp'>10:36:45 AM</td>
				<td class='step-details'>
						<span class='badge white-text red'>validateStateDropdownNotEqualToTenantuserPageTATest - Test Case Failed</span>
					
				</td>
			</tr>
			<tr class='log' status='fail'>
				<td class='status fail' title='fail' alt='fail'><i class='material-icons'>cancel</i></td>
				<td class='timestamp'>10:36:45 AM</td>
				<td class='step-details'>
						<span class='badge white-text red'>org.openqa.selenium.StaleElementReferenceException: stale element reference: element is not attached to the page document
  (Session info: chrome=109.0.5414.75)
For documentation on this error, please visit: https://www.seleniumhq.org/exceptions/stale_element_reference.html
Build info: version: '3.141.59', revision: 'e82be7d358', time: '2018-11-14T08:17:03'
System info: host: 'DESKTOP-5VHKQUJ', ip: '192.168.0.112', os.name: 'Windows 10', os.arch: 'amd64', os.version: '10.0', java.version: '16.0.2'
Driver info: org.openqa.selenium.chrome.ChromeDriver
Capabilities {acceptInsecureCerts: false, browserName: chrome, browserVersion: 109.0.5414.75, chrome: {chromedriverVersion: 109.0.5414.74 (e7c5703604da..., userDataDir: C:\Users\DELL\AppData\Local...}, goog:chromeOptions: {debuggerAddress: localhost:49573}, javascriptEnabled: true, networkConnectionEnabled: false, pageLoadStrategy: normal, platform: WINDOWS, platformName: WINDOWS, proxy: Proxy(), setWindowRect: true, strictFileInteractability: false, timeouts: {implicit: 0, pageLoad: 300000, script: 30000}, unhandledPromptBehavior: dismiss and notify, webauthn:extension:credBlob: true, webauthn:extension:largeBlob: true, webauthn:virtualAuthenticators: true}
Session ID: 914620b28f6281a042a0b3f6e3e79bed - Test Case Failed</span>
					
				</td>
			</tr>
			<tr class='log' status='fail'>
				<td class='status fail' title='fail' alt='fail'><i class='material-icons'>cancel</i></td>
				<td class='timestamp'>10:36:45 AM</td>
				<td class='step-details'>
						<a href='C:\Program Files\AutomationEdge\tools\apache-tomcat-9.0.36\logs\automationedge.log'> ViewAutomationEdgeLogs </a>
					
				</td>
			</tr>
		</tbody>
	</table>
</div>
						<ul class='screenshots'>
							<li><img class='r-img' onerror='this.style.display="none"' data-featherlight='F:\Automation Edge Project\AutomationEdgePortal_7.0(1)WorkSpace/Screenshots/validateStateDropdownNotEqualToTenantuserPageTATest{2023-01-30-10-36-45}.png' src='F:\Automation Edge Project\AutomationEdgePortal_7.0(1)WorkSpace/Screenshots/validateStateDropdownNotEqualToTenantuserPageTATest{2023-01-30-10-36-45}.png' data-src='F:\Automation Edge Project\AutomationEdgePortal_7.0(1)WorkSpace/Screenshots/validateStateDropdownNotEqualToTenantuserPageTATest{2023-01-30-10-36-45}.png'></li>
						</ul>
					</div>
				</li>
			</ul>
		</div>
	</div>
	<!-- subview left -->
	<div class='subview-right left'>
		<div class='view-summary'>
			<div id='step-filters' class="right sr-filters">
				<a class="btn-floating waves-effect waves-light green" status="pass" alt="pass" title="pass"><i class="material-icons">check_circle</i></a>
				<a class="btn-floating waves-effect waves-light red" status="fail" alt="fail" title="fail"><i class="material-icons">cancel</i></a>
				<a class="btn-floating waves-effect waves-light red darken-4" status="fatal" alt="fatal" title="fatal"><i class="material-icons">cancel</i></a>
				<a class="btn-floating waves-effect waves-light pink text-lighten-1" status="error" alt="error" title="error"><i class="material-icons">error</i></a>
				<a class="btn-floating waves-effect waves-light orange" alt="warning" status="warning" title="warning"><i class="material-icons">warning</i></a>
				<a class="btn-floating waves-effect waves-light teal" status="skip" alt="skip" title="skip"><i class="material-icons">redo</i></a>
				<a class="btn-floating waves-effect waves-light grey" status="clear" alt="Clear filters" title="Clear filters"><i class="material-icons">clear</i></a>
			</div>
			<h5 class='test-name'></h5>
		</div>
	</div>
	<!-- subview right -->
</div>
<!-- test view --><!-- category view --><!-- exception view --><div id='dashboard-view' class='view hide'>
	<div class='card-panel transparent np-v'>
		<h5>Dashboard</h5>

		<div class='row'>
			<div class='col s2'>
				<div class='card-panel r'>
					Tests
					<div class='panel-lead'>27</div>
				</div>
			</div>
			<div class='col s2'>
				<div class='card-panel r'>
					Steps
					<div class='panel-lead'>0</div>
				</div>
			</div>
			<div class='col s2'>
				<div class='card-panel r'>
					Start
					<div class='panel-lead'>Jan 30, 2023 10:16:07 AM</div>
				</div>
			</div>
			<div class='col s2'>
				<div class='card-panel r'>
			 		End
			 		<div class='panel-lead'>Jan 30, 2023 10:36:45 AM</div>
				</div>
			</div>
			<div class='col s2'>
				<div class='card-panel r'>
					Time Taken
					<div class='panel-lead'>0h 20m 38s+582ms</div>
				</div>
			</div>
			<div class='col s4'>
				<div class='card-panel dashboard-environment'>
					<span class='right label cyan white-text'>Environment</span><p>&nbsp;</p>
					
					<table>
						<tr>
							<th>Name</th>
							<th>Value</th>
						</tr>
							<tr>
								<td>Author</td>
								<td>Kalyani Gomkale</td>
							</tr>
							<tr>
								<td>Product Version</td>
								<td>AE_6.0.0</td>
							</tr>
							<tr>
								<td>Organization Name</td>
								<td>AutomationEdge</td>
							</tr>
							<tr>
								<td>Environment</td>
								<td>QA</td>
							</tr>
							<tr>
								<td>Browser</td>
								<td>chrome</td>
							</tr>
							<tr>
								<td>OS</td>
								<td>WINDOWS</td>
							</tr>
							<tr>
								<td>Version</td>
								<td>109.0.5414.75</td>
							</tr>
							<tr>
								<td>Browser</td>
								<td>chrome</td>
							</tr>
							<tr>
								<td>OS</td>
								<td>WINDOWS</td>
							</tr>
							<tr>
								<td>Version</td>
								<td>109.0.5414.75</td>
							</tr>
							<tr>
								<td>Browser</td>
								<td>chrome</td>
							</tr>
							<tr>
								<td>OS</td>
								<td>WINDOWS</td>
							</tr>
							<tr>
								<td>Version</td>
								<td>109.0.5414.75</td>
							</tr>
							<tr>
								<td>Browser</td>
								<td>chrome</td>
							</tr>
							<tr>
								<td>OS</td>
								<td>WINDOWS</td>
							</tr>
							<tr>
								<td>Version</td>
								<td>109.0.5414.75</td>
							</tr>
							<tr>
								<td>Browser</td>
								<td>chrome</td>
							</tr>
							<tr>
								<td>OS</td>
								<td>WINDOWS</td>
							</tr>
							<tr>
								<td>Version</td>
								<td>109.0.5414.75</td>
							</tr>
							<tr>
								<td>Browser</td>
								<td>chrome</td>
							</tr>
							<tr>
								<td>OS</td>
								<td>WINDOWS</td>
							</tr>
							<tr>
								<td>Version</td>
								<td>109.0.5414.75</td>
							</tr>
							<tr>
								<td>Browser</td>
								<td>chrome</td>
							</tr>
							<tr>
								<td>OS</td>
								<td>WINDOWS</td>
							</tr>
							<tr>
								<td>Version</td>
								<td>109.0.5414.75</td>
							</tr>
							<tr>
								<td>Browser</td>
								<td>chrome</td>
							</tr>
							<tr>
								<td>OS</td>
								<td>WINDOWS</td>
							</tr>
							<tr>
								<td>Version</td>
								<td>109.0.5414.75</td>
							</tr>
							<tr>
								<td>Browser</td>
								<td>chrome</td>
							</tr>
							<tr>
								<td>OS</td>
								<td>WINDOWS</td>
							</tr>
							<tr>
								<td>Version</td>
								<td>109.0.5414.75</td>
							</tr>
							<tr>
								<td>Browser</td>
								<td>chrome</td>
							</tr>
							<tr>
								<td>OS</td>
								<td>WINDOWS</td>
							</tr>
							<tr>
								<td>Version</td>
								<td>109.0.5414.75</td>
							</tr>
							<tr>
								<td>Browser</td>
								<td>chrome</td>
							</tr>
							<tr>
								<td>OS</td>
								<td>WINDOWS</td>
							</tr>
							<tr>
								<td>Version</td>
								<td>109.0.5414.75</td>
							</tr>
							<tr>
								<td>Browser</td>
								<td>chrome</td>
							</tr>
							<tr>
								<td>OS</td>
								<td>WINDOWS</td>
							</tr>
							<tr>
								<td>Version</td>
								<td>109.0.5414.75</td>
							</tr>
							<tr>
								<td>Browser</td>
								<td>chrome</td>
							</tr>
							<tr>
								<td>OS</td>
								<td>WINDOWS</td>
							</tr>
							<tr>
								<td>Version</td>
								<td>109.0.5414.75</td>
							</tr>
							<tr>
								<td>Browser</td>
								<td>chrome</td>
							</tr>
							<tr>
								<td>OS</td>
								<td>WINDOWS</td>
							</tr>
							<tr>
								<td>Version</td>
								<td>109.0.5414.75</td>
							</tr>
							<tr>
								<td>Browser</td>
								<td>chrome</td>
							</tr>
							<tr>
								<td>OS</td>
								<td>WINDOWS</td>
							</tr>
							<tr>
								<td>Version</td>
								<td>109.0.5414.75</td>
							</tr>
							<tr>
								<td>Browser</td>
								<td>chrome</td>
							</tr>
							<tr>
								<td>OS</td>
								<td>WINDOWS</td>
							</tr>
							<tr>
								<td>Version</td>
								<td>109.0.5414.75</td>
							</tr>
							<tr>
								<td>Browser</td>
								<td>chrome</td>
							</tr>
							<tr>
								<td>OS</td>
								<td>WINDOWS</td>
							</tr>
							<tr>
								<td>Version</td>
								<td>109.0.5414.75</td>
							</tr>
							<tr>
								<td>Browser</td>
								<td>chrome</td>
							</tr>
							<tr>
								<td>OS</td>
								<td>WINDOWS</td>
							</tr>
							<tr>
								<td>Version</td>
								<td>109.0.5414.75</td>
							</tr>
							<tr>
								<td>Browser</td>
								<td>chrome</td>
							</tr>
							<tr>
								<td>OS</td>
								<td>WINDOWS</td>
							</tr>
							<tr>
								<td>Version</td>
								<td>109.0.5414.75</td>
							</tr>
							<tr>
								<td>Browser</td>
								<td>chrome</td>
							</tr>
							<tr>
								<td>OS</td>
								<td>WINDOWS</td>
							</tr>
							<tr>
								<td>Version</td>
								<td>109.0.5414.75</td>
							</tr>
							<tr>
								<td>Browser</td>
								<td>chrome</td>
							</tr>
							<tr>
								<td>OS</td>
								<td>WINDOWS</td>
							</tr>
							<tr>
								<td>Version</td>
								<td>109.0.5414.75</td>
							</tr>
							<tr>
								<td>Browser</td>
								<td>chrome</td>
							</tr>
							<tr>
								<td>OS</td>
								<td>WINDOWS</td>
							</tr>
							<tr>
								<td>Version</td>
								<td>109.0.5414.75</td>
							</tr>
							<tr>
								<td>Browser</td>
								<td>chrome</td>
							</tr>
							<tr>
								<td>OS</td>
								<td>WINDOWS</td>
							</tr>
							<tr>
								<td>Version</td>
								<td>109.0.5414.75</td>
							</tr>
							<tr>
								<td>Browser</td>
								<td>chrome</td>
							</tr>
							<tr>
								<td>OS</td>
								<td>WINDOWS</td>
							</tr>
							<tr>
								<td>Version</td>
								<td>109.0.5414.75</td>
							</tr>
							<tr>
								<td>Browser</td>
								<td>chrome</td>
							</tr>
							<tr>
								<td>OS</td>
								<td>WINDOWS</td>
							</tr>
							<tr>
								<td>Version</td>
								<td>109.0.5414.75</td>
							</tr>
							<tr>
								<td>Browser</td>
								<td>chrome</td>
							</tr>
							<tr>
								<td>OS</td>
								<td>WINDOWS</td>
							</tr>
							<tr>
								<td>Version</td>
								<td>109.0.5414.75</td>
							</tr>
							<tr>
								<td>Browser</td>
								<td>chrome</td>
							</tr>
							<tr>
								<td>OS</td>
								<td>WINDOWS</td>
							</tr>
							<tr>
								<td>Version</td>
								<td>109.0.5414.75</td>
							</tr>
					</table>
				</div>
			</div>
		</div>
	</div>
</div>
<!-- dashboard view -->
<!-- testrunner-logs view -->		</div>
		<!-- container -->
		<script>
			var statusGroup = {
                parentCount: 27,
				passParent: 14,
				failParent: 13,
				fatalParent: 0,
				errorParent: 0,
				warningParent: 0,
				skipParent: 0,
				exceptionsParent: 13,
				childCount: 0,
				passChild: 0,
				failChild: 0,
				fatalChild: 0,
				errorChild: 0,
				warningChild: 0,
				skipChild: 0,
				infoChild: 0,
				debugChild: 0,
				exceptionsChild: 0,
				grandChildCount: 0,
				passGrandChild: 0,
				failGrandChild: 0,
				fatalGrandChild: 0,
				errorGrandChild: 0,
				warningGrandChild: 0,
				skipGrandChild: 0,
				infoGrandChild: 0,
				debugGrandChild: 0,
				exceptionsGrandChild: 0,
			};
		</script>
		<script>
			var timeline = {
			        "validateAdvSearchForUserNameEqualToTenantuserPageTATest":0,"validateAdvSearchForUserNameNotEqualTenantuserPageTATest":0,"validateAdvSearchForUserNameIsLikeTenantuserPageTATest":0,"validateAdvSearchForUserNameBeginsWithTenantuserPageTATest":0,"validateAdvSearchForUserNameEndsWithTenantuserPageTATest":0,"validateAdvSearchForFirstNameEqualToTenantuserPageTATest":0,"validateAdvSearchForFirstNameNotEqualToTenantuserPageTATest":0,"validateAdvSearchForFirstNameIsLikeTenantuserPageTATest":0,"validateAdvSearchForFirstNameBeginsWithTenantuserPageTATest":0,"validateAdvSearchForFirstNameEndsWithTenantuserPageTATest":0,"validateAdvSearchForLastNameEqualToTenantuserPageTATest":0,"validateAdvSearchForLastNameNotEqualToTenantuserPageTATest":0,"validateAdvSearchForLastNameIsLikeTenantuserPageTATest":0,"validateAdvSearchForLastNameBeginsWithTenantuserPageTATest":0,"validateAdvSearchForLastNameEndsWithTAdminTenantuserPageTest":0,"validateCreatedEqualToTenantuserPageTATest":0,"validateCreatedBeforeTenantuserPageTATest":0,"validateCreatedAfterTenantuserPageTATest":0,"validateCreatedInBetweenTenantuserPageTATest":0,"validateCreatedNotInBetweenTenantuserPageTATest":0,"validateLastUpdatedCreatedEqualToTenantuserPageTATest":0,"validateLastUpdatedCreatedBeforeTenantuserPageTATest":0,"validateLastUpdatedCreatedAfterTenantuserPageTATest":0,"validateLastUpdatedCreatedInBetweenTenantuserPageTATest":0,"validateLastUpdatedCreatedNotInBetweenTenantuserPageTATest":0,"validateStateDropdownEqualToTenantuserPageTATest":0,"validateStateDropdownNotEqualToTenantuserPageTATest":0
			};
		</script>
		<script src='https://cdn.rawgit.com/extent-framework/extent-github-cdn/c23457b/v3html/js/extent.js' type='text/javascript'></script>
		<script type='text/javascript'>
		</script>
	</body>
</html>