<!DOCTYPE html>

<html>
  <head>
  <meta charset='utf-8'>
  <title>TestNG reports</title>

    <link type="text/css" href="testng-reports.css" rel="stylesheet" />
    <script type="text/javascript" src="jquery-1.7.1.min.js"></script>
    <script type="text/javascript" src="testng-reports.js"></script>
    <script type="text/javascript" src="https://www.google.com/jsapi"></script>
    <script type='text/javascript'>
      google.load('visualization', '1', {packages:['table']});
      google.setOnLoadCallback(drawTable);
      var suiteTableInitFunctions = new Array();
      var suiteTableData = new Array();
    </script>
    <!--
      <script type="text/javascript" src="jquery-ui/js/jquery-ui-1.8.16.custom.min.js"></script>
     -->
  </head>

  <body>
    <div class="top-banner-root">
      <span class="top-banner-title-font">Test results</span>
      <br/>
      <span class="top-banner-font-1">1 suite, 13 failed tests</span>
    </div> <!-- top-banner-root -->
    <div class="navigator-root">
      <div class="navigator-suite-header">
        <span>All suites</span>
        <a href="#" title="Collapse/expand all the suites" class="collapse-all-link">
          <img src="collapseall.gif" class="collapse-all-icon">
          </img> <!-- collapse-all-icon -->
        </a> <!-- collapse-all-link -->
      </div> <!-- navigator-suite-header -->
      <div class="suite">
        <div class="rounded-window">
          <div class="suite-header light-rounded-window-top">
            <a href="#" panel-name="suite-Default_suite" class="navigator-link">
              <span class="suite-name border-failed">Default suite</span>
            </a> <!-- navigator-link -->
          </div> <!-- suite-header light-rounded-window-top -->
          <div class="navigator-suite-content">
            <div class="suite-section-title">
              <span>Info</span>
            </div> <!-- suite-section-title -->
            <div class="suite-section-content">
              <ul>
                <li>
                  <a href="#" panel-name="test-xml-Default_suite" class="navigator-link ">
                    <span>C:\Users\DELL\AppData\Local\Temp\testng-eclipse-597270389\testng-customsuite.xml</span>
                  </a> <!-- navigator-link  -->
                </li>
                <li>
                  <a href="#" panel-name="testlist-Default_suite" class="navigator-link ">
                    <span class="test-stats">1 test</span>
                  </a> <!-- navigator-link  -->
                </li>
                <li>
                  <a href="#" panel-name="group-Default_suite" class="navigator-link ">
                    <span>0 groups</span>
                  </a> <!-- navigator-link  -->
                </li>
                <li>
                  <a href="#" panel-name="times-Default_suite" class="navigator-link ">
                    <span>Times</span>
                  </a> <!-- navigator-link  -->
                </li>
                <li>
                  <a href="#" panel-name="reporter-Default_suite" class="navigator-link ">
                    <span>Reporter output</span>
                  </a> <!-- navigator-link  -->
                </li>
                <li>
                  <a href="#" panel-name="ignored-methods-Default_suite" class="navigator-link ">
                    <span>Ignored methods</span>
                  </a> <!-- navigator-link  -->
                </li>
                <li>
                  <a href="#" panel-name="chronological-Default_suite" class="navigator-link ">
                    <span>Chronological view</span>
                  </a> <!-- navigator-link  -->
                </li>
              </ul>
            </div> <!-- suite-section-content -->
            <div class="result-section">
              <div class="suite-section-title">
                <span>Results</span>
              </div> <!-- suite-section-title -->
              <div class="suite-section-content">
                <ul>
                  <li>
                    <span class="method-stats">27 methods, 13 failed,   14 passed</span>
                  </li>
                  <li>
                    <span class="method-list-title failed">Failed methods</span>
                    <span class="show-or-hide-methods failed">
                      <a href="#" panel-name="suite-Default_suite" class="hide-methods failed suite-Default_suite"> (hide)</a> <!-- hide-methods failed suite-Default_suite -->
                      <a href="#" panel-name="suite-Default_suite" class="show-methods failed suite-Default_suite"> (show)</a> <!-- show-methods failed suite-Default_suite -->
                    </span>
                    <div class="method-list-content failed suite-Default_suite">
                      <span>
                        <img src="failed.png" width="3%"/>
                        <a href="#" panel-name="suite-Default_suite" title="com.ae.qa.testcasesTenantAdmin.TenantUsersPageTestTA" class="method navigator-link" hash-for-method="validateAdvSearchForFirstNameBeginsWithTenantuserPageTATest(public void com.ae.qa.testcasesTenantAdmin.TenantUsersPageTestTA.validateAdvSearchForFirstNameBegins...)">validateAdvSearchForFirstNameBeginsWithTenantuserPageTATest(public void com.ae.qa.testcasesTenantAdmin.TenantUsersPageTestTA.validateAdvSearchForFirstNameBegins...)</a> <!-- method navigator-link -->
                      </span>
                      <br/>
                      <span>
                        <img src="failed.png" width="3%"/>
                        <a href="#" panel-name="suite-Default_suite" title="com.ae.qa.testcasesTenantAdmin.TenantUsersPageTestTA" class="method navigator-link" hash-for-method="validateAdvSearchForFirstNameEndsWithTenantuserPageTATest(public void com.ae.qa.testcasesTenantAdmin.TenantUsersPageTestTA.validateAdvSearchForFirstNameEndsWi...)">validateAdvSearchForFirstNameEndsWithTenantuserPageTATest(public void com.ae.qa.testcasesTenantAdmin.TenantUsersPageTestTA.validateAdvSearchForFirstNameEndsWi...)</a> <!-- method navigator-link -->
                      </span>
                      <br/>
                      <span>
                        <img src="failed.png" width="3%"/>
                        <a href="#" panel-name="suite-Default_suite" title="com.ae.qa.testcasesTenantAdmin.TenantUsersPageTestTA" class="method navigator-link" hash-for-method="validateAdvSearchForFirstNameIsLikeTenantuserPageTATest(public void com.ae.qa.testcasesTenantAdmin.TenantUsersPageTestTA.validateAdvSearchForFirstNameIsLike...)">validateAdvSearchForFirstNameIsLikeTenantuserPageTATest(public void com.ae.qa.testcasesTenantAdmin.TenantUsersPageTestTA.validateAdvSearchForFirstNameIsLike...)</a> <!-- method navigator-link -->
                      </span>
                      <br/>
                      <span>
                        <img src="failed.png" width="3%"/>
                        <a href="#" panel-name="suite-Default_suite" title="com.ae.qa.testcasesTenantAdmin.TenantUsersPageTestTA" class="method navigator-link" hash-for-method="validateAdvSearchForLastNameBeginsWithTenantuserPageTATest(public void com.ae.qa.testcasesTenantAdmin.TenantUsersPageTestTA.validateAdvSearchForLastNameBeginsW...)">validateAdvSearchForLastNameBeginsWithTenantuserPageTATest(public void com.ae.qa.testcasesTenantAdmin.TenantUsersPageTestTA.validateAdvSearchForLastNameBeginsW...)</a> <!-- method navigator-link -->
                      </span>
                      <br/>
                      <span>
                        <img src="failed.png" width="3%"/>
                        <a href="#" panel-name="suite-Default_suite" title="com.ae.qa.testcasesTenantAdmin.TenantUsersPageTestTA" class="method navigator-link" hash-for-method="validateAdvSearchForLastNameEndsWithTAdminTenantuserPageTest(public void com.ae.qa.testcasesTenantAdmin.TenantUsersPageTestTA.validateAdvSearchForLastNameEndsWit...)">validateAdvSearchForLastNameEndsWithTAdminTenantuserPageTest(public void com.ae.qa.testcasesTenantAdmin.TenantUsersPageTestTA.validateAdvSearchForLastNameEndsWit...)</a> <!-- method navigator-link -->
                      </span>
                      <br/>
                      <span>
                        <img src="failed.png" width="3%"/>
                        <a href="#" panel-name="suite-Default_suite" title="com.ae.qa.testcasesTenantAdmin.TenantUsersPageTestTA" class="method navigator-link" hash-for-method="validateAdvSearchForLastNameIsLikeTenantuserPageTATest(public void com.ae.qa.testcasesTenantAdmin.TenantUsersPageTestTA.validateAdvSearchForLastNameIsLikeT...)">validateAdvSearchForLastNameIsLikeTenantuserPageTATest(public void com.ae.qa.testcasesTenantAdmin.TenantUsersPageTestTA.validateAdvSearchForLastNameIsLikeT...)</a> <!-- method navigator-link -->
                      </span>
                      <br/>
                      <span>
                        <img src="failed.png" width="3%"/>
                        <a href="#" panel-name="suite-Default_suite" title="com.ae.qa.testcasesTenantAdmin.TenantUsersPageTestTA" class="method navigator-link" hash-for-method="validateAdvSearchForLastNameNotEqualToTenantuserPageTATest(public void com.ae.qa.testcasesTenantAdmin.TenantUsersPageTestTA.validateAdvSearchForLastNameNotEqua...)">validateAdvSearchForLastNameNotEqualToTenantuserPageTATest(public void com.ae.qa.testcasesTenantAdmin.TenantUsersPageTestTA.validateAdvSearchForLastNameNotEqua...)</a> <!-- method navigator-link -->
                      </span>
                      <br/>
                      <span>
                        <img src="failed.png" width="3%"/>
                        <a href="#" panel-name="suite-Default_suite" title="com.ae.qa.testcasesTenantAdmin.TenantUsersPageTestTA" class="method navigator-link" hash-for-method="validateAdvSearchForUserNameBeginsWithTenantuserPageTATest(public void com.ae.qa.testcasesTenantAdmin.TenantUsersPageTestTA.validateAdvSearchForUserNameBeginsW...)">validateAdvSearchForUserNameBeginsWithTenantuserPageTATest(public void com.ae.qa.testcasesTenantAdmin.TenantUsersPageTestTA.validateAdvSearchForUserNameBeginsW...)</a> <!-- method navigator-link -->
                      </span>
                      <br/>
                      <span>
                        <img src="failed.png" width="3%"/>
                        <a href="#" panel-name="suite-Default_suite" title="com.ae.qa.testcasesTenantAdmin.TenantUsersPageTestTA" class="method navigator-link" hash-for-method="validateAdvSearchForUserNameEndsWithTenantuserPageTATest(public void com.ae.qa.testcasesTenantAdmin.TenantUsersPageTestTA.validateAdvSearchForUserNameEndsWit...)">validateAdvSearchForUserNameEndsWithTenantuserPageTATest(public void com.ae.qa.testcasesTenantAdmin.TenantUsersPageTestTA.validateAdvSearchForUserNameEndsWit...)</a> <!-- method navigator-link -->
                      </span>
                      <br/>
                      <span>
                        <img src="failed.png" width="3%"/>
                        <a href="#" panel-name="suite-Default_suite" title="com.ae.qa.testcasesTenantAdmin.TenantUsersPageTestTA" class="method navigator-link" hash-for-method="validateAdvSearchForUserNameEqualToTenantuserPageTATest(public void com.ae.qa.testcasesTenantAdmin.TenantUsersPageTestTA.validateAdvSearchForUserNameEqualTo...)">validateAdvSearchForUserNameEqualToTenantuserPageTATest(public void com.ae.qa.testcasesTenantAdmin.TenantUsersPageTestTA.validateAdvSearchForUserNameEqualTo...)</a> <!-- method navigator-link -->
                      </span>
                      <br/>
                      <span>
                        <img src="failed.png" width="3%"/>
                        <a href="#" panel-name="suite-Default_suite" title="com.ae.qa.testcasesTenantAdmin.TenantUsersPageTestTA" class="method navigator-link" hash-for-method="validateAdvSearchForUserNameNotEqualToTenantuserPageTATest(public void com.ae.qa.testcasesTenantAdmin.TenantUsersPageTestTA.validateAdvSearchForUserNameNotEqua...)">validateAdvSearchForUserNameNotEqualToTenantuserPageTATest(public void com.ae.qa.testcasesTenantAdmin.TenantUsersPageTestTA.validateAdvSearchForUserNameNotEqua...)</a> <!-- method navigator-link -->
                      </span>
                      <br/>
                      <span>
                        <img src="failed.png" width="3%"/>
                        <a href="#" panel-name="suite-Default_suite" title="com.ae.qa.testcasesTenantAdmin.TenantUsersPageTestTA" class="method navigator-link" hash-for-method="validateStateDropdownEqualToTenantuserPageTATest(public void com.ae.qa.testcasesTenantAdmin.TenantUsersPageTestTA.validateStateDropdownEqualToTenantu...)">validateStateDropdownEqualToTenantuserPageTATest(public void com.ae.qa.testcasesTenantAdmin.TenantUsersPageTestTA.validateStateDropdownEqualToTenantu...)</a> <!-- method navigator-link -->
                      </span>
                      <br/>
                      <span>
                        <img src="failed.png" width="3%"/>
                        <a href="#" panel-name="suite-Default_suite" title="com.ae.qa.testcasesTenantAdmin.TenantUsersPageTestTA" class="method navigator-link" hash-for-method="validateStateDropdownNotEqualToTenantuserPageTATest(public void com.ae.qa.testcasesTenantAdmin.TenantUsersPageTestTA.validateStateDropdownNotEqualToTena...)">validateStateDropdownNotEqualToTenantuserPageTATest(public void com.ae.qa.testcasesTenantAdmin.TenantUsersPageTestTA.validateStateDropdownNotEqualToTena...)</a> <!-- method navigator-link -->
                      </span>
                      <br/>
                    </div> <!-- method-list-content failed suite-Default_suite -->
                  </li>
                  <li>
                    <span class="method-list-title passed">Passed methods</span>
                    <span class="show-or-hide-methods passed">
                      <a href="#" panel-name="suite-Default_suite" class="hide-methods passed suite-Default_suite"> (hide)</a> <!-- hide-methods passed suite-Default_suite -->
                      <a href="#" panel-name="suite-Default_suite" class="show-methods passed suite-Default_suite"> (show)</a> <!-- show-methods passed suite-Default_suite -->
                    </span>
                    <div class="method-list-content passed suite-Default_suite">
                      <span>
                        <img src="passed.png" width="3%"/>
                        <a href="#" panel-name="suite-Default_suite" title="com.ae.qa.testcasesTenantAdmin.TenantUsersPageTestTA" class="method navigator-link" hash-for-method="validateAdvSearchForFirstNameEqualToTenantuserPageTATest(public void com.ae.qa.testcasesTenantAdmin.TenantUsersPageTestTA.validateAdvSearchForFirstNameEqualT...)">validateAdvSearchForFirstNameEqualToTenantuserPageTATest(public void com.ae.qa.testcasesTenantAdmin.TenantUsersPageTestTA.validateAdvSearchForFirstNameEqualT...)</a> <!-- method navigator-link -->
                      </span>
                      <br/>
                      <span>
                        <img src="passed.png" width="3%"/>
                        <a href="#" panel-name="suite-Default_suite" title="com.ae.qa.testcasesTenantAdmin.TenantUsersPageTestTA" class="method navigator-link" hash-for-method="validateAdvSearchForFirstNameNotEqualToTenantuserPageTATest(public void com.ae.qa.testcasesTenantAdmin.TenantUsersPageTestTA.validateAdvSearchForFirstNameNotEqu...)">validateAdvSearchForFirstNameNotEqualToTenantuserPageTATest(public void com.ae.qa.testcasesTenantAdmin.TenantUsersPageTestTA.validateAdvSearchForFirstNameNotEqu...)</a> <!-- method navigator-link -->
                      </span>
                      <br/>
                      <span>
                        <img src="passed.png" width="3%"/>
                        <a href="#" panel-name="suite-Default_suite" title="com.ae.qa.testcasesTenantAdmin.TenantUsersPageTestTA" class="method navigator-link" hash-for-method="validateAdvSearchForLastNameEqualToTenantuserPageTATest(public void com.ae.qa.testcasesTenantAdmin.TenantUsersPageTestTA.validateAdvSearchForLastNameEqualTo...)">validateAdvSearchForLastNameEqualToTenantuserPageTATest(public void com.ae.qa.testcasesTenantAdmin.TenantUsersPageTestTA.validateAdvSearchForLastNameEqualTo...)</a> <!-- method navigator-link -->
                      </span>
                      <br/>
                      <span>
                        <img src="passed.png" width="3%"/>
                        <a href="#" panel-name="suite-Default_suite" title="com.ae.qa.testcasesTenantAdmin.TenantUsersPageTestTA" class="method navigator-link" hash-for-method="validateAdvSearchForUserNameIsLikeTenantuserPageTATest(public void com.ae.qa.testcasesTenantAdmin.TenantUsersPageTestTA.validateAdvSearchForUserNameIsLikeT...)">validateAdvSearchForUserNameIsLikeTenantuserPageTATest(public void com.ae.qa.testcasesTenantAdmin.TenantUsersPageTestTA.validateAdvSearchForUserNameIsLikeT...)</a> <!-- method navigator-link -->
                      </span>
                      <br/>
                      <span>
                        <img src="passed.png" width="3%"/>
                        <a href="#" panel-name="suite-Default_suite" title="com.ae.qa.testcasesTenantAdmin.TenantUsersPageTestTA" class="method navigator-link" hash-for-method="validateCreatedAfterTenantuserPageTATest(public void com.ae.qa.testcasesTenantAdmin.TenantUsersPageTestTA.validateCreatedAfterTenantuserPageT...)">validateCreatedAfterTenantuserPageTATest(public void com.ae.qa.testcasesTenantAdmin.TenantUsersPageTestTA.validateCreatedAfterTenantuserPageT...)</a> <!-- method navigator-link -->
                      </span>
                      <br/>
                      <span>
                        <img src="passed.png" width="3%"/>
                        <a href="#" panel-name="suite-Default_suite" title="com.ae.qa.testcasesTenantAdmin.TenantUsersPageTestTA" class="method navigator-link" hash-for-method="validateCreatedBeforeTenantuserPageTATest(public void com.ae.qa.testcasesTenantAdmin.TenantUsersPageTestTA.validateCreatedBeforeTenantuserPage...)">validateCreatedBeforeTenantuserPageTATest(public void com.ae.qa.testcasesTenantAdmin.TenantUsersPageTestTA.validateCreatedBeforeTenantuserPage...)</a> <!-- method navigator-link -->
                      </span>
                      <br/>
                      <span>
                        <img src="passed.png" width="3%"/>
                        <a href="#" panel-name="suite-Default_suite" title="com.ae.qa.testcasesTenantAdmin.TenantUsersPageTestTA" class="method navigator-link" hash-for-method="validateCreatedEqualToTenantuserPageTATest(public void com.ae.qa.testcasesTenantAdmin.TenantUsersPageTestTA.validateCreatedEqualToTenantuserPag...)">validateCreatedEqualToTenantuserPageTATest(public void com.ae.qa.testcasesTenantAdmin.TenantUsersPageTestTA.validateCreatedEqualToTenantuserPag...)</a> <!-- method navigator-link -->
                      </span>
                      <br/>
                      <span>
                        <img src="passed.png" width="3%"/>
                        <a href="#" panel-name="suite-Default_suite" title="com.ae.qa.testcasesTenantAdmin.TenantUsersPageTestTA" class="method navigator-link" hash-for-method="validateCreatedInBetweenTenantuserPageTATest(public void com.ae.qa.testcasesTenantAdmin.TenantUsersPageTestTA.validateCreatedInBetweenTenantuserP...)">validateCreatedInBetweenTenantuserPageTATest(public void com.ae.qa.testcasesTenantAdmin.TenantUsersPageTestTA.validateCreatedInBetweenTenantuserP...)</a> <!-- method navigator-link -->
                      </span>
                      <br/>
                      <span>
                        <img src="passed.png" width="3%"/>
                        <a href="#" panel-name="suite-Default_suite" title="com.ae.qa.testcasesTenantAdmin.TenantUsersPageTestTA" class="method navigator-link" hash-for-method="validateCreatedNotInBetweenTenantuserPageTATest(public void com.ae.qa.testcasesTenantAdmin.TenantUsersPageTestTA.validateCreatedNotInBetweenTenantus...)">validateCreatedNotInBetweenTenantuserPageTATest(public void com.ae.qa.testcasesTenantAdmin.TenantUsersPageTestTA.validateCreatedNotInBetweenTenantus...)</a> <!-- method navigator-link -->
                      </span>
                      <br/>
                      <span>
                        <img src="passed.png" width="3%"/>
                        <a href="#" panel-name="suite-Default_suite" title="com.ae.qa.testcasesTenantAdmin.TenantUsersPageTestTA" class="method navigator-link" hash-for-method="validateLastUpdatedCreatedAfterTenantuserPageTATest(public void com.ae.qa.testcasesTenantAdmin.TenantUsersPageTestTA.validateLastUpdatedCreatedAfterTena...)">validateLastUpdatedCreatedAfterTenantuserPageTATest(public void com.ae.qa.testcasesTenantAdmin.TenantUsersPageTestTA.validateLastUpdatedCreatedAfterTena...)</a> <!-- method navigator-link -->
                      </span>
                      <br/>
                      <span>
                        <img src="passed.png" width="3%"/>
                        <a href="#" panel-name="suite-Default_suite" title="com.ae.qa.testcasesTenantAdmin.TenantUsersPageTestTA" class="method navigator-link" hash-for-method="validateLastUpdatedCreatedBeforeTenantuserPageTATest(public void com.ae.qa.testcasesTenantAdmin.TenantUsersPageTestTA.validateLastUpdatedCreatedBeforeTen...)">validateLastUpdatedCreatedBeforeTenantuserPageTATest(public void com.ae.qa.testcasesTenantAdmin.TenantUsersPageTestTA.validateLastUpdatedCreatedBeforeTen...)</a> <!-- method navigator-link -->
                      </span>
                      <br/>
                      <span>
                        <img src="passed.png" width="3%"/>
                        <a href="#" panel-name="suite-Default_suite" title="com.ae.qa.testcasesTenantAdmin.TenantUsersPageTestTA" class="method navigator-link" hash-for-method="validateLastUpdatedCreatedEqualToTenantuserPageTATest(public void com.ae.qa.testcasesTenantAdmin.TenantUsersPageTestTA.validateLastUpdatedCreatedEqualToTe...)">validateLastUpdatedCreatedEqualToTenantuserPageTATest(public void com.ae.qa.testcasesTenantAdmin.TenantUsersPageTestTA.validateLastUpdatedCreatedEqualToTe...)</a> <!-- method navigator-link -->
                      </span>
                      <br/>
                      <span>
                        <img src="passed.png" width="3%"/>
                        <a href="#" panel-name="suite-Default_suite" title="com.ae.qa.testcasesTenantAdmin.TenantUsersPageTestTA" class="method navigator-link" hash-for-method="validateLastUpdatedCreatedInBetweenTenantuserPageTATest(public void com.ae.qa.testcasesTenantAdmin.TenantUsersPageTestTA.validateLastUpdatedCreatedInBetween...)">validateLastUpdatedCreatedInBetweenTenantuserPageTATest(public void com.ae.qa.testcasesTenantAdmin.TenantUsersPageTestTA.validateLastUpdatedCreatedInBetween...)</a> <!-- method navigator-link -->
                      </span>
                      <br/>
                      <span>
                        <img src="passed.png" width="3%"/>
                        <a href="#" panel-name="suite-Default_suite" title="com.ae.qa.testcasesTenantAdmin.TenantUsersPageTestTA" class="method navigator-link" hash-for-method="validateLastUpdatedCreatedNotInBetweenTenantuserPageTATest(public void com.ae.qa.testcasesTenantAdmin.TenantUsersPageTestTA.validateLastUpdatedCreatedNotInBetw...)">validateLastUpdatedCreatedNotInBetweenTenantuserPageTATest(public void com.ae.qa.testcasesTenantAdmin.TenantUsersPageTestTA.validateLastUpdatedCreatedNotInBetw...)</a> <!-- method navigator-link -->
                      </span>
                      <br/>
                    </div> <!-- method-list-content passed suite-Default_suite -->
                  </li>
                </ul>
              </div> <!-- suite-section-content -->
            </div> <!-- result-section -->
          </div> <!-- navigator-suite-content -->
        </div> <!-- rounded-window -->
      </div> <!-- suite -->
    </div> <!-- navigator-root -->
    <div class="wrapper">
      <div class="main-panel-root">
        <div panel-name="suite-Default_suite" class="panel Default_suite">
          <div class="suite-Default_suite-class-failed">
            <div class="main-panel-header rounded-window-top">
              <img src="failed.png"/>
              <span class="class-name">com.ae.qa.testcasesTenantAdmin.TenantUsersPageTestTA</span>
            </div> <!-- main-panel-header rounded-window-top -->
            <div class="main-panel-content rounded-window-bottom">
              <div class="method">
                <div class="method-content">
                  <a name="validateAdvSearchForFirstNameBeginsWithTenantuserPageTATest(public void com.ae.qa.testcasesTenantAdmin.TenantUsersPageTestTA.validateAdvSearchForFirstNameBegins...)">
                  </a> <!-- validateAdvSearchForFirstNameBeginsWithTenantuserPageTATest(public void com.ae.qa.testcasesTenantAdmin.TenantUsersPageTestTA.validateAdvSearchForFirstNameBegins...) -->
                  <span class="method-name">validateAdvSearchForFirstNameBeginsWithTenantuserPageTATest</span>
                  <span class="parameters">(public void com.ae.qa.testcasesTenantAdmin.TenantUsersPageTestTA.validateAdvSearchForFirstNameBeginsWithTenantuserPageTATest(java.lang.reflect.Method) throws java.lang.Exception)</span>
                  <div class="stack-trace">org.openqa.selenium.StaleElementReferenceException: stale element reference: element is not attached to the page document
  (Session info: chrome=109.0.5414.75)
For documentation on this error, please visit: https://www.seleniumhq.org/exceptions/stale_element_reference.html
Build info: version: &apos;3.141.59&apos;, revision: &apos;e82be7d358&apos;, time: &apos;2018-11-14T08:17:03&apos;
System info: host: &apos;DESKTOP-5VHKQUJ&apos;, ip: &apos;192.168.0.112&apos;, os.name: &apos;Windows 10&apos;, os.arch: &apos;amd64&apos;, os.version: &apos;10.0&apos;, java.version: &apos;16.0.2&apos;
Driver info: org.openqa.selenium.chrome.ChromeDriver
Capabilities {acceptInsecureCerts: false, browserName: chrome, browserVersion: 109.0.5414.75, chrome: {chromedriverVersion: 109.0.5414.74 (e7c5703604da..., userDataDir: C:\Users\DELL\AppData\Local...}, goog:chromeOptions: {debuggerAddress: localhost:65219}, javascriptEnabled: true, networkConnectionEnabled: false, pageLoadStrategy: normal, platform: WINDOWS, platformName: WINDOWS, proxy: Proxy(), setWindowRect: true, strictFileInteractability: false, timeouts: {implicit: 0, pageLoad: 300000, script: 30000}, unhandledPromptBehavior: dismiss and notify, webauthn:extension:credBlob: true, webauthn:extension:largeBlob: true, webauthn:virtualAuthenticators: true}
Session ID: a0f144e32bb20b44505391d3db8abc68
	at java.base/jdk.internal.reflect.NativeConstructorAccessorImpl.newInstance0(Native Method)
	at java.base/jdk.internal.reflect.NativeConstructorAccessorImpl.newInstance(NativeConstructorAccessorImpl.java:78)
	at java.base/jdk.internal.reflect.DelegatingConstructorAccessorImpl.newInstance(DelegatingConstructorAccessorImpl.java:45)
	at java.base/java.lang.reflect.Constructor.newInstanceWithCaller(Constructor.java:499)
	at java.base/java.lang.reflect.Constructor.newInstance(Constructor.java:480)
	at org.openqa.selenium.remote.http.W3CHttpResponseCodec.createException(W3CHttpResponseCodec.java:187)
	at org.openqa.selenium.remote.http.W3CHttpResponseCodec.decode(W3CHttpResponseCodec.java:122)
	at org.openqa.selenium.remote.http.W3CHttpResponseCodec.decode(W3CHttpResponseCodec.java:49)
	at org.openqa.selenium.remote.HttpCommandExecutor.execute(HttpCommandExecutor.java:158)
	at org.openqa.selenium.remote.service.DriverCommandExecutor.execute(DriverCommandExecutor.java:83)
	at org.openqa.selenium.remote.RemoteWebDriver.execute(RemoteWebDriver.java:552)
	at org.openqa.selenium.remote.RemoteWebElement.execute(RemoteWebElement.java:285)
	at org.openqa.selenium.remote.RemoteWebElement.getText(RemoteWebElement.java:166)
	at com.ae.qa.pagesTenantAdmin.TenantUsersPageTA.validateAdvSearchForFirstNameBeginsWith(TenantUsersPageTA.java:1030)
	at com.ae.qa.testcasesTenantAdmin.TenantUsersPageTestTA.validateAdvSearchForFirstNameBeginsWithTenantuserPageTATest(TenantUsersPageTestTA.java:312)
	at java.base/jdk.internal.reflect.NativeMethodAccessorImpl.invoke0(Native Method)
	at java.base/jdk.internal.reflect.NativeMethodAccessorImpl.invoke(NativeMethodAccessorImpl.java:78)
	at java.base/jdk.internal.reflect.DelegatingMethodAccessorImpl.invoke(DelegatingMethodAccessorImpl.java:43)
	at java.base/java.lang.reflect.Method.invoke(Method.java:567)
	at org.testng.internal.MethodInvocationHelper.invokeMethod(MethodInvocationHelper.java:124)
	at org.testng.internal.Invoker.invokeMethod(Invoker.java:583)
	at org.testng.internal.Invoker.invokeTestMethod(Invoker.java:719)
	at org.testng.internal.Invoker.invokeTestMethods(Invoker.java:989)
	at org.testng.internal.TestMethodWorker.invokeTestMethods(TestMethodWorker.java:125)
	at org.testng.internal.TestMethodWorker.run(TestMethodWorker.java:109)
	at org.testng.TestRunner.privateRun(TestRunner.java:648)
	at org.testng.TestRunner.run(TestRunner.java:505)
	at org.testng.SuiteRunner.runTest(SuiteRunner.java:455)
	at org.testng.SuiteRunner.runSequentially(SuiteRunner.java:450)
	at org.testng.SuiteRunner.privateRun(SuiteRunner.java:415)
	at org.testng.SuiteRunner.run(SuiteRunner.java:364)
	at org.testng.SuiteRunnerWorker.runSuite(SuiteRunnerWorker.java:52)
	at org.testng.SuiteRunnerWorker.run(SuiteRunnerWorker.java:84)
	at org.testng.TestNG.runSuitesSequentially(TestNG.java:1208)
	at org.testng.TestNG.runSuitesLocally(TestNG.java:1137)
	at org.testng.TestNG.runSuites(TestNG.java:1049)
	at org.testng.TestNG.run(TestNG.java:1017)
	at org.testng.remote.AbstractRemoteTestNG.run(AbstractRemoteTestNG.java:115)
	at org.testng.remote.RemoteTestNG.initAndRun(RemoteTestNG.java:251)
	at org.testng.remote.RemoteTestNG.main(RemoteTestNG.java:77)

</div> <!-- stack-trace -->
                </div> <!-- method-content -->
              </div> <!-- method -->
              <div class="method">
                <div class="method-content">
                  <a name="validateAdvSearchForFirstNameEndsWithTenantuserPageTATest(public void com.ae.qa.testcasesTenantAdmin.TenantUsersPageTestTA.validateAdvSearchForFirstNameEndsWi...)">
                  </a> <!-- validateAdvSearchForFirstNameEndsWithTenantuserPageTATest(public void com.ae.qa.testcasesTenantAdmin.TenantUsersPageTestTA.validateAdvSearchForFirstNameEndsWi...) -->
                  <span class="method-name">validateAdvSearchForFirstNameEndsWithTenantuserPageTATest</span>
                  <span class="parameters">(public void com.ae.qa.testcasesTenantAdmin.TenantUsersPageTestTA.validateAdvSearchForFirstNameEndsWithTenantuserPageTATest(java.lang.reflect.Method) throws java.lang.Exception)</span>
                  <div class="stack-trace">org.openqa.selenium.StaleElementReferenceException: stale element reference: element is not attached to the page document
  (Session info: chrome=109.0.5414.75)
For documentation on this error, please visit: https://www.seleniumhq.org/exceptions/stale_element_reference.html
Build info: version: &apos;3.141.59&apos;, revision: &apos;e82be7d358&apos;, time: &apos;2018-11-14T08:17:03&apos;
System info: host: &apos;DESKTOP-5VHKQUJ&apos;, ip: &apos;192.168.0.112&apos;, os.name: &apos;Windows 10&apos;, os.arch: &apos;amd64&apos;, os.version: &apos;10.0&apos;, java.version: &apos;16.0.2&apos;
Driver info: org.openqa.selenium.chrome.ChromeDriver
Capabilities {acceptInsecureCerts: false, browserName: chrome, browserVersion: 109.0.5414.75, chrome: {chromedriverVersion: 109.0.5414.74 (e7c5703604da..., userDataDir: C:\Users\DELL\AppData\Local...}, goog:chromeOptions: {debuggerAddress: localhost:65246}, javascriptEnabled: true, networkConnectionEnabled: false, pageLoadStrategy: normal, platform: WINDOWS, platformName: WINDOWS, proxy: Proxy(), setWindowRect: true, strictFileInteractability: false, timeouts: {implicit: 0, pageLoad: 300000, script: 30000}, unhandledPromptBehavior: dismiss and notify, webauthn:extension:credBlob: true, webauthn:extension:largeBlob: true, webauthn:virtualAuthenticators: true}
Session ID: b97429c879a680d5c1ddecfba71c690f
	at java.base/jdk.internal.reflect.NativeConstructorAccessorImpl.newInstance0(Native Method)
	at java.base/jdk.internal.reflect.NativeConstructorAccessorImpl.newInstance(NativeConstructorAccessorImpl.java:78)
	at java.base/jdk.internal.reflect.DelegatingConstructorAccessorImpl.newInstance(DelegatingConstructorAccessorImpl.java:45)
	at java.base/java.lang.reflect.Constructor.newInstanceWithCaller(Constructor.java:499)
	at java.base/java.lang.reflect.Constructor.newInstance(Constructor.java:480)
	at org.openqa.selenium.remote.http.W3CHttpResponseCodec.createException(W3CHttpResponseCodec.java:187)
	at org.openqa.selenium.remote.http.W3CHttpResponseCodec.decode(W3CHttpResponseCodec.java:122)
	at org.openqa.selenium.remote.http.W3CHttpResponseCodec.decode(W3CHttpResponseCodec.java:49)
	at org.openqa.selenium.remote.HttpCommandExecutor.execute(HttpCommandExecutor.java:158)
	at org.openqa.selenium.remote.service.DriverCommandExecutor.execute(DriverCommandExecutor.java:83)
	at org.openqa.selenium.remote.RemoteWebDriver.execute(RemoteWebDriver.java:552)
	at org.openqa.selenium.remote.RemoteWebElement.execute(RemoteWebElement.java:285)
	at org.openqa.selenium.remote.RemoteWebElement.getText(RemoteWebElement.java:166)
	at com.ae.qa.pagesTenantAdmin.TenantUsersPageTA.validateAdvSearchForFirstNameEndsWith(TenantUsersPageTA.java:1052)
	at com.ae.qa.testcasesTenantAdmin.TenantUsersPageTestTA.validateAdvSearchForFirstNameEndsWithTenantuserPageTATest(TenantUsersPageTestTA.java:322)
	at java.base/jdk.internal.reflect.NativeMethodAccessorImpl.invoke0(Native Method)
	at java.base/jdk.internal.reflect.NativeMethodAccessorImpl.invoke(NativeMethodAccessorImpl.java:78)
	at java.base/jdk.internal.reflect.DelegatingMethodAccessorImpl.invoke(DelegatingMethodAccessorImpl.java:43)
	at java.base/java.lang.reflect.Method.invoke(Method.java:567)
	at org.testng.internal.MethodInvocationHelper.invokeMethod(MethodInvocationHelper.java:124)
	at org.testng.internal.Invoker.invokeMethod(Invoker.java:583)
	at org.testng.internal.Invoker.invokeTestMethod(Invoker.java:719)
	at org.testng.internal.Invoker.invokeTestMethods(Invoker.java:989)
	at org.testng.internal.TestMethodWorker.invokeTestMethods(TestMethodWorker.java:125)
	at org.testng.internal.TestMethodWorker.run(TestMethodWorker.java:109)
	at org.testng.TestRunner.privateRun(TestRunner.java:648)
	at org.testng.TestRunner.run(TestRunner.java:505)
	at org.testng.SuiteRunner.runTest(SuiteRunner.java:455)
	at org.testng.SuiteRunner.runSequentially(SuiteRunner.java:450)
	at org.testng.SuiteRunner.privateRun(SuiteRunner.java:415)
	at org.testng.SuiteRunner.run(SuiteRunner.java:364)
	at org.testng.SuiteRunnerWorker.runSuite(SuiteRunnerWorker.java:52)
	at org.testng.SuiteRunnerWorker.run(SuiteRunnerWorker.java:84)
	at org.testng.TestNG.runSuitesSequentially(TestNG.java:1208)
	at org.testng.TestNG.runSuitesLocally(TestNG.java:1137)
	at org.testng.TestNG.runSuites(TestNG.java:1049)
	at org.testng.TestNG.run(TestNG.java:1017)
	at org.testng.remote.AbstractRemoteTestNG.run(AbstractRemoteTestNG.java:115)
	at org.testng.remote.RemoteTestNG.initAndRun(RemoteTestNG.java:251)
	at org.testng.remote.RemoteTestNG.main(RemoteTestNG.java:77)

</div> <!-- stack-trace -->
                </div> <!-- method-content -->
              </div> <!-- method -->
              <div class="method">
                <div class="method-content">
                  <a name="validateAdvSearchForFirstNameIsLikeTenantuserPageTATest(public void com.ae.qa.testcasesTenantAdmin.TenantUsersPageTestTA.validateAdvSearchForFirstNameIsLike...)">
                  </a> <!-- validateAdvSearchForFirstNameIsLikeTenantuserPageTATest(public void com.ae.qa.testcasesTenantAdmin.TenantUsersPageTestTA.validateAdvSearchForFirstNameIsLike...) -->
                  <span class="method-name">validateAdvSearchForFirstNameIsLikeTenantuserPageTATest</span>
                  <span class="parameters">(public void com.ae.qa.testcasesTenantAdmin.TenantUsersPageTestTA.validateAdvSearchForFirstNameIsLikeTenantuserPageTATest(java.lang.reflect.Method) throws java.lang.Exception)</span>
                  <div class="stack-trace">org.openqa.selenium.StaleElementReferenceException: stale element reference: element is not attached to the page document
  (Session info: chrome=109.0.5414.75)
For documentation on this error, please visit: https://www.seleniumhq.org/exceptions/stale_element_reference.html
Build info: version: &apos;3.141.59&apos;, revision: &apos;e82be7d358&apos;, time: &apos;2018-11-14T08:17:03&apos;
System info: host: &apos;DESKTOP-5VHKQUJ&apos;, ip: &apos;192.168.0.112&apos;, os.name: &apos;Windows 10&apos;, os.arch: &apos;amd64&apos;, os.version: &apos;10.0&apos;, java.version: &apos;16.0.2&apos;
Driver info: org.openqa.selenium.chrome.ChromeDriver
Capabilities {acceptInsecureCerts: false, browserName: chrome, browserVersion: 109.0.5414.75, chrome: {chromedriverVersion: 109.0.5414.74 (e7c5703604da..., userDataDir: C:\Users\DELL\AppData\Local...}, goog:chromeOptions: {debuggerAddress: localhost:65068}, javascriptEnabled: true, networkConnectionEnabled: false, pageLoadStrategy: normal, platform: WINDOWS, platformName: WINDOWS, proxy: Proxy(), setWindowRect: true, strictFileInteractability: false, timeouts: {implicit: 0, pageLoad: 300000, script: 30000}, unhandledPromptBehavior: dismiss and notify, webauthn:extension:credBlob: true, webauthn:extension:largeBlob: true, webauthn:virtualAuthenticators: true}
Session ID: 8bb4aaa69fdbc5cdc6f268b8ec9a8225
	at java.base/jdk.internal.reflect.NativeConstructorAccessorImpl.newInstance0(Native Method)
	at java.base/jdk.internal.reflect.NativeConstructorAccessorImpl.newInstance(NativeConstructorAccessorImpl.java:78)
	at java.base/jdk.internal.reflect.DelegatingConstructorAccessorImpl.newInstance(DelegatingConstructorAccessorImpl.java:45)
	at java.base/java.lang.reflect.Constructor.newInstanceWithCaller(Constructor.java:499)
	at java.base/java.lang.reflect.Constructor.newInstance(Constructor.java:480)
	at org.openqa.selenium.remote.http.W3CHttpResponseCodec.createException(W3CHttpResponseCodec.java:187)
	at org.openqa.selenium.remote.http.W3CHttpResponseCodec.decode(W3CHttpResponseCodec.java:122)
	at org.openqa.selenium.remote.http.W3CHttpResponseCodec.decode(W3CHttpResponseCodec.java:49)
	at org.openqa.selenium.remote.HttpCommandExecutor.execute(HttpCommandExecutor.java:158)
	at org.openqa.selenium.remote.service.DriverCommandExecutor.execute(DriverCommandExecutor.java:83)
	at org.openqa.selenium.remote.RemoteWebDriver.execute(RemoteWebDriver.java:552)
	at org.openqa.selenium.remote.RemoteWebElement.execute(RemoteWebElement.java:285)
	at org.openqa.selenium.remote.RemoteWebElement.getText(RemoteWebElement.java:166)
	at com.ae.qa.pagesTenantAdmin.TenantUsersPageTA.validateAdvSearchForFirstNameIsLike(TenantUsersPageTA.java:1009)
	at com.ae.qa.testcasesTenantAdmin.TenantUsersPageTestTA.validateAdvSearchForFirstNameIsLikeTenantuserPageTATest(TenantUsersPageTestTA.java:302)
	at java.base/jdk.internal.reflect.NativeMethodAccessorImpl.invoke0(Native Method)
	at java.base/jdk.internal.reflect.NativeMethodAccessorImpl.invoke(NativeMethodAccessorImpl.java:78)
	at java.base/jdk.internal.reflect.DelegatingMethodAccessorImpl.invoke(DelegatingMethodAccessorImpl.java:43)
	at java.base/java.lang.reflect.Method.invoke(Method.java:567)
	at org.testng.internal.MethodInvocationHelper.invokeMethod(MethodInvocationHelper.java:124)
	at org.testng.internal.Invoker.invokeMethod(Invoker.java:583)
	at org.testng.internal.Invoker.invokeTestMethod(Invoker.java:719)
	at org.testng.internal.Invoker.invokeTestMethods(Invoker.java:989)
	at org.testng.internal.TestMethodWorker.invokeTestMethods(TestMethodWorker.java:125)
	at org.testng.internal.TestMethodWorker.run(TestMethodWorker.java:109)
	at org.testng.TestRunner.privateRun(TestRunner.java:648)
	at org.testng.TestRunner.run(TestRunner.java:505)
	at org.testng.SuiteRunner.runTest(SuiteRunner.java:455)
	at org.testng.SuiteRunner.runSequentially(SuiteRunner.java:450)
	at org.testng.SuiteRunner.privateRun(SuiteRunner.java:415)
	at org.testng.SuiteRunner.run(SuiteRunner.java:364)
	at org.testng.SuiteRunnerWorker.runSuite(SuiteRunnerWorker.java:52)
	at org.testng.SuiteRunnerWorker.run(SuiteRunnerWorker.java:84)
	at org.testng.TestNG.runSuitesSequentially(TestNG.java:1208)
	at org.testng.TestNG.runSuitesLocally(TestNG.java:1137)
	at org.testng.TestNG.runSuites(TestNG.java:1049)
	at org.testng.TestNG.run(TestNG.java:1017)
	at org.testng.remote.AbstractRemoteTestNG.run(AbstractRemoteTestNG.java:115)
	at org.testng.remote.RemoteTestNG.initAndRun(RemoteTestNG.java:251)
	at org.testng.remote.RemoteTestNG.main(RemoteTestNG.java:77)

</div> <!-- stack-trace -->
                </div> <!-- method-content -->
              </div> <!-- method -->
              <div class="method">
                <div class="method-content">
                  <a name="validateAdvSearchForLastNameBeginsWithTenantuserPageTATest(public void com.ae.qa.testcasesTenantAdmin.TenantUsersPageTestTA.validateAdvSearchForLastNameBeginsW...)">
                  </a> <!-- validateAdvSearchForLastNameBeginsWithTenantuserPageTATest(public void com.ae.qa.testcasesTenantAdmin.TenantUsersPageTestTA.validateAdvSearchForLastNameBeginsW...) -->
                  <span class="method-name">validateAdvSearchForLastNameBeginsWithTenantuserPageTATest</span>
                  <span class="parameters">(public void com.ae.qa.testcasesTenantAdmin.TenantUsersPageTestTA.validateAdvSearchForLastNameBeginsWithTenantuserPageTATest(java.lang.reflect.Method) throws java.lang.Exception)</span>
                  <div class="stack-trace">org.openqa.selenium.StaleElementReferenceException: stale element reference: element is not attached to the page document
  (Session info: chrome=109.0.5414.75)
For documentation on this error, please visit: https://www.seleniumhq.org/exceptions/stale_element_reference.html
Build info: version: &apos;3.141.59&apos;, revision: &apos;e82be7d358&apos;, time: &apos;2018-11-14T08:17:03&apos;
System info: host: &apos;DESKTOP-5VHKQUJ&apos;, ip: &apos;192.168.0.112&apos;, os.name: &apos;Windows 10&apos;, os.arch: &apos;amd64&apos;, os.version: &apos;10.0&apos;, java.version: &apos;16.0.2&apos;
Driver info: org.openqa.selenium.chrome.ChromeDriver
Capabilities {acceptInsecureCerts: false, browserName: chrome, browserVersion: 109.0.5414.75, chrome: {chromedriverVersion: 109.0.5414.74 (e7c5703604da..., userDataDir: C:\Users\DELL\AppData\Local...}, goog:chromeOptions: {debuggerAddress: localhost:65357}, javascriptEnabled: true, networkConnectionEnabled: false, pageLoadStrategy: normal, platform: WINDOWS, platformName: WINDOWS, proxy: Proxy(), setWindowRect: true, strictFileInteractability: false, timeouts: {implicit: 0, pageLoad: 300000, script: 30000}, unhandledPromptBehavior: dismiss and notify, webauthn:extension:credBlob: true, webauthn:extension:largeBlob: true, webauthn:virtualAuthenticators: true}
Session ID: 59818cd357e463677d92f68bf7eca7a5
	at java.base/jdk.internal.reflect.NativeConstructorAccessorImpl.newInstance0(Native Method)
	at java.base/jdk.internal.reflect.NativeConstructorAccessorImpl.newInstance(NativeConstructorAccessorImpl.java:78)
	at java.base/jdk.internal.reflect.DelegatingConstructorAccessorImpl.newInstance(DelegatingConstructorAccessorImpl.java:45)
	at java.base/java.lang.reflect.Constructor.newInstanceWithCaller(Constructor.java:499)
	at java.base/java.lang.reflect.Constructor.newInstance(Constructor.java:480)
	at org.openqa.selenium.remote.http.W3CHttpResponseCodec.createException(W3CHttpResponseCodec.java:187)
	at org.openqa.selenium.remote.http.W3CHttpResponseCodec.decode(W3CHttpResponseCodec.java:122)
	at org.openqa.selenium.remote.http.W3CHttpResponseCodec.decode(W3CHttpResponseCodec.java:49)
	at org.openqa.selenium.remote.HttpCommandExecutor.execute(HttpCommandExecutor.java:158)
	at org.openqa.selenium.remote.service.DriverCommandExecutor.execute(DriverCommandExecutor.java:83)
	at org.openqa.selenium.remote.RemoteWebDriver.execute(RemoteWebDriver.java:552)
	at org.openqa.selenium.remote.RemoteWebElement.execute(RemoteWebElement.java:285)
	at org.openqa.selenium.remote.RemoteWebElement.getText(RemoteWebElement.java:166)
	at com.ae.qa.pagesTenantAdmin.TenantUsersPageTA.validateAdvSearchForLastNameBeginsWith(TenantUsersPageTA.java:1129)
	at com.ae.qa.testcasesTenantAdmin.TenantUsersPageTestTA.validateAdvSearchForLastNameBeginsWithTenantuserPageTATest(TenantUsersPageTestTA.java:363)
	at java.base/jdk.internal.reflect.NativeMethodAccessorImpl.invoke0(Native Method)
	at java.base/jdk.internal.reflect.NativeMethodAccessorImpl.invoke(NativeMethodAccessorImpl.java:78)
	at java.base/jdk.internal.reflect.DelegatingMethodAccessorImpl.invoke(DelegatingMethodAccessorImpl.java:43)
	at java.base/java.lang.reflect.Method.invoke(Method.java:567)
	at org.testng.internal.MethodInvocationHelper.invokeMethod(MethodInvocationHelper.java:124)
	at org.testng.internal.Invoker.invokeMethod(Invoker.java:583)
	at org.testng.internal.Invoker.invokeTestMethod(Invoker.java:719)
	at org.testng.internal.Invoker.invokeTestMethods(Invoker.java:989)
	at org.testng.internal.TestMethodWorker.invokeTestMethods(TestMethodWorker.java:125)
	at org.testng.internal.TestMethodWorker.run(TestMethodWorker.java:109)
	at org.testng.TestRunner.privateRun(TestRunner.java:648)
	at org.testng.TestRunner.run(TestRunner.java:505)
	at org.testng.SuiteRunner.runTest(SuiteRunner.java:455)
	at org.testng.SuiteRunner.runSequentially(SuiteRunner.java:450)
	at org.testng.SuiteRunner.privateRun(SuiteRunner.java:415)
	at org.testng.SuiteRunner.run(SuiteRunner.java:364)
	at org.testng.SuiteRunnerWorker.runSuite(SuiteRunnerWorker.java:52)
	at org.testng.SuiteRunnerWorker.run(SuiteRunnerWorker.java:84)
	at org.testng.TestNG.runSuitesSequentially(TestNG.java:1208)
	at org.testng.TestNG.runSuitesLocally(TestNG.java:1137)
	at org.testng.TestNG.runSuites(TestNG.java:1049)
	at org.testng.TestNG.run(TestNG.java:1017)
	at org.testng.remote.AbstractRemoteTestNG.run(AbstractRemoteTestNG.java:115)
	at org.testng.remote.RemoteTestNG.initAndRun(RemoteTestNG.java:251)
	at org.testng.remote.RemoteTestNG.main(RemoteTestNG.java:77)

</div> <!-- stack-trace -->
                </div> <!-- method-content -->
              </div> <!-- method -->
              <div class="method">
                <div class="method-content">
                  <a name="validateAdvSearchForLastNameEndsWithTAdminTenantuserPageTest(public void com.ae.qa.testcasesTenantAdmin.TenantUsersPageTestTA.validateAdvSearchForLastNameEndsWit...)">
                  </a> <!-- validateAdvSearchForLastNameEndsWithTAdminTenantuserPageTest(public void com.ae.qa.testcasesTenantAdmin.TenantUsersPageTestTA.validateAdvSearchForLastNameEndsWit...) -->
                  <span class="method-name">validateAdvSearchForLastNameEndsWithTAdminTenantuserPageTest</span>
                  <span class="parameters">(public void com.ae.qa.testcasesTenantAdmin.TenantUsersPageTestTA.validateAdvSearchForLastNameEndsWithTAdminTenantuserPageTest(java.lang.reflect.Method) throws java.lang.Exception)</span>
                  <div class="stack-trace">org.openqa.selenium.StaleElementReferenceException: stale element reference: element is not attached to the page document
  (Session info: chrome=109.0.5414.75)
For documentation on this error, please visit: https://www.seleniumhq.org/exceptions/stale_element_reference.html
Build info: version: &apos;3.141.59&apos;, revision: &apos;e82be7d358&apos;, time: &apos;2018-11-14T08:17:03&apos;
System info: host: &apos;DESKTOP-5VHKQUJ&apos;, ip: &apos;192.168.0.112&apos;, os.name: &apos;Windows 10&apos;, os.arch: &apos;amd64&apos;, os.version: &apos;10.0&apos;, java.version: &apos;16.0.2&apos;
Driver info: org.openqa.selenium.chrome.ChromeDriver
Capabilities {acceptInsecureCerts: false, browserName: chrome, browserVersion: 109.0.5414.75, chrome: {chromedriverVersion: 109.0.5414.74 (e7c5703604da..., userDataDir: C:\Users\DELL\AppData\Local...}, goog:chromeOptions: {debuggerAddress: localhost:65380}, javascriptEnabled: true, networkConnectionEnabled: false, pageLoadStrategy: normal, platform: WINDOWS, platformName: WINDOWS, proxy: Proxy(), setWindowRect: true, strictFileInteractability: false, timeouts: {implicit: 0, pageLoad: 300000, script: 30000}, unhandledPromptBehavior: dismiss and notify, webauthn:extension:credBlob: true, webauthn:extension:largeBlob: true, webauthn:virtualAuthenticators: true}
Session ID: 5d00692cd1ddb074785f34881786aa34
	at java.base/jdk.internal.reflect.NativeConstructorAccessorImpl.newInstance0(Native Method)
	at java.base/jdk.internal.reflect.NativeConstructorAccessorImpl.newInstance(NativeConstructorAccessorImpl.java:78)
	at java.base/jdk.internal.reflect.DelegatingConstructorAccessorImpl.newInstance(DelegatingConstructorAccessorImpl.java:45)
	at java.base/java.lang.reflect.Constructor.newInstanceWithCaller(Constructor.java:499)
	at java.base/java.lang.reflect.Constructor.newInstance(Constructor.java:480)
	at org.openqa.selenium.remote.http.W3CHttpResponseCodec.createException(W3CHttpResponseCodec.java:187)
	at org.openqa.selenium.remote.http.W3CHttpResponseCodec.decode(W3CHttpResponseCodec.java:122)
	at org.openqa.selenium.remote.http.W3CHttpResponseCodec.decode(W3CHttpResponseCodec.java:49)
	at org.openqa.selenium.remote.HttpCommandExecutor.execute(HttpCommandExecutor.java:158)
	at org.openqa.selenium.remote.service.DriverCommandExecutor.execute(DriverCommandExecutor.java:83)
	at org.openqa.selenium.remote.RemoteWebDriver.execute(RemoteWebDriver.java:552)
	at org.openqa.selenium.remote.RemoteWebElement.execute(RemoteWebElement.java:285)
	at org.openqa.selenium.remote.RemoteWebElement.getText(RemoteWebElement.java:166)
	at com.ae.qa.pagesTenantAdmin.TenantUsersPageTA.validateAdvSearchForLastNameEndsWith(TenantUsersPageTA.java:1151)
	at com.ae.qa.testcasesTenantAdmin.TenantUsersPageTestTA.validateAdvSearchForLastNameEndsWithTAdminTenantuserPageTest(TenantUsersPageTestTA.java:373)
	at java.base/jdk.internal.reflect.NativeMethodAccessorImpl.invoke0(Native Method)
	at java.base/jdk.internal.reflect.NativeMethodAccessorImpl.invoke(NativeMethodAccessorImpl.java:78)
	at java.base/jdk.internal.reflect.DelegatingMethodAccessorImpl.invoke(DelegatingMethodAccessorImpl.java:43)
	at java.base/java.lang.reflect.Method.invoke(Method.java:567)
	at org.testng.internal.MethodInvocationHelper.invokeMethod(MethodInvocationHelper.java:124)
	at org.testng.internal.Invoker.invokeMethod(Invoker.java:583)
	at org.testng.internal.Invoker.invokeTestMethod(Invoker.java:719)
	at org.testng.internal.Invoker.invokeTestMethods(Invoker.java:989)
	at org.testng.internal.TestMethodWorker.invokeTestMethods(TestMethodWorker.java:125)
	at org.testng.internal.TestMethodWorker.run(TestMethodWorker.java:109)
	at org.testng.TestRunner.privateRun(TestRunner.java:648)
	at org.testng.TestRunner.run(TestRunner.java:505)
	at org.testng.SuiteRunner.runTest(SuiteRunner.java:455)
	at org.testng.SuiteRunner.runSequentially(SuiteRunner.java:450)
	at org.testng.SuiteRunner.privateRun(SuiteRunner.java:415)
	at org.testng.SuiteRunner.run(SuiteRunner.java:364)
	at org.testng.SuiteRunnerWorker.runSuite(SuiteRunnerWorker.java:52)
	at org.testng.SuiteRunnerWorker.run(SuiteRunnerWorker.java:84)
	at org.testng.TestNG.runSuitesSequentially(TestNG.java:1208)
	at org.testng.TestNG.runSuitesLocally(TestNG.java:1137)
	at org.testng.TestNG.runSuites(TestNG.java:1049)
	at org.testng.TestNG.run(TestNG.java:1017)
	at org.testng.remote.AbstractRemoteTestNG.run(AbstractRemoteTestNG.java:115)
	at org.testng.remote.RemoteTestNG.initAndRun(RemoteTestNG.java:251)
	at org.testng.remote.RemoteTestNG.main(RemoteTestNG.java:77)

</div> <!-- stack-trace -->
                </div> <!-- method-content -->
              </div> <!-- method -->
              <div class="method">
                <div class="method-content">
                  <a name="validateAdvSearchForLastNameIsLikeTenantuserPageTATest(public void com.ae.qa.testcasesTenantAdmin.TenantUsersPageTestTA.validateAdvSearchForLastNameIsLikeT...)">
                  </a> <!-- validateAdvSearchForLastNameIsLikeTenantuserPageTATest(public void com.ae.qa.testcasesTenantAdmin.TenantUsersPageTestTA.validateAdvSearchForLastNameIsLikeT...) -->
                  <span class="method-name">validateAdvSearchForLastNameIsLikeTenantuserPageTATest</span>
                  <span class="parameters">(public void com.ae.qa.testcasesTenantAdmin.TenantUsersPageTestTA.validateAdvSearchForLastNameIsLikeTenantuserPageTATest(java.lang.reflect.Method) throws java.lang.Exception)</span>
                  <div class="stack-trace">org.openqa.selenium.StaleElementReferenceException: stale element reference: element is not attached to the page document
  (Session info: chrome=109.0.5414.75)
For documentation on this error, please visit: https://www.seleniumhq.org/exceptions/stale_element_reference.html
Build info: version: &apos;3.141.59&apos;, revision: &apos;e82be7d358&apos;, time: &apos;2018-11-14T08:17:03&apos;
System info: host: &apos;DESKTOP-5VHKQUJ&apos;, ip: &apos;192.168.0.112&apos;, os.name: &apos;Windows 10&apos;, os.arch: &apos;amd64&apos;, os.version: &apos;10.0&apos;, java.version: &apos;16.0.2&apos;
Driver info: org.openqa.selenium.chrome.ChromeDriver
Capabilities {acceptInsecureCerts: false, browserName: chrome, browserVersion: 109.0.5414.75, chrome: {chromedriverVersion: 109.0.5414.74 (e7c5703604da..., userDataDir: C:\Users\DELL\AppData\Local...}, goog:chromeOptions: {debuggerAddress: localhost:65326}, javascriptEnabled: true, networkConnectionEnabled: false, pageLoadStrategy: normal, platform: WINDOWS, platformName: WINDOWS, proxy: Proxy(), setWindowRect: true, strictFileInteractability: false, timeouts: {implicit: 0, pageLoad: 300000, script: 30000}, unhandledPromptBehavior: dismiss and notify, webauthn:extension:credBlob: true, webauthn:extension:largeBlob: true, webauthn:virtualAuthenticators: true}
Session ID: 31e25c799c5b5edf11401059af625794
	at java.base/jdk.internal.reflect.NativeConstructorAccessorImpl.newInstance0(Native Method)
	at java.base/jdk.internal.reflect.NativeConstructorAccessorImpl.newInstance(NativeConstructorAccessorImpl.java:78)
	at java.base/jdk.internal.reflect.DelegatingConstructorAccessorImpl.newInstance(DelegatingConstructorAccessorImpl.java:45)
	at java.base/java.lang.reflect.Constructor.newInstanceWithCaller(Constructor.java:499)
	at java.base/java.lang.reflect.Constructor.newInstance(Constructor.java:480)
	at org.openqa.selenium.remote.http.W3CHttpResponseCodec.createException(W3CHttpResponseCodec.java:187)
	at org.openqa.selenium.remote.http.W3CHttpResponseCodec.decode(W3CHttpResponseCodec.java:122)
	at org.openqa.selenium.remote.http.W3CHttpResponseCodec.decode(W3CHttpResponseCodec.java:49)
	at org.openqa.selenium.remote.HttpCommandExecutor.execute(HttpCommandExecutor.java:158)
	at org.openqa.selenium.remote.service.DriverCommandExecutor.execute(DriverCommandExecutor.java:83)
	at org.openqa.selenium.remote.RemoteWebDriver.execute(RemoteWebDriver.java:552)
	at org.openqa.selenium.remote.RemoteWebElement.execute(RemoteWebElement.java:285)
	at org.openqa.selenium.remote.RemoteWebElement.getText(RemoteWebElement.java:166)
	at com.ae.qa.pagesTenantAdmin.TenantUsersPageTA.validateAdvSearchForLastNameIsLike(TenantUsersPageTA.java:1109)
	at com.ae.qa.testcasesTenantAdmin.TenantUsersPageTestTA.validateAdvSearchForLastNameIsLikeTenantuserPageTATest(TenantUsersPageTestTA.java:353)
	at java.base/jdk.internal.reflect.NativeMethodAccessorImpl.invoke0(Native Method)
	at java.base/jdk.internal.reflect.NativeMethodAccessorImpl.invoke(NativeMethodAccessorImpl.java:78)
	at java.base/jdk.internal.reflect.DelegatingMethodAccessorImpl.invoke(DelegatingMethodAccessorImpl.java:43)
	at java.base/java.lang.reflect.Method.invoke(Method.java:567)
	at org.testng.internal.MethodInvocationHelper.invokeMethod(MethodInvocationHelper.java:124)
	at org.testng.internal.Invoker.invokeMethod(Invoker.java:583)
	at org.testng.internal.Invoker.invokeTestMethod(Invoker.java:719)
	at org.testng.internal.Invoker.invokeTestMethods(Invoker.java:989)
	at org.testng.internal.TestMethodWorker.invokeTestMethods(TestMethodWorker.java:125)
	at org.testng.internal.TestMethodWorker.run(TestMethodWorker.java:109)
	at org.testng.TestRunner.privateRun(TestRunner.java:648)
	at org.testng.TestRunner.run(TestRunner.java:505)
	at org.testng.SuiteRunner.runTest(SuiteRunner.java:455)
	at org.testng.SuiteRunner.runSequentially(SuiteRunner.java:450)
	at org.testng.SuiteRunner.privateRun(SuiteRunner.java:415)
	at org.testng.SuiteRunner.run(SuiteRunner.java:364)
	at org.testng.SuiteRunnerWorker.runSuite(SuiteRunnerWorker.java:52)
	at org.testng.SuiteRunnerWorker.run(SuiteRunnerWorker.java:84)
	at org.testng.TestNG.runSuitesSequentially(TestNG.java:1208)
	at org.testng.TestNG.runSuitesLocally(TestNG.java:1137)
	at org.testng.TestNG.runSuites(TestNG.java:1049)
	at org.testng.TestNG.run(TestNG.java:1017)
	at org.testng.remote.AbstractRemoteTestNG.run(AbstractRemoteTestNG.java:115)
	at org.testng.remote.RemoteTestNG.initAndRun(RemoteTestNG.java:251)
	at org.testng.remote.RemoteTestNG.main(RemoteTestNG.java:77)

</div> <!-- stack-trace -->
                </div> <!-- method-content -->
              </div> <!-- method -->
              <div class="method">
                <div class="method-content">
                  <a name="validateAdvSearchForLastNameNotEqualToTenantuserPageTATest(public void com.ae.qa.testcasesTenantAdmin.TenantUsersPageTestTA.validateAdvSearchForLastNameNotEqua...)">
                  </a> <!-- validateAdvSearchForLastNameNotEqualToTenantuserPageTATest(public void com.ae.qa.testcasesTenantAdmin.TenantUsersPageTestTA.validateAdvSearchForLastNameNotEqua...) -->
                  <span class="method-name">validateAdvSearchForLastNameNotEqualToTenantuserPageTATest</span>
                  <span class="parameters">(public void com.ae.qa.testcasesTenantAdmin.TenantUsersPageTestTA.validateAdvSearchForLastNameNotEqualToTenantuserPageTATest(java.lang.reflect.Method) throws java.lang.Exception)</span>
                  <div class="stack-trace">org.openqa.selenium.StaleElementReferenceException: stale element reference: element is not attached to the page document
  (Session info: chrome=109.0.5414.75)
For documentation on this error, please visit: https://www.seleniumhq.org/exceptions/stale_element_reference.html
Build info: version: &apos;3.141.59&apos;, revision: &apos;e82be7d358&apos;, time: &apos;2018-11-14T08:17:03&apos;
System info: host: &apos;DESKTOP-5VHKQUJ&apos;, ip: &apos;192.168.0.112&apos;, os.name: &apos;Windows 10&apos;, os.arch: &apos;amd64&apos;, os.version: &apos;10.0&apos;, java.version: &apos;16.0.2&apos;
Driver info: org.openqa.selenium.chrome.ChromeDriver
Capabilities {acceptInsecureCerts: false, browserName: chrome, browserVersion: 109.0.5414.75, chrome: {chromedriverVersion: 109.0.5414.74 (e7c5703604da..., userDataDir: C:\Users\DELL\AppData\Local...}, goog:chromeOptions: {debuggerAddress: localhost:65300}, javascriptEnabled: true, networkConnectionEnabled: false, pageLoadStrategy: normal, platform: WINDOWS, platformName: WINDOWS, proxy: Proxy(), setWindowRect: true, strictFileInteractability: false, timeouts: {implicit: 0, pageLoad: 300000, script: 30000}, unhandledPromptBehavior: dismiss and notify, webauthn:extension:credBlob: true, webauthn:extension:largeBlob: true, webauthn:virtualAuthenticators: true}
Session ID: f1719b58f518cf2bc882ccb73d07de08
	at java.base/jdk.internal.reflect.NativeConstructorAccessorImpl.newInstance0(Native Method)
	at java.base/jdk.internal.reflect.NativeConstructorAccessorImpl.newInstance(NativeConstructorAccessorImpl.java:78)
	at java.base/jdk.internal.reflect.DelegatingConstructorAccessorImpl.newInstance(DelegatingConstructorAccessorImpl.java:45)
	at java.base/java.lang.reflect.Constructor.newInstanceWithCaller(Constructor.java:499)
	at java.base/java.lang.reflect.Constructor.newInstance(Constructor.java:480)
	at org.openqa.selenium.remote.http.W3CHttpResponseCodec.createException(W3CHttpResponseCodec.java:187)
	at org.openqa.selenium.remote.http.W3CHttpResponseCodec.decode(W3CHttpResponseCodec.java:122)
	at org.openqa.selenium.remote.http.W3CHttpResponseCodec.decode(W3CHttpResponseCodec.java:49)
	at org.openqa.selenium.remote.HttpCommandExecutor.execute(HttpCommandExecutor.java:158)
	at org.openqa.selenium.remote.service.DriverCommandExecutor.execute(DriverCommandExecutor.java:83)
	at org.openqa.selenium.remote.RemoteWebDriver.execute(RemoteWebDriver.java:552)
	at org.openqa.selenium.remote.RemoteWebElement.execute(RemoteWebElement.java:285)
	at org.openqa.selenium.remote.RemoteWebElement.getText(RemoteWebElement.java:166)
	at com.ae.qa.pagesTenantAdmin.TenantUsersPageTA.validateAdvSearchForLastNameNotEqualTo(TenantUsersPageTA.java:1089)
	at com.ae.qa.testcasesTenantAdmin.TenantUsersPageTestTA.validateAdvSearchForLastNameNotEqualToTenantuserPageTATest(TenantUsersPageTestTA.java:343)
	at java.base/jdk.internal.reflect.NativeMethodAccessorImpl.invoke0(Native Method)
	at java.base/jdk.internal.reflect.NativeMethodAccessorImpl.invoke(NativeMethodAccessorImpl.java:78)
	at java.base/jdk.internal.reflect.DelegatingMethodAccessorImpl.invoke(DelegatingMethodAccessorImpl.java:43)
	at java.base/java.lang.reflect.Method.invoke(Method.java:567)
	at org.testng.internal.MethodInvocationHelper.invokeMethod(MethodInvocationHelper.java:124)
	at org.testng.internal.Invoker.invokeMethod(Invoker.java:583)
	at org.testng.internal.Invoker.invokeTestMethod(Invoker.java:719)
	at org.testng.internal.Invoker.invokeTestMethods(Invoker.java:989)
	at org.testng.internal.TestMethodWorker.invokeTestMethods(TestMethodWorker.java:125)
	at org.testng.internal.TestMethodWorker.run(TestMethodWorker.java:109)
	at org.testng.TestRunner.privateRun(TestRunner.java:648)
	at org.testng.TestRunner.run(TestRunner.java:505)
	at org.testng.SuiteRunner.runTest(SuiteRunner.java:455)
	at org.testng.SuiteRunner.runSequentially(SuiteRunner.java:450)
	at org.testng.SuiteRunner.privateRun(SuiteRunner.java:415)
	at org.testng.SuiteRunner.run(SuiteRunner.java:364)
	at org.testng.SuiteRunnerWorker.runSuite(SuiteRunnerWorker.java:52)
	at org.testng.SuiteRunnerWorker.run(SuiteRunnerWorker.java:84)
	at org.testng.TestNG.runSuitesSequentially(TestNG.java:1208)
	at org.testng.TestNG.runSuitesLocally(TestNG.java:1137)
	at org.testng.TestNG.runSuites(TestNG.java:1049)
	at org.testng.TestNG.run(TestNG.java:1017)
	at org.testng.remote.AbstractRemoteTestNG.run(AbstractRemoteTestNG.java:115)
	at org.testng.remote.RemoteTestNG.initAndRun(RemoteTestNG.java:251)
	at org.testng.remote.RemoteTestNG.main(RemoteTestNG.java:77)

</div> <!-- stack-trace -->
                </div> <!-- method-content -->
              </div> <!-- method -->
              <div class="method">
                <div class="method-content">
                  <a name="validateAdvSearchForUserNameBeginsWithTenantuserPageTATest(public void com.ae.qa.testcasesTenantAdmin.TenantUsersPageTestTA.validateAdvSearchForUserNameBeginsW...)">
                  </a> <!-- validateAdvSearchForUserNameBeginsWithTenantuserPageTATest(public void com.ae.qa.testcasesTenantAdmin.TenantUsersPageTestTA.validateAdvSearchForUserNameBeginsW...) -->
                  <span class="method-name">validateAdvSearchForUserNameBeginsWithTenantuserPageTATest</span>
                  <span class="parameters">(public void com.ae.qa.testcasesTenantAdmin.TenantUsersPageTestTA.validateAdvSearchForUserNameBeginsWithTenantuserPageTATest(java.lang.reflect.Method) throws java.lang.Exception)</span>
                  <div class="stack-trace">java.lang.AssertionError: expected [true] but found [false]
	at org.testng.Assert.fail(Assert.java:96)
	at org.testng.Assert.failNotEquals(Assert.java:776)
	at org.testng.Assert.assertTrue(Assert.java:44)
	at org.testng.Assert.assertTrue(Assert.java:54)
	at com.ae.qa.pagesTenantAdmin.TenantUsersPageTA.validateAdvSearchForUserNameBeginsWith(TenantUsersPageTA.java:936)
	at com.ae.qa.testcasesTenantAdmin.TenantUsersPageTestTA.validateAdvSearchForUserNameBeginsWithTenantuserPageTATest(TenantUsersPageTestTA.java:261)
	at java.base/jdk.internal.reflect.NativeMethodAccessorImpl.invoke0(Native Method)
	at java.base/jdk.internal.reflect.NativeMethodAccessorImpl.invoke(NativeMethodAccessorImpl.java:78)
	at java.base/jdk.internal.reflect.DelegatingMethodAccessorImpl.invoke(DelegatingMethodAccessorImpl.java:43)
	at java.base/java.lang.reflect.Method.invoke(Method.java:567)
	at org.testng.internal.MethodInvocationHelper.invokeMethod(MethodInvocationHelper.java:124)
	at org.testng.internal.Invoker.invokeMethod(Invoker.java:583)
	at org.testng.internal.Invoker.invokeTestMethod(Invoker.java:719)
	at org.testng.internal.Invoker.invokeTestMethods(Invoker.java:989)
	at org.testng.internal.TestMethodWorker.invokeTestMethods(TestMethodWorker.java:125)
	at org.testng.internal.TestMethodWorker.run(TestMethodWorker.java:109)
	at org.testng.TestRunner.privateRun(TestRunner.java:648)
	at org.testng.TestRunner.run(TestRunner.java:505)
	at org.testng.SuiteRunner.runTest(SuiteRunner.java:455)
	at org.testng.SuiteRunner.runSequentially(SuiteRunner.java:450)
	at org.testng.SuiteRunner.privateRun(SuiteRunner.java:415)
	at org.testng.SuiteRunner.run(SuiteRunner.java:364)
	at org.testng.SuiteRunnerWorker.runSuite(SuiteRunnerWorker.java:52)
	at org.testng.SuiteRunnerWorker.run(SuiteRunnerWorker.java:84)
	at org.testng.TestNG.runSuitesSequentially(TestNG.java:1208)
	at org.testng.TestNG.runSuitesLocally(TestNG.java:1137)
	at org.testng.TestNG.runSuites(TestNG.java:1049)
	at org.testng.TestNG.run(TestNG.java:1017)
	at org.testng.remote.AbstractRemoteTestNG.run(AbstractRemoteTestNG.java:115)
	at org.testng.remote.RemoteTestNG.initAndRun(RemoteTestNG.java:251)
	at org.testng.remote.RemoteTestNG.main(RemoteTestNG.java:77)

</div> <!-- stack-trace -->
                </div> <!-- method-content -->
              </div> <!-- method -->
              <div class="method">
                <div class="method-content">
                  <a name="validateAdvSearchForUserNameEndsWithTenantuserPageTATest(public void com.ae.qa.testcasesTenantAdmin.TenantUsersPageTestTA.validateAdvSearchForUserNameEndsWit...)">
                  </a> <!-- validateAdvSearchForUserNameEndsWithTenantuserPageTATest(public void com.ae.qa.testcasesTenantAdmin.TenantUsersPageTestTA.validateAdvSearchForUserNameEndsWit...) -->
                  <span class="method-name">validateAdvSearchForUserNameEndsWithTenantuserPageTATest</span>
                  <span class="parameters">(public void com.ae.qa.testcasesTenantAdmin.TenantUsersPageTestTA.validateAdvSearchForUserNameEndsWithTenantuserPageTATest(java.lang.reflect.Method) throws java.lang.Exception)</span>
                  <div class="stack-trace">org.openqa.selenium.StaleElementReferenceException: stale element reference: element is not attached to the page document
  (Session info: chrome=109.0.5414.75)
For documentation on this error, please visit: https://www.seleniumhq.org/exceptions/stale_element_reference.html
Build info: version: &apos;3.141.59&apos;, revision: &apos;e82be7d358&apos;, time: &apos;2018-11-14T08:17:03&apos;
System info: host: &apos;DESKTOP-5VHKQUJ&apos;, ip: &apos;192.168.0.112&apos;, os.name: &apos;Windows 10&apos;, os.arch: &apos;amd64&apos;, os.version: &apos;10.0&apos;, java.version: &apos;16.0.2&apos;
Driver info: org.openqa.selenium.chrome.ChromeDriver
Capabilities {acceptInsecureCerts: false, browserName: chrome, browserVersion: 109.0.5414.75, chrome: {chromedriverVersion: 109.0.5414.74 (e7c5703604da..., userDataDir: C:\Users\DELL\AppData\Local...}, goog:chromeOptions: {debuggerAddress: localhost:64980}, javascriptEnabled: true, networkConnectionEnabled: false, pageLoadStrategy: normal, platform: WINDOWS, platformName: WINDOWS, proxy: Proxy(), setWindowRect: true, strictFileInteractability: false, timeouts: {implicit: 0, pageLoad: 300000, script: 30000}, unhandledPromptBehavior: dismiss and notify, webauthn:extension:credBlob: true, webauthn:extension:largeBlob: true, webauthn:virtualAuthenticators: true}
Session ID: a59097632a7b536b5d0ed6a9d1cf7b92
	at java.base/jdk.internal.reflect.NativeConstructorAccessorImpl.newInstance0(Native Method)
	at java.base/jdk.internal.reflect.NativeConstructorAccessorImpl.newInstance(NativeConstructorAccessorImpl.java:78)
	at java.base/jdk.internal.reflect.DelegatingConstructorAccessorImpl.newInstance(DelegatingConstructorAccessorImpl.java:45)
	at java.base/java.lang.reflect.Constructor.newInstanceWithCaller(Constructor.java:499)
	at java.base/java.lang.reflect.Constructor.newInstance(Constructor.java:480)
	at org.openqa.selenium.remote.http.W3CHttpResponseCodec.createException(W3CHttpResponseCodec.java:187)
	at org.openqa.selenium.remote.http.W3CHttpResponseCodec.decode(W3CHttpResponseCodec.java:122)
	at org.openqa.selenium.remote.http.W3CHttpResponseCodec.decode(W3CHttpResponseCodec.java:49)
	at org.openqa.selenium.remote.HttpCommandExecutor.execute(HttpCommandExecutor.java:158)
	at org.openqa.selenium.remote.service.DriverCommandExecutor.execute(DriverCommandExecutor.java:83)
	at org.openqa.selenium.remote.RemoteWebDriver.execute(RemoteWebDriver.java:552)
	at org.openqa.selenium.remote.RemoteWebElement.execute(RemoteWebElement.java:285)
	at org.openqa.selenium.remote.RemoteWebElement.getText(RemoteWebElement.java:166)
	at com.ae.qa.pagesTenantAdmin.TenantUsersPageTA.validateAdvSearchForUserNameEndsWith(TenantUsersPageTA.java:952)
	at com.ae.qa.testcasesTenantAdmin.TenantUsersPageTestTA.validateAdvSearchForUserNameEndsWithTenantuserPageTATest(TenantUsersPageTestTA.java:271)
	at java.base/jdk.internal.reflect.NativeMethodAccessorImpl.invoke0(Native Method)
	at java.base/jdk.internal.reflect.NativeMethodAccessorImpl.invoke(NativeMethodAccessorImpl.java:78)
	at java.base/jdk.internal.reflect.DelegatingMethodAccessorImpl.invoke(DelegatingMethodAccessorImpl.java:43)
	at java.base/java.lang.reflect.Method.invoke(Method.java:567)
	at org.testng.internal.MethodInvocationHelper.invokeMethod(MethodInvocationHelper.java:124)
	at org.testng.internal.Invoker.invokeMethod(Invoker.java:583)
	at org.testng.internal.Invoker.invokeTestMethod(Invoker.java:719)
	at org.testng.internal.Invoker.invokeTestMethods(Invoker.java:989)
	at org.testng.internal.TestMethodWorker.invokeTestMethods(TestMethodWorker.java:125)
	at org.testng.internal.TestMethodWorker.run(TestMethodWorker.java:109)
	at org.testng.TestRunner.privateRun(TestRunner.java:648)
	at org.testng.TestRunner.run(TestRunner.java:505)
	at org.testng.SuiteRunner.runTest(SuiteRunner.java:455)
	at org.testng.SuiteRunner.runSequentially(SuiteRunner.java:450)
	at org.testng.SuiteRunner.privateRun(SuiteRunner.java:415)
	at org.testng.SuiteRunner.run(SuiteRunner.java:364)
	at org.testng.SuiteRunnerWorker.runSuite(SuiteRunnerWorker.java:52)
	at org.testng.SuiteRunnerWorker.run(SuiteRunnerWorker.java:84)
	at org.testng.TestNG.runSuitesSequentially(TestNG.java:1208)
	at org.testng.TestNG.runSuitesLocally(TestNG.java:1137)
	at org.testng.TestNG.runSuites(TestNG.java:1049)
	at org.testng.TestNG.run(TestNG.java:1017)
	at org.testng.remote.AbstractRemoteTestNG.run(AbstractRemoteTestNG.java:115)
	at org.testng.remote.RemoteTestNG.initAndRun(RemoteTestNG.java:251)
	at org.testng.remote.RemoteTestNG.main(RemoteTestNG.java:77)

</div> <!-- stack-trace -->
                </div> <!-- method-content -->
              </div> <!-- method -->
              <div class="method">
                <div class="method-content">
                  <a name="validateAdvSearchForUserNameEqualToTenantuserPageTATest(public void com.ae.qa.testcasesTenantAdmin.TenantUsersPageTestTA.validateAdvSearchForUserNameEqualTo...)">
                  </a> <!-- validateAdvSearchForUserNameEqualToTenantuserPageTATest(public void com.ae.qa.testcasesTenantAdmin.TenantUsersPageTestTA.validateAdvSearchForUserNameEqualTo...) -->
                  <span class="method-name">validateAdvSearchForUserNameEqualToTenantuserPageTATest</span>
                  <span class="parameters">(public void com.ae.qa.testcasesTenantAdmin.TenantUsersPageTestTA.validateAdvSearchForUserNameEqualToTenantuserPageTATest(java.lang.reflect.Method) throws java.lang.Exception)</span>
                  <div class="stack-trace">org.openqa.selenium.StaleElementReferenceException: stale element reference: element is not attached to the page document
  (Session info: chrome=109.0.5414.75)
For documentation on this error, please visit: https://www.seleniumhq.org/exceptions/stale_element_reference.html
Build info: version: &apos;3.141.59&apos;, revision: &apos;e82be7d358&apos;, time: &apos;2018-11-14T08:17:03&apos;
System info: host: &apos;DESKTOP-5VHKQUJ&apos;, ip: &apos;192.168.0.112&apos;, os.name: &apos;Windows 10&apos;, os.arch: &apos;amd64&apos;, os.version: &apos;10.0&apos;, java.version: &apos;16.0.2&apos;
Driver info: org.openqa.selenium.chrome.ChromeDriver
Capabilities {acceptInsecureCerts: false, browserName: chrome, browserVersion: 109.0.5414.75, chrome: {chromedriverVersion: 109.0.5414.74 (e7c5703604da..., userDataDir: C:\Users\DELL\AppData\Local...}, goog:chromeOptions: {debuggerAddress: localhost:64869}, javascriptEnabled: true, networkConnectionEnabled: false, pageLoadStrategy: normal, platform: WINDOWS, platformName: WINDOWS, proxy: Proxy(), setWindowRect: true, strictFileInteractability: false, timeouts: {implicit: 0, pageLoad: 300000, script: 30000}, unhandledPromptBehavior: dismiss and notify, webauthn:extension:credBlob: true, webauthn:extension:largeBlob: true, webauthn:virtualAuthenticators: true}
Session ID: 013db00c5ddf1be46717947425efbc0c
	at java.base/jdk.internal.reflect.NativeConstructorAccessorImpl.newInstance0(Native Method)
	at java.base/jdk.internal.reflect.NativeConstructorAccessorImpl.newInstance(NativeConstructorAccessorImpl.java:78)
	at java.base/jdk.internal.reflect.DelegatingConstructorAccessorImpl.newInstance(DelegatingConstructorAccessorImpl.java:45)
	at java.base/java.lang.reflect.Constructor.newInstanceWithCaller(Constructor.java:499)
	at java.base/java.lang.reflect.Constructor.newInstance(Constructor.java:480)
	at org.openqa.selenium.remote.http.W3CHttpResponseCodec.createException(W3CHttpResponseCodec.java:187)
	at org.openqa.selenium.remote.http.W3CHttpResponseCodec.decode(W3CHttpResponseCodec.java:122)
	at org.openqa.selenium.remote.http.W3CHttpResponseCodec.decode(W3CHttpResponseCodec.java:49)
	at org.openqa.selenium.remote.HttpCommandExecutor.execute(HttpCommandExecutor.java:158)
	at org.openqa.selenium.remote.service.DriverCommandExecutor.execute(DriverCommandExecutor.java:83)
	at org.openqa.selenium.remote.RemoteWebDriver.execute(RemoteWebDriver.java:552)
	at org.openqa.selenium.remote.RemoteWebElement.execute(RemoteWebElement.java:285)
	at org.openqa.selenium.remote.RemoteWebElement.getText(RemoteWebElement.java:166)
	at com.ae.qa.pagesTenantAdmin.TenantUsersPageTA.validateAdvSearchForUserNameEqualTo(TenantUsersPageTA.java:876)
	at com.ae.qa.testcasesTenantAdmin.TenantUsersPageTestTA.validateAdvSearchForUserNameEqualToTenantuserPageTATest(TenantUsersPageTestTA.java:231)
	at java.base/jdk.internal.reflect.NativeMethodAccessorImpl.invoke0(Native Method)
	at java.base/jdk.internal.reflect.NativeMethodAccessorImpl.invoke(NativeMethodAccessorImpl.java:78)
	at java.base/jdk.internal.reflect.DelegatingMethodAccessorImpl.invoke(DelegatingMethodAccessorImpl.java:43)
	at java.base/java.lang.reflect.Method.invoke(Method.java:567)
	at org.testng.internal.MethodInvocationHelper.invokeMethod(MethodInvocationHelper.java:124)
	at org.testng.internal.Invoker.invokeMethod(Invoker.java:583)
	at org.testng.internal.Invoker.invokeTestMethod(Invoker.java:719)
	at org.testng.internal.Invoker.invokeTestMethods(Invoker.java:989)
	at org.testng.internal.TestMethodWorker.invokeTestMethods(TestMethodWorker.java:125)
	at org.testng.internal.TestMethodWorker.run(TestMethodWorker.java:109)
	at org.testng.TestRunner.privateRun(TestRunner.java:648)
	at org.testng.TestRunner.run(TestRunner.java:505)
	at org.testng.SuiteRunner.runTest(SuiteRunner.java:455)
	at org.testng.SuiteRunner.runSequentially(SuiteRunner.java:450)
	at org.testng.SuiteRunner.privateRun(SuiteRunner.java:415)
	at org.testng.SuiteRunner.run(SuiteRunner.java:364)
	at org.testng.SuiteRunnerWorker.runSuite(SuiteRunnerWorker.java:52)
	at org.testng.SuiteRunnerWorker.run(SuiteRunnerWorker.java:84)
	at org.testng.TestNG.runSuitesSequentially(TestNG.java:1208)
	at org.testng.TestNG.runSuitesLocally(TestNG.java:1137)
	at org.testng.TestNG.runSuites(TestNG.java:1049)
	at org.testng.TestNG.run(TestNG.java:1017)
	at org.testng.remote.AbstractRemoteTestNG.run(AbstractRemoteTestNG.java:115)
	at org.testng.remote.RemoteTestNG.initAndRun(RemoteTestNG.java:251)
	at org.testng.remote.RemoteTestNG.main(RemoteTestNG.java:77)

</div> <!-- stack-trace -->
                </div> <!-- method-content -->
              </div> <!-- method -->
              <div class="method">
                <div class="method-content">
                  <a name="validateAdvSearchForUserNameNotEqualToTenantuserPageTATest(public void com.ae.qa.testcasesTenantAdmin.TenantUsersPageTestTA.validateAdvSearchForUserNameNotEqua...)">
                  </a> <!-- validateAdvSearchForUserNameNotEqualToTenantuserPageTATest(public void com.ae.qa.testcasesTenantAdmin.TenantUsersPageTestTA.validateAdvSearchForUserNameNotEqua...) -->
                  <span class="method-name">validateAdvSearchForUserNameNotEqualToTenantuserPageTATest</span>
                  <span class="parameters">(public void com.ae.qa.testcasesTenantAdmin.TenantUsersPageTestTA.validateAdvSearchForUserNameNotEqualToTenantuserPageTATest(java.lang.reflect.Method) throws java.lang.Exception)</span>
                  <div class="stack-trace">org.openqa.selenium.StaleElementReferenceException: stale element reference: element is not attached to the page document
  (Session info: chrome=109.0.5414.75)
For documentation on this error, please visit: https://www.seleniumhq.org/exceptions/stale_element_reference.html
Build info: version: &apos;3.141.59&apos;, revision: &apos;e82be7d358&apos;, time: &apos;2018-11-14T08:17:03&apos;
System info: host: &apos;DESKTOP-5VHKQUJ&apos;, ip: &apos;192.168.0.112&apos;, os.name: &apos;Windows 10&apos;, os.arch: &apos;amd64&apos;, os.version: &apos;10.0&apos;, java.version: &apos;16.0.2&apos;
Driver info: org.openqa.selenium.chrome.ChromeDriver
Capabilities {acceptInsecureCerts: false, browserName: chrome, browserVersion: 109.0.5414.75, chrome: {chromedriverVersion: 109.0.5414.74 (e7c5703604da..., userDataDir: C:\Users\DELL\AppData\Local...}, goog:chromeOptions: {debuggerAddress: localhost:64903}, javascriptEnabled: true, networkConnectionEnabled: false, pageLoadStrategy: normal, platform: WINDOWS, platformName: WINDOWS, proxy: Proxy(), setWindowRect: true, strictFileInteractability: false, timeouts: {implicit: 0, pageLoad: 300000, script: 30000}, unhandledPromptBehavior: dismiss and notify, webauthn:extension:credBlob: true, webauthn:extension:largeBlob: true, webauthn:virtualAuthenticators: true}
Session ID: 6ee42060fe99a0a3336f092a7e97beaf
	at java.base/jdk.internal.reflect.NativeConstructorAccessorImpl.newInstance0(Native Method)
	at java.base/jdk.internal.reflect.NativeConstructorAccessorImpl.newInstance(NativeConstructorAccessorImpl.java:78)
	at java.base/jdk.internal.reflect.DelegatingConstructorAccessorImpl.newInstance(DelegatingConstructorAccessorImpl.java:45)
	at java.base/java.lang.reflect.Constructor.newInstanceWithCaller(Constructor.java:499)
	at java.base/java.lang.reflect.Constructor.newInstance(Constructor.java:480)
	at org.openqa.selenium.remote.http.W3CHttpResponseCodec.createException(W3CHttpResponseCodec.java:187)
	at org.openqa.selenium.remote.http.W3CHttpResponseCodec.decode(W3CHttpResponseCodec.java:122)
	at org.openqa.selenium.remote.http.W3CHttpResponseCodec.decode(W3CHttpResponseCodec.java:49)
	at org.openqa.selenium.remote.HttpCommandExecutor.execute(HttpCommandExecutor.java:158)
	at org.openqa.selenium.remote.service.DriverCommandExecutor.execute(DriverCommandExecutor.java:83)
	at org.openqa.selenium.remote.RemoteWebDriver.execute(RemoteWebDriver.java:552)
	at org.openqa.selenium.remote.RemoteWebElement.execute(RemoteWebElement.java:285)
	at org.openqa.selenium.remote.RemoteWebElement.getText(RemoteWebElement.java:166)
	at com.ae.qa.pagesTenantAdmin.TenantUsersPageTA.validateAdvSearchForUserNameNotEqualTo(TenantUsersPageTA.java:894)
	at com.ae.qa.testcasesTenantAdmin.TenantUsersPageTestTA.validateAdvSearchForUserNameNotEqualToTenantuserPageTATest(TenantUsersPageTestTA.java:241)
	at java.base/jdk.internal.reflect.NativeMethodAccessorImpl.invoke0(Native Method)
	at java.base/jdk.internal.reflect.NativeMethodAccessorImpl.invoke(NativeMethodAccessorImpl.java:78)
	at java.base/jdk.internal.reflect.DelegatingMethodAccessorImpl.invoke(DelegatingMethodAccessorImpl.java:43)
	at java.base/java.lang.reflect.Method.invoke(Method.java:567)
	at org.testng.internal.MethodInvocationHelper.invokeMethod(MethodInvocationHelper.java:124)
	at org.testng.internal.Invoker.invokeMethod(Invoker.java:583)
	at org.testng.internal.Invoker.invokeTestMethod(Invoker.java:719)
	at org.testng.internal.Invoker.invokeTestMethods(Invoker.java:989)
	at org.testng.internal.TestMethodWorker.invokeTestMethods(TestMethodWorker.java:125)
	at org.testng.internal.TestMethodWorker.run(TestMethodWorker.java:109)
	at org.testng.TestRunner.privateRun(TestRunner.java:648)
	at org.testng.TestRunner.run(TestRunner.java:505)
	at org.testng.SuiteRunner.runTest(SuiteRunner.java:455)
	at org.testng.SuiteRunner.runSequentially(SuiteRunner.java:450)
	at org.testng.SuiteRunner.privateRun(SuiteRunner.java:415)
	at org.testng.SuiteRunner.run(SuiteRunner.java:364)
	at org.testng.SuiteRunnerWorker.runSuite(SuiteRunnerWorker.java:52)
	at org.testng.SuiteRunnerWorker.run(SuiteRunnerWorker.java:84)
	at org.testng.TestNG.runSuitesSequentially(TestNG.java:1208)
	at org.testng.TestNG.runSuitesLocally(TestNG.java:1137)
	at org.testng.TestNG.runSuites(TestNG.java:1049)
	at org.testng.TestNG.run(TestNG.java:1017)
	at org.testng.remote.AbstractRemoteTestNG.run(AbstractRemoteTestNG.java:115)
	at org.testng.remote.RemoteTestNG.initAndRun(RemoteTestNG.java:251)
	at org.testng.remote.RemoteTestNG.main(RemoteTestNG.java:77)

</div> <!-- stack-trace -->
                </div> <!-- method-content -->
              </div> <!-- method -->
              <div class="method">
                <div class="method-content">
                  <a name="validateStateDropdownEqualToTenantuserPageTATest(public void com.ae.qa.testcasesTenantAdmin.TenantUsersPageTestTA.validateStateDropdownEqualToTenantu...)">
                  </a> <!-- validateStateDropdownEqualToTenantuserPageTATest(public void com.ae.qa.testcasesTenantAdmin.TenantUsersPageTestTA.validateStateDropdownEqualToTenantu...) -->
                  <span class="method-name">validateStateDropdownEqualToTenantuserPageTATest</span>
                  <span class="parameters">(public void com.ae.qa.testcasesTenantAdmin.TenantUsersPageTestTA.validateStateDropdownEqualToTenantuserPageTATest(java.lang.reflect.Method) throws java.lang.Exception)</span>
                  <div class="stack-trace">org.openqa.selenium.StaleElementReferenceException: stale element reference: element is not attached to the page document
  (Session info: chrome=109.0.5414.75)
For documentation on this error, please visit: https://www.seleniumhq.org/exceptions/stale_element_reference.html
Build info: version: &apos;3.141.59&apos;, revision: &apos;e82be7d358&apos;, time: &apos;2018-11-14T08:17:03&apos;
System info: host: &apos;DESKTOP-5VHKQUJ&apos;, ip: &apos;192.168.0.112&apos;, os.name: &apos;Windows 10&apos;, os.arch: &apos;amd64&apos;, os.version: &apos;10.0&apos;, java.version: &apos;16.0.2&apos;
Driver info: org.openqa.selenium.chrome.ChromeDriver
Capabilities {acceptInsecureCerts: false, browserName: chrome, browserVersion: 109.0.5414.75, chrome: {chromedriverVersion: 109.0.5414.74 (e7c5703604da..., userDataDir: C:\Users\DELL\AppData\Local...}, goog:chromeOptions: {debuggerAddress: localhost:49543}, javascriptEnabled: true, networkConnectionEnabled: false, pageLoadStrategy: normal, platform: WINDOWS, platformName: WINDOWS, proxy: Proxy(), setWindowRect: true, strictFileInteractability: false, timeouts: {implicit: 0, pageLoad: 300000, script: 30000}, unhandledPromptBehavior: dismiss and notify, webauthn:extension:credBlob: true, webauthn:extension:largeBlob: true, webauthn:virtualAuthenticators: true}
Session ID: 762767711d1285fe07057eae65657498
	at java.base/jdk.internal.reflect.NativeConstructorAccessorImpl.newInstance0(Native Method)
	at java.base/jdk.internal.reflect.NativeConstructorAccessorImpl.newInstance(NativeConstructorAccessorImpl.java:78)
	at java.base/jdk.internal.reflect.DelegatingConstructorAccessorImpl.newInstance(DelegatingConstructorAccessorImpl.java:45)
	at java.base/java.lang.reflect.Constructor.newInstanceWithCaller(Constructor.java:499)
	at java.base/java.lang.reflect.Constructor.newInstance(Constructor.java:480)
	at org.openqa.selenium.remote.http.W3CHttpResponseCodec.createException(W3CHttpResponseCodec.java:187)
	at org.openqa.selenium.remote.http.W3CHttpResponseCodec.decode(W3CHttpResponseCodec.java:122)
	at org.openqa.selenium.remote.http.W3CHttpResponseCodec.decode(W3CHttpResponseCodec.java:49)
	at org.openqa.selenium.remote.HttpCommandExecutor.execute(HttpCommandExecutor.java:158)
	at org.openqa.selenium.remote.service.DriverCommandExecutor.execute(DriverCommandExecutor.java:83)
	at org.openqa.selenium.remote.RemoteWebDriver.execute(RemoteWebDriver.java:552)
	at org.openqa.selenium.remote.RemoteWebElement.execute(RemoteWebElement.java:285)
	at org.openqa.selenium.remote.RemoteWebElement.getText(RemoteWebElement.java:166)
	at com.ae.qa.pagesTenantAdmin.TenantUsersPageTA.validateStateDropdownEqualTo(TenantUsersPageTA.java:1457)
	at com.ae.qa.testcasesTenantAdmin.TenantUsersPageTestTA.validateStateDropdownEqualToTenantuserPageTATest(TenantUsersPageTestTA.java:486)
	at java.base/jdk.internal.reflect.NativeMethodAccessorImpl.invoke0(Native Method)
	at java.base/jdk.internal.reflect.NativeMethodAccessorImpl.invoke(NativeMethodAccessorImpl.java:78)
	at java.base/jdk.internal.reflect.DelegatingMethodAccessorImpl.invoke(DelegatingMethodAccessorImpl.java:43)
	at java.base/java.lang.reflect.Method.invoke(Method.java:567)
	at org.testng.internal.MethodInvocationHelper.invokeMethod(MethodInvocationHelper.java:124)
	at org.testng.internal.Invoker.invokeMethod(Invoker.java:583)
	at org.testng.internal.Invoker.invokeTestMethod(Invoker.java:719)
	at org.testng.internal.Invoker.invokeTestMethods(Invoker.java:989)
	at org.testng.internal.TestMethodWorker.invokeTestMethods(TestMethodWorker.java:125)
	at org.testng.internal.TestMethodWorker.run(TestMethodWorker.java:109)
	at org.testng.TestRunner.privateRun(TestRunner.java:648)
	at org.testng.TestRunner.run(TestRunner.java:505)
	at org.testng.SuiteRunner.runTest(SuiteRunner.java:455)
	at org.testng.SuiteRunner.runSequentially(SuiteRunner.java:450)
	at org.testng.SuiteRunner.privateRun(SuiteRunner.java:415)
	at org.testng.SuiteRunner.run(SuiteRunner.java:364)
	at org.testng.SuiteRunnerWorker.runSuite(SuiteRunnerWorker.java:52)
	at org.testng.SuiteRunnerWorker.run(SuiteRunnerWorker.java:84)
	at org.testng.TestNG.runSuitesSequentially(TestNG.java:1208)
	at org.testng.TestNG.runSuitesLocally(TestNG.java:1137)
	at org.testng.TestNG.runSuites(TestNG.java:1049)
	at org.testng.TestNG.run(TestNG.java:1017)
	at org.testng.remote.AbstractRemoteTestNG.run(AbstractRemoteTestNG.java:115)
	at org.testng.remote.RemoteTestNG.initAndRun(RemoteTestNG.java:251)
	at org.testng.remote.RemoteTestNG.main(RemoteTestNG.java:77)

</div> <!-- stack-trace -->
                </div> <!-- method-content -->
              </div> <!-- method -->
              <div class="method">
                <div class="method-content">
                  <a name="validateStateDropdownNotEqualToTenantuserPageTATest(public void com.ae.qa.testcasesTenantAdmin.TenantUsersPageTestTA.validateStateDropdownNotEqualToTena...)">
                  </a> <!-- validateStateDropdownNotEqualToTenantuserPageTATest(public void com.ae.qa.testcasesTenantAdmin.TenantUsersPageTestTA.validateStateDropdownNotEqualToTena...) -->
                  <span class="method-name">validateStateDropdownNotEqualToTenantuserPageTATest</span>
                  <span class="parameters">(public void com.ae.qa.testcasesTenantAdmin.TenantUsersPageTestTA.validateStateDropdownNotEqualToTenantuserPageTATest(java.lang.reflect.Method) throws java.lang.Exception)</span>
                  <div class="stack-trace">org.openqa.selenium.StaleElementReferenceException: stale element reference: element is not attached to the page document
  (Session info: chrome=109.0.5414.75)
For documentation on this error, please visit: https://www.seleniumhq.org/exceptions/stale_element_reference.html
Build info: version: &apos;3.141.59&apos;, revision: &apos;e82be7d358&apos;, time: &apos;2018-11-14T08:17:03&apos;
System info: host: &apos;DESKTOP-5VHKQUJ&apos;, ip: &apos;192.168.0.112&apos;, os.name: &apos;Windows 10&apos;, os.arch: &apos;amd64&apos;, os.version: &apos;10.0&apos;, java.version: &apos;16.0.2&apos;
Driver info: org.openqa.selenium.chrome.ChromeDriver
Capabilities {acceptInsecureCerts: false, browserName: chrome, browserVersion: 109.0.5414.75, chrome: {chromedriverVersion: 109.0.5414.74 (e7c5703604da..., userDataDir: C:\Users\DELL\AppData\Local...}, goog:chromeOptions: {debuggerAddress: localhost:49573}, javascriptEnabled: true, networkConnectionEnabled: false, pageLoadStrategy: normal, platform: WINDOWS, platformName: WINDOWS, proxy: Proxy(), setWindowRect: true, strictFileInteractability: false, timeouts: {implicit: 0, pageLoad: 300000, script: 30000}, unhandledPromptBehavior: dismiss and notify, webauthn:extension:credBlob: true, webauthn:extension:largeBlob: true, webauthn:virtualAuthenticators: true}
Session ID: 914620b28f6281a042a0b3f6e3e79bed
	at java.base/jdk.internal.reflect.NativeConstructorAccessorImpl.newInstance0(Native Method)
	at java.base/jdk.internal.reflect.NativeConstructorAccessorImpl.newInstance(NativeConstructorAccessorImpl.java:78)
	at java.base/jdk.internal.reflect.DelegatingConstructorAccessorImpl.newInstance(DelegatingConstructorAccessorImpl.java:45)
	at java.base/java.lang.reflect.Constructor.newInstanceWithCaller(Constructor.java:499)
	at java.base/java.lang.reflect.Constructor.newInstance(Constructor.java:480)
	at org.openqa.selenium.remote.http.W3CHttpResponseCodec.createException(W3CHttpResponseCodec.java:187)
	at org.openqa.selenium.remote.http.W3CHttpResponseCodec.decode(W3CHttpResponseCodec.java:122)
	at org.openqa.selenium.remote.http.W3CHttpResponseCodec.decode(W3CHttpResponseCodec.java:49)
	at org.openqa.selenium.remote.HttpCommandExecutor.execute(HttpCommandExecutor.java:158)
	at org.openqa.selenium.remote.service.DriverCommandExecutor.execute(DriverCommandExecutor.java:83)
	at org.openqa.selenium.remote.RemoteWebDriver.execute(RemoteWebDriver.java:552)
	at org.openqa.selenium.remote.RemoteWebElement.execute(RemoteWebElement.java:285)
	at org.openqa.selenium.remote.RemoteWebElement.getText(RemoteWebElement.java:166)
	at com.ae.qa.pagesTenantAdmin.TenantUsersPageTA.validateStateDropdownNotEqualTo(TenantUsersPageTA.java:1473)
	at com.ae.qa.testcasesTenantAdmin.TenantUsersPageTestTA.validateStateDropdownNotEqualToTenantuserPageTATest(TenantUsersPageTestTA.java:496)
	at java.base/jdk.internal.reflect.NativeMethodAccessorImpl.invoke0(Native Method)
	at java.base/jdk.internal.reflect.NativeMethodAccessorImpl.invoke(NativeMethodAccessorImpl.java:78)
	at java.base/jdk.internal.reflect.DelegatingMethodAccessorImpl.invoke(DelegatingMethodAccessorImpl.java:43)
	at java.base/java.lang.reflect.Method.invoke(Method.java:567)
	at org.testng.internal.MethodInvocationHelper.invokeMethod(MethodInvocationHelper.java:124)
	at org.testng.internal.Invoker.invokeMethod(Invoker.java:583)
	at org.testng.internal.Invoker.invokeTestMethod(Invoker.java:719)
	at org.testng.internal.Invoker.invokeTestMethods(Invoker.java:989)
	at org.testng.internal.TestMethodWorker.invokeTestMethods(TestMethodWorker.java:125)
	at org.testng.internal.TestMethodWorker.run(TestMethodWorker.java:109)
	at org.testng.TestRunner.privateRun(TestRunner.java:648)
	at org.testng.TestRunner.run(TestRunner.java:505)
	at org.testng.SuiteRunner.runTest(SuiteRunner.java:455)
	at org.testng.SuiteRunner.runSequentially(SuiteRunner.java:450)
	at org.testng.SuiteRunner.privateRun(SuiteRunner.java:415)
	at org.testng.SuiteRunner.run(SuiteRunner.java:364)
	at org.testng.SuiteRunnerWorker.runSuite(SuiteRunnerWorker.java:52)
	at org.testng.SuiteRunnerWorker.run(SuiteRunnerWorker.java:84)
	at org.testng.TestNG.runSuitesSequentially(TestNG.java:1208)
	at org.testng.TestNG.runSuitesLocally(TestNG.java:1137)
	at org.testng.TestNG.runSuites(TestNG.java:1049)
	at org.testng.TestNG.run(TestNG.java:1017)
	at org.testng.remote.AbstractRemoteTestNG.run(AbstractRemoteTestNG.java:115)
	at org.testng.remote.RemoteTestNG.initAndRun(RemoteTestNG.java:251)
	at org.testng.remote.RemoteTestNG.main(RemoteTestNG.java:77)

</div> <!-- stack-trace -->
                </div> <!-- method-content -->
              </div> <!-- method -->
            </div> <!-- main-panel-content rounded-window-bottom -->
          </div> <!-- suite-Default_suite-class-failed -->
          <div class="suite-Default_suite-class-passed">
            <div class="main-panel-header rounded-window-top">
              <img src="passed.png"/>
              <span class="class-name">com.ae.qa.testcasesTenantAdmin.TenantUsersPageTestTA</span>
            </div> <!-- main-panel-header rounded-window-top -->
            <div class="main-panel-content rounded-window-bottom">
              <div class="method">
                <div class="method-content">
                  <a name="validateAdvSearchForFirstNameEqualToTenantuserPageTATest(public void com.ae.qa.testcasesTenantAdmin.TenantUsersPageTestTA.validateAdvSearchForFirstNameEqualT...)">
                  </a> <!-- validateAdvSearchForFirstNameEqualToTenantuserPageTATest(public void com.ae.qa.testcasesTenantAdmin.TenantUsersPageTestTA.validateAdvSearchForFirstNameEqualT...) -->
                  <span class="method-name">validateAdvSearchForFirstNameEqualToTenantuserPageTATest</span>
                  <span class="parameters">(public void com.ae.qa.testcasesTenantAdmin.TenantUsersPageTestTA.validateAdvSearchForFirstNameEqualToTenantuserPageTATest(java.lang.reflect.Method) throws java.lang.Exception)</span>
                </div> <!-- method-content -->
              </div> <!-- method -->
              <div class="method">
                <div class="method-content">
                  <a name="validateAdvSearchForFirstNameNotEqualToTenantuserPageTATest(public void com.ae.qa.testcasesTenantAdmin.TenantUsersPageTestTA.validateAdvSearchForFirstNameNotEqu...)">
                  </a> <!-- validateAdvSearchForFirstNameNotEqualToTenantuserPageTATest(public void com.ae.qa.testcasesTenantAdmin.TenantUsersPageTestTA.validateAdvSearchForFirstNameNotEqu...) -->
                  <span class="method-name">validateAdvSearchForFirstNameNotEqualToTenantuserPageTATest</span>
                  <span class="parameters">(public void com.ae.qa.testcasesTenantAdmin.TenantUsersPageTestTA.validateAdvSearchForFirstNameNotEqualToTenantuserPageTATest(java.lang.reflect.Method) throws java.lang.Exception)</span>
                </div> <!-- method-content -->
              </div> <!-- method -->
              <div class="method">
                <div class="method-content">
                  <a name="validateAdvSearchForLastNameEqualToTenantuserPageTATest(public void com.ae.qa.testcasesTenantAdmin.TenantUsersPageTestTA.validateAdvSearchForLastNameEqualTo...)">
                  </a> <!-- validateAdvSearchForLastNameEqualToTenantuserPageTATest(public void com.ae.qa.testcasesTenantAdmin.TenantUsersPageTestTA.validateAdvSearchForLastNameEqualTo...) -->
                  <span class="method-name">validateAdvSearchForLastNameEqualToTenantuserPageTATest</span>
                  <span class="parameters">(public void com.ae.qa.testcasesTenantAdmin.TenantUsersPageTestTA.validateAdvSearchForLastNameEqualToTenantuserPageTATest(java.lang.reflect.Method) throws java.lang.Exception)</span>
                </div> <!-- method-content -->
              </div> <!-- method -->
              <div class="method">
                <div class="method-content">
                  <a name="validateAdvSearchForUserNameIsLikeTenantuserPageTATest(public void com.ae.qa.testcasesTenantAdmin.TenantUsersPageTestTA.validateAdvSearchForUserNameIsLikeT...)">
                  </a> <!-- validateAdvSearchForUserNameIsLikeTenantuserPageTATest(public void com.ae.qa.testcasesTenantAdmin.TenantUsersPageTestTA.validateAdvSearchForUserNameIsLikeT...) -->
                  <span class="method-name">validateAdvSearchForUserNameIsLikeTenantuserPageTATest</span>
                  <span class="parameters">(public void com.ae.qa.testcasesTenantAdmin.TenantUsersPageTestTA.validateAdvSearchForUserNameIsLikeTenantuserPageTATest(java.lang.reflect.Method) throws java.lang.Exception)</span>
                </div> <!-- method-content -->
              </div> <!-- method -->
              <div class="method">
                <div class="method-content">
                  <a name="validateCreatedAfterTenantuserPageTATest(public void com.ae.qa.testcasesTenantAdmin.TenantUsersPageTestTA.validateCreatedAfterTenantuserPageT...)">
                  </a> <!-- validateCreatedAfterTenantuserPageTATest(public void com.ae.qa.testcasesTenantAdmin.TenantUsersPageTestTA.validateCreatedAfterTenantuserPageT...) -->
                  <span class="method-name">validateCreatedAfterTenantuserPageTATest</span>
                  <span class="parameters">(public void com.ae.qa.testcasesTenantAdmin.TenantUsersPageTestTA.validateCreatedAfterTenantuserPageTATest(java.lang.reflect.Method) throws java.lang.Exception)</span>
                </div> <!-- method-content -->
              </div> <!-- method -->
              <div class="method">
                <div class="method-content">
                  <a name="validateCreatedBeforeTenantuserPageTATest(public void com.ae.qa.testcasesTenantAdmin.TenantUsersPageTestTA.validateCreatedBeforeTenantuserPage...)">
                  </a> <!-- validateCreatedBeforeTenantuserPageTATest(public void com.ae.qa.testcasesTenantAdmin.TenantUsersPageTestTA.validateCreatedBeforeTenantuserPage...) -->
                  <span class="method-name">validateCreatedBeforeTenantuserPageTATest</span>
                  <span class="parameters">(public void com.ae.qa.testcasesTenantAdmin.TenantUsersPageTestTA.validateCreatedBeforeTenantuserPageTATest(java.lang.reflect.Method) throws java.lang.Exception)</span>
                </div> <!-- method-content -->
              </div> <!-- method -->
              <div class="method">
                <div class="method-content">
                  <a name="validateCreatedEqualToTenantuserPageTATest(public void com.ae.qa.testcasesTenantAdmin.TenantUsersPageTestTA.validateCreatedEqualToTenantuserPag...)">
                  </a> <!-- validateCreatedEqualToTenantuserPageTATest(public void com.ae.qa.testcasesTenantAdmin.TenantUsersPageTestTA.validateCreatedEqualToTenantuserPag...) -->
                  <span class="method-name">validateCreatedEqualToTenantuserPageTATest</span>
                  <span class="parameters">(public void com.ae.qa.testcasesTenantAdmin.TenantUsersPageTestTA.validateCreatedEqualToTenantuserPageTATest(java.lang.reflect.Method) throws java.lang.Exception)</span>
                </div> <!-- method-content -->
              </div> <!-- method -->
              <div class="method">
                <div class="method-content">
                  <a name="validateCreatedInBetweenTenantuserPageTATest(public void com.ae.qa.testcasesTenantAdmin.TenantUsersPageTestTA.validateCreatedInBetweenTenantuserP...)">
                  </a> <!-- validateCreatedInBetweenTenantuserPageTATest(public void com.ae.qa.testcasesTenantAdmin.TenantUsersPageTestTA.validateCreatedInBetweenTenantuserP...) -->
                  <span class="method-name">validateCreatedInBetweenTenantuserPageTATest</span>
                  <span class="parameters">(public void com.ae.qa.testcasesTenantAdmin.TenantUsersPageTestTA.validateCreatedInBetweenTenantuserPageTATest(java.lang.reflect.Method) throws java.lang.Exception)</span>
                </div> <!-- method-content -->
              </div> <!-- method -->
              <div class="method">
                <div class="method-content">
                  <a name="validateCreatedNotInBetweenTenantuserPageTATest(public void com.ae.qa.testcasesTenantAdmin.TenantUsersPageTestTA.validateCreatedNotInBetweenTenantus...)">
                  </a> <!-- validateCreatedNotInBetweenTenantuserPageTATest(public void com.ae.qa.testcasesTenantAdmin.TenantUsersPageTestTA.validateCreatedNotInBetweenTenantus...) -->
                  <span class="method-name">validateCreatedNotInBetweenTenantuserPageTATest</span>
                  <span class="parameters">(public void com.ae.qa.testcasesTenantAdmin.TenantUsersPageTestTA.validateCreatedNotInBetweenTenantuserPageTATest(java.lang.reflect.Method) throws java.lang.Exception)</span>
                </div> <!-- method-content -->
              </div> <!-- method -->
              <div class="method">
                <div class="method-content">
                  <a name="validateLastUpdatedCreatedAfterTenantuserPageTATest(public void com.ae.qa.testcasesTenantAdmin.TenantUsersPageTestTA.validateLastUpdatedCreatedAfterTena...)">
                  </a> <!-- validateLastUpdatedCreatedAfterTenantuserPageTATest(public void com.ae.qa.testcasesTenantAdmin.TenantUsersPageTestTA.validateLastUpdatedCreatedAfterTena...) -->
                  <span class="method-name">validateLastUpdatedCreatedAfterTenantuserPageTATest</span>
                  <span class="parameters">(public void com.ae.qa.testcasesTenantAdmin.TenantUsersPageTestTA.validateLastUpdatedCreatedAfterTenantuserPageTATest(java.lang.reflect.Method) throws java.lang.Exception)</span>
                </div> <!-- method-content -->
              </div> <!-- method -->
              <div class="method">
                <div class="method-content">
                  <a name="validateLastUpdatedCreatedBeforeTenantuserPageTATest(public void com.ae.qa.testcasesTenantAdmin.TenantUsersPageTestTA.validateLastUpdatedCreatedBeforeTen...)">
                  </a> <!-- validateLastUpdatedCreatedBeforeTenantuserPageTATest(public void com.ae.qa.testcasesTenantAdmin.TenantUsersPageTestTA.validateLastUpdatedCreatedBeforeTen...) -->
                  <span class="method-name">validateLastUpdatedCreatedBeforeTenantuserPageTATest</span>
                  <span class="parameters">(public void com.ae.qa.testcasesTenantAdmin.TenantUsersPageTestTA.validateLastUpdatedCreatedBeforeTenantuserPageTATest(java.lang.reflect.Method) throws java.lang.Exception)</span>
                </div> <!-- method-content -->
              </div> <!-- method -->
              <div class="method">
                <div class="method-content">
                  <a name="validateLastUpdatedCreatedEqualToTenantuserPageTATest(public void com.ae.qa.testcasesTenantAdmin.TenantUsersPageTestTA.validateLastUpdatedCreatedEqualToTe...)">
                  </a> <!-- validateLastUpdatedCreatedEqualToTenantuserPageTATest(public void com.ae.qa.testcasesTenantAdmin.TenantUsersPageTestTA.validateLastUpdatedCreatedEqualToTe...) -->
                  <span class="method-name">validateLastUpdatedCreatedEqualToTenantuserPageTATest</span>
                  <span class="parameters">(public void com.ae.qa.testcasesTenantAdmin.TenantUsersPageTestTA.validateLastUpdatedCreatedEqualToTenantuserPageTATest(java.lang.reflect.Method) throws java.lang.Exception)</span>
                </div> <!-- method-content -->
              </div> <!-- method -->
              <div class="method">
                <div class="method-content">
                  <a name="validateLastUpdatedCreatedInBetweenTenantuserPageTATest(public void com.ae.qa.testcasesTenantAdmin.TenantUsersPageTestTA.validateLastUpdatedCreatedInBetween...)">
                  </a> <!-- validateLastUpdatedCreatedInBetweenTenantuserPageTATest(public void com.ae.qa.testcasesTenantAdmin.TenantUsersPageTestTA.validateLastUpdatedCreatedInBetween...) -->
                  <span class="method-name">validateLastUpdatedCreatedInBetweenTenantuserPageTATest</span>
                  <span class="parameters">(public void com.ae.qa.testcasesTenantAdmin.TenantUsersPageTestTA.validateLastUpdatedCreatedInBetweenTenantuserPageTATest(java.lang.reflect.Method) throws java.lang.Exception)</span>
                </div> <!-- method-content -->
              </div> <!-- method -->
              <div class="method">
                <div class="method-content">
                  <a name="validateLastUpdatedCreatedNotInBetweenTenantuserPageTATest(public void com.ae.qa.testcasesTenantAdmin.TenantUsersPageTestTA.validateLastUpdatedCreatedNotInBetw...)">
                  </a> <!-- validateLastUpdatedCreatedNotInBetweenTenantuserPageTATest(public void com.ae.qa.testcasesTenantAdmin.TenantUsersPageTestTA.validateLastUpdatedCreatedNotInBetw...) -->
                  <span class="method-name">validateLastUpdatedCreatedNotInBetweenTenantuserPageTATest</span>
                  <span class="parameters">(public void com.ae.qa.testcasesTenantAdmin.TenantUsersPageTestTA.validateLastUpdatedCreatedNotInBetweenTenantuserPageTATest(java.lang.reflect.Method) throws java.lang.Exception)</span>
                </div> <!-- method-content -->
              </div> <!-- method -->
            </div> <!-- main-panel-content rounded-window-bottom -->
          </div> <!-- suite-Default_suite-class-passed -->
        </div> <!-- panel Default_suite -->
        <div panel-name="test-xml-Default_suite" class="panel">
          <div class="main-panel-header rounded-window-top">
            <span class="header-content">C:\Users\DELL\AppData\Local\Temp\testng-eclipse-597270389\testng-customsuite.xml</span>
          </div> <!-- main-panel-header rounded-window-top -->
          <div class="main-panel-content rounded-window-bottom">
            <pre>
&lt;?xml version=&quot;1.0&quot; encoding=&quot;UTF-8&quot;?&gt;
&lt;!DOCTYPE suite SYSTEM &quot;http://testng.org/testng-1.0.dtd&quot;&gt;
&lt;suite name=&quot;Default suite&quot; guice-stage=&quot;DEVELOPMENT&quot;&gt;
  &lt;test thread-count=&quot;5&quot; name=&quot;Default test&quot; verbose=&quot;2&quot;&gt;
    &lt;classes&gt;
      &lt;class name=&quot;com.ae.qa.testcasesTenantAdmin.TenantUsersPageTestTA&quot;/&gt;
    &lt;/classes&gt;
  &lt;/test&gt; &lt;!-- Default test --&gt;
&lt;/suite&gt; &lt;!-- Default suite --&gt;
            </pre>
          </div> <!-- main-panel-content rounded-window-bottom -->
        </div> <!-- panel -->
        <div panel-name="testlist-Default_suite" class="panel">
          <div class="main-panel-header rounded-window-top">
            <span class="header-content">Tests for Default suite</span>
          </div> <!-- main-panel-header rounded-window-top -->
          <div class="main-panel-content rounded-window-bottom">
            <ul>
              <li>
                <span class="test-name">Default test (1 class)</span>
              </li>
            </ul>
          </div> <!-- main-panel-content rounded-window-bottom -->
        </div> <!-- panel -->
        <div panel-name="group-Default_suite" class="panel">
          <div class="main-panel-header rounded-window-top">
            <span class="header-content">Groups for Default suite</span>
          </div> <!-- main-panel-header rounded-window-top -->
          <div class="main-panel-content rounded-window-bottom">
          </div> <!-- main-panel-content rounded-window-bottom -->
        </div> <!-- panel -->
        <div panel-name="times-Default_suite" class="panel">
          <div class="main-panel-header rounded-window-top">
            <span class="header-content">Times for Default suite</span>
          </div> <!-- main-panel-header rounded-window-top -->
          <div class="main-panel-content rounded-window-bottom">
            <div class="times-div">
              <script type="text/javascript">
suiteTableInitFunctions.push('tableData_Default_suite');
function tableData_Default_suite() {
var data = new google.visualization.DataTable();
data.addColumn('number', 'Number');
data.addColumn('string', 'Method');
data.addColumn('string', 'Class');
data.addColumn('number', 'Time (ms)');
data.addRows(27);
data.setCell(0, 0, 0)
data.setCell(0, 1, 'validateCreatedNotInBetweenTenantuserPageTATest')
data.setCell(0, 2, 'com.ae.qa.testcasesTenantAdmin.TenantUsersPageTestTA')
data.setCell(0, 3, 64958);
data.setCell(1, 0, 1)
data.setCell(1, 1, 'validateLastUpdatedCreatedNotInBetweenTenantuserPageTATest')
data.setCell(1, 2, 'com.ae.qa.testcasesTenantAdmin.TenantUsersPageTestTA')
data.setCell(1, 3, 64906);
data.setCell(2, 0, 2)
data.setCell(2, 1, 'validateCreatedInBetweenTenantuserPageTATest')
data.setCell(2, 2, 'com.ae.qa.testcasesTenantAdmin.TenantUsersPageTestTA')
data.setCell(2, 3, 64659);
data.setCell(3, 0, 3)
data.setCell(3, 1, 'validateAdvSearchForFirstNameNotEqualToTenantuserPageTATest')
data.setCell(3, 2, 'com.ae.qa.testcasesTenantAdmin.TenantUsersPageTestTA')
data.setCell(3, 3, 63476);
data.setCell(4, 0, 4)
data.setCell(4, 1, 'validateLastUpdatedCreatedInBetweenTenantuserPageTATest')
data.setCell(4, 2, 'com.ae.qa.testcasesTenantAdmin.TenantUsersPageTestTA')
data.setCell(4, 3, 61755);
data.setCell(5, 0, 5)
data.setCell(5, 1, 'validateCreatedBeforeTenantuserPageTATest')
data.setCell(5, 2, 'com.ae.qa.testcasesTenantAdmin.TenantUsersPageTestTA')
data.setCell(5, 3, 61625);
data.setCell(6, 0, 6)
data.setCell(6, 1, 'validateCreatedAfterTenantuserPageTATest')
data.setCell(6, 2, 'com.ae.qa.testcasesTenantAdmin.TenantUsersPageTestTA')
data.setCell(6, 3, 61355);
data.setCell(7, 0, 7)
data.setCell(7, 1, 'validateCreatedEqualToTenantuserPageTATest')
data.setCell(7, 2, 'com.ae.qa.testcasesTenantAdmin.TenantUsersPageTestTA')
data.setCell(7, 3, 61255);
data.setCell(8, 0, 8)
data.setCell(8, 1, 'validateLastUpdatedCreatedAfterTenantuserPageTATest')
data.setCell(8, 2, 'com.ae.qa.testcasesTenantAdmin.TenantUsersPageTestTA')
data.setCell(8, 3, 61219);
data.setCell(9, 0, 9)
data.setCell(9, 1, 'validateLastUpdatedCreatedEqualToTenantuserPageTATest')
data.setCell(9, 2, 'com.ae.qa.testcasesTenantAdmin.TenantUsersPageTestTA')
data.setCell(9, 3, 55402);
data.setCell(10, 0, 10)
data.setCell(10, 1, 'validateLastUpdatedCreatedBeforeTenantuserPageTATest')
data.setCell(10, 2, 'com.ae.qa.testcasesTenantAdmin.TenantUsersPageTestTA')
data.setCell(10, 3, 55310);
data.setCell(11, 0, 11)
data.setCell(11, 1, 'validateAdvSearchForUserNameIsLikeTenantuserPageTATest')
data.setCell(11, 2, 'com.ae.qa.testcasesTenantAdmin.TenantUsersPageTestTA')
data.setCell(11, 3, 33902);
data.setCell(12, 0, 12)
data.setCell(12, 1, 'validateAdvSearchForUserNameBeginsWithTenantuserPageTATest')
data.setCell(12, 2, 'com.ae.qa.testcasesTenantAdmin.TenantUsersPageTestTA')
data.setCell(12, 3, 27421);
data.setCell(13, 0, 13)
data.setCell(13, 1, 'validateStateDropdownEqualToTenantuserPageTATest')
data.setCell(13, 2, 'com.ae.qa.testcasesTenantAdmin.TenantUsersPageTestTA')
data.setCell(13, 3, 26824);
data.setCell(14, 0, 14)
data.setCell(14, 1, 'validateAdvSearchForUserNameEndsWithTenantuserPageTATest')
data.setCell(14, 2, 'com.ae.qa.testcasesTenantAdmin.TenantUsersPageTestTA')
data.setCell(14, 3, 25306);
data.setCell(15, 0, 15)
data.setCell(15, 1, 'validateAdvSearchForFirstNameBeginsWithTenantuserPageTATest')
data.setCell(15, 2, 'com.ae.qa.testcasesTenantAdmin.TenantUsersPageTestTA')
data.setCell(15, 3, 25149);
data.setCell(16, 0, 16)
data.setCell(16, 1, 'validateAdvSearchForFirstNameEndsWithTenantuserPageTATest')
data.setCell(16, 2, 'com.ae.qa.testcasesTenantAdmin.TenantUsersPageTestTA')
data.setCell(16, 3, 24969);
data.setCell(17, 0, 17)
data.setCell(17, 1, 'validateAdvSearchForLastNameIsLikeTenantuserPageTATest')
data.setCell(17, 2, 'com.ae.qa.testcasesTenantAdmin.TenantUsersPageTestTA')
data.setCell(17, 3, 24775);
data.setCell(18, 0, 18)
data.setCell(18, 1, 'validateAdvSearchForFirstNameIsLikeTenantuserPageTATest')
data.setCell(18, 2, 'com.ae.qa.testcasesTenantAdmin.TenantUsersPageTestTA')
data.setCell(18, 3, 24751);
data.setCell(19, 0, 19)
data.setCell(19, 1, 'validateAdvSearchForLastNameEndsWithTAdminTenantuserPageTest')
data.setCell(19, 2, 'com.ae.qa.testcasesTenantAdmin.TenantUsersPageTestTA')
data.setCell(19, 3, 24748);
data.setCell(20, 0, 20)
data.setCell(20, 1, 'validateAdvSearchForFirstNameEqualToTenantuserPageTATest')
data.setCell(20, 2, 'com.ae.qa.testcasesTenantAdmin.TenantUsersPageTestTA')
data.setCell(20, 3, 24133);
data.setCell(21, 0, 21)
data.setCell(21, 1, 'validateAdvSearchForLastNameEqualToTenantuserPageTATest')
data.setCell(21, 2, 'com.ae.qa.testcasesTenantAdmin.TenantUsersPageTestTA')
data.setCell(21, 3, 22379);
data.setCell(22, 0, 22)
data.setCell(22, 1, 'validateStateDropdownNotEqualToTenantuserPageTATest')
data.setCell(22, 2, 'com.ae.qa.testcasesTenantAdmin.TenantUsersPageTestTA')
data.setCell(22, 3, 22192);
data.setCell(23, 0, 23)
data.setCell(23, 1, 'validateAdvSearchForUserNameEqualToTenantuserPageTATest')
data.setCell(23, 2, 'com.ae.qa.testcasesTenantAdmin.TenantUsersPageTestTA')
data.setCell(23, 3, 21913);
data.setCell(24, 0, 24)
data.setCell(24, 1, 'validateAdvSearchForLastNameBeginsWithTenantuserPageTATest')
data.setCell(24, 2, 'com.ae.qa.testcasesTenantAdmin.TenantUsersPageTestTA')
data.setCell(24, 3, 21673);
data.setCell(25, 0, 25)
data.setCell(25, 1, 'validateAdvSearchForUserNameNotEqualToTenantuserPageTATest')
data.setCell(25, 2, 'com.ae.qa.testcasesTenantAdmin.TenantUsersPageTestTA')
data.setCell(25, 3, 20641);
data.setCell(26, 0, 26)
data.setCell(26, 1, 'validateAdvSearchForLastNameNotEqualToTenantuserPageTATest')
data.setCell(26, 2, 'com.ae.qa.testcasesTenantAdmin.TenantUsersPageTestTA')
data.setCell(26, 3, 20181);
window.suiteTableData['Default_suite']= { tableData: data, tableDiv: 'times-div-Default_suite'}
return data;
}
              </script>
              <span class="suite-total-time">Total running time: 17 minutes</span>
              <div id="times-div-Default_suite">
              </div> <!-- times-div-Default_suite -->
            </div> <!-- times-div -->
          </div> <!-- main-panel-content rounded-window-bottom -->
        </div> <!-- panel -->
        <div panel-name="reporter-Default_suite" class="panel">
          <div class="main-panel-header rounded-window-top">
            <span class="header-content">Reporter output for Default suite</span>
          </div> <!-- main-panel-header rounded-window-top -->
          <div class="main-panel-content rounded-window-bottom">
            <div class="reporter-method-div">
              <span class="reporter-method-name">validateLastUpdatedCreatedEqualToTenantuserPageTATest(public void com.ae.qa.testcasesTenantAdmin.TenantUsersPageTestTA.validateLastUpdatedCreatedEqualToTe...)</span>
              <div class="reporter-method-output-div">
                <span class="reporter-method-output">Advanced Search is clicked</span>
                <span class="reporter-method-output">Last Updated is selected</span>
                <span class="reporter-method-output">exact date comparator is selected</span>
                <span class="reporter-method-output">Add filter button is clicked successfully</span>
                <span class="reporter-method-output">Search button is clicked</span>
                <span class="reporter-method-output">User is getting correct records for created on date with equal to criteria</span>
                <span class="reporter-method-output">User is getting correct records for created on date with equal to criteria</span>
                <span class="reporter-method-output">User is getting correct records for created on date with equal to criteria</span>
                <span class="reporter-method-output">User is getting correct records for created on date with equal to criteria</span>
                <span class="reporter-method-output">User is getting correct records for created on date with equal to criteria</span>
                <span class="reporter-method-output">User is getting correct records for created on date with equal to criteria</span>
                <span class="reporter-method-output">User is getting correct records for created on date with equal to criteria</span>
                <span class="reporter-method-output">User is getting correct records for created on date with equal to criteria</span>
                <span class="reporter-method-output">User is getting correct records for created on date with equal to criteria</span>
              </div> <!-- reporter-method-output-div -->
            </div> <!-- reporter-method-div -->
            <div class="reporter-method-div">
              <span class="reporter-method-name">validateAdvSearchForFirstNameNotEqualToTenantuserPageTATest(public void com.ae.qa.testcasesTenantAdmin.TenantUsersPageTestTA.validateAdvSearchForFirstNameNotEqu...)</span>
              <div class="reporter-method-output-div">
                <span class="reporter-method-output">User log in Successfully</span>
                <span class="reporter-method-output">Advanced Search is clicked</span>
                <span class="reporter-method-output">First Name is selected</span>
                <span class="reporter-method-output">not equal to comparator is selected</span>
                <span class="reporter-method-output">Add filter button is clicked successfully</span>
                <span class="reporter-method-output">Search button is clicked</span>
                <span class="reporter-method-output">Below validation is to validate new tenant record is visible in webtable</span>
              </div> <!-- reporter-method-output-div -->
            </div> <!-- reporter-method-div -->
            <div class="reporter-method-div">
              <span class="reporter-method-name">validateCreatedNotInBetweenTenantuserPageTATest(public void com.ae.qa.testcasesTenantAdmin.TenantUsersPageTestTA.validateCreatedNotInBetweenTenantus...)</span>
              <div class="reporter-method-output-div">
                <span class="reporter-method-output">Advanced Search is clicked</span>
                <span class="reporter-method-output">Created is selected</span>
                <span class="reporter-method-output">not in between comparator is selected</span>
                <span class="reporter-method-output">Add filter button is clicked successfully</span>
                <span class="reporter-method-output">Search button is clicked</span>
                <span class="reporter-method-output">User is getting correct records for created on date with after criteria</span>
                <span class="reporter-method-output">User is getting correct records for created on date with after criteria</span>
                <span class="reporter-method-output">User is getting correct records for created on date with after criteria</span>
                <span class="reporter-method-output">User is getting correct records for created on date with after criteria</span>
                <span class="reporter-method-output">User is getting correct records for created on date with after criteria</span>
                <span class="reporter-method-output">User is getting correct records for created on date with after criteria</span>
                <span class="reporter-method-output">User is getting correct records for created on date with after criteria</span>
                <span class="reporter-method-output">User is getting correct records for created on date with after criteria</span>
                <span class="reporter-method-output">User is getting correct records for created on date with after criteria</span>
                <span class="reporter-method-output">User is getting correct records for created on date with after criteria</span>
                <span class="reporter-method-output">User is getting correct records for created on date with after criteria</span>
              </div> <!-- reporter-method-output-div -->
            </div> <!-- reporter-method-div -->
            <div class="reporter-method-div">
              <span class="reporter-method-name">validateLastUpdatedCreatedBeforeTenantuserPageTATest(public void com.ae.qa.testcasesTenantAdmin.TenantUsersPageTestTA.validateLastUpdatedCreatedBeforeTen...)</span>
              <div class="reporter-method-output-div">
                <span class="reporter-method-output">Advanced Search is clicked</span>
                <span class="reporter-method-output">Last Updated is selected</span>
                <span class="reporter-method-output">before comparator is selected</span>
                <span class="reporter-method-output">Add filter button is clicked successfully</span>
                <span class="reporter-method-output">Search button is clicked</span>
                <span class="reporter-method-output">User is getting correct records for created on date with before criteria</span>
                <span class="reporter-method-output">User is getting correct records for created on date with before criteria</span>
                <span class="reporter-method-output">User is getting correct records for created on date with before criteria</span>
                <span class="reporter-method-output">User is getting correct records for created on date with before criteria</span>
                <span class="reporter-method-output">User is getting correct records for created on date with before criteria</span>
                <span class="reporter-method-output">User is getting correct records for created on date with before criteria</span>
                <span class="reporter-method-output">User is getting correct records for created on date with before criteria</span>
                <span class="reporter-method-output">User is getting correct records for created on date with before criteria</span>
                <span class="reporter-method-output">User is getting correct records for created on date with before criteria</span>
              </div> <!-- reporter-method-output-div -->
            </div> <!-- reporter-method-div -->
            <div class="reporter-method-div">
              <span class="reporter-method-name">validateLastUpdatedCreatedNotInBetweenTenantuserPageTATest(public void com.ae.qa.testcasesTenantAdmin.TenantUsersPageTestTA.validateLastUpdatedCreatedNotInBetw...)</span>
              <div class="reporter-method-output-div">
                <span class="reporter-method-output">Advanced Search is clicked</span>
                <span class="reporter-method-output">Last Updated is selected</span>
                <span class="reporter-method-output">not in between comparator is selected</span>
                <span class="reporter-method-output">Add filter button is clicked successfully</span>
                <span class="reporter-method-output">Search button is clicked</span>
                <span class="reporter-method-output">User is getting correct records for created on date with after criteria</span>
                <span class="reporter-method-output">User is getting correct records for created on date with after criteria</span>
                <span class="reporter-method-output">User is getting correct records for created on date with after criteria</span>
                <span class="reporter-method-output">User is getting correct records for created on date with after criteria</span>
                <span class="reporter-method-output">User is getting correct records for created on date with after criteria</span>
                <span class="reporter-method-output">User is getting correct records for created on date with after criteria</span>
                <span class="reporter-method-output">User is getting correct records for created on date with after criteria</span>
                <span class="reporter-method-output">User is getting correct records for created on date with after criteria</span>
                <span class="reporter-method-output">User is getting correct records for created on date with after criteria</span>
                <span class="reporter-method-output">User is getting correct records for created on date with after criteria</span>
                <span class="reporter-method-output">User is getting correct records for created on date with after criteria</span>
              </div> <!-- reporter-method-output-div -->
            </div> <!-- reporter-method-div -->
            <div class="reporter-method-div">
              <span class="reporter-method-name">validateCreatedBeforeTenantuserPageTATest(public void com.ae.qa.testcasesTenantAdmin.TenantUsersPageTestTA.validateCreatedBeforeTenantuserPage...)</span>
              <div class="reporter-method-output-div">
                <span class="reporter-method-output">Advanced Search is clicked</span>
                <span class="reporter-method-output">Created is selected</span>
                <span class="reporter-method-output">before comparator is selected</span>
                <span class="reporter-method-output">Add filter button is clicked successfully</span>
                <span class="reporter-method-output">Search button is clicked</span>
                <span class="reporter-method-output">User is getting correct records for created on date with before criteria</span>
                <span class="reporter-method-output">User is getting correct records for created on date with before criteria</span>
                <span class="reporter-method-output">User is getting correct records for created on date with before criteria</span>
                <span class="reporter-method-output">User is getting correct records for created on date with before criteria</span>
                <span class="reporter-method-output">User is getting correct records for created on date with before criteria</span>
                <span class="reporter-method-output">User is getting correct records for created on date with before criteria</span>
                <span class="reporter-method-output">User is getting correct records for created on date with before criteria</span>
                <span class="reporter-method-output">User is getting correct records for created on date with before criteria</span>
                <span class="reporter-method-output">User is getting correct records for created on date with before criteria</span>
                <span class="reporter-method-output">User is getting correct records for created on date with before criteria</span>
                <span class="reporter-method-output">User is getting correct records for created on date with before criteria</span>
              </div> <!-- reporter-method-output-div -->
            </div> <!-- reporter-method-div -->
            <div class="reporter-method-div">
              <span class="reporter-method-name">validateLastUpdatedCreatedAfterTenantuserPageTATest(public void com.ae.qa.testcasesTenantAdmin.TenantUsersPageTestTA.validateLastUpdatedCreatedAfterTena...)</span>
              <div class="reporter-method-output-div">
                <span class="reporter-method-output">Advanced Search is clicked</span>
                <span class="reporter-method-output">Last Updated is selected</span>
                <span class="reporter-method-output">after comparator is selected</span>
                <span class="reporter-method-output">Add filter button is clicked successfully</span>
                <span class="reporter-method-output">Search button is clicked</span>
                <span class="reporter-method-output">User is getting correct records for created on date with after criteria</span>
                <span class="reporter-method-output">User is getting correct records for created on date with after criteria</span>
                <span class="reporter-method-output">User is getting correct records for created on date with after criteria</span>
                <span class="reporter-method-output">User is getting correct records for created on date with after criteria</span>
                <span class="reporter-method-output">User is getting correct records for created on date with after criteria</span>
                <span class="reporter-method-output">User is getting correct records for created on date with after criteria</span>
                <span class="reporter-method-output">User is getting correct records for created on date with after criteria</span>
                <span class="reporter-method-output">User is getting correct records for created on date with after criteria</span>
                <span class="reporter-method-output">User is getting correct records for created on date with after criteria</span>
                <span class="reporter-method-output">User is getting correct records for created on date with after criteria</span>
                <span class="reporter-method-output">User is getting correct records for created on date with after criteria</span>
              </div> <!-- reporter-method-output-div -->
            </div> <!-- reporter-method-div -->
            <div class="reporter-method-div">
              <span class="reporter-method-name">validateCreatedAfterTenantuserPageTATest(public void com.ae.qa.testcasesTenantAdmin.TenantUsersPageTestTA.validateCreatedAfterTenantuserPageT...)</span>
              <div class="reporter-method-output-div">
                <span class="reporter-method-output">Advanced Search is clicked</span>
                <span class="reporter-method-output">Created is selected</span>
                <span class="reporter-method-output">after comparator is selected</span>
                <span class="reporter-method-output">Add filter button is clicked successfully</span>
                <span class="reporter-method-output">Search button is clicked</span>
                <span class="reporter-method-output">User is getting correct records for created on date with after criteria</span>
                <span class="reporter-method-output">User is getting correct records for created on date with after criteria</span>
                <span class="reporter-method-output">User is getting correct records for created on date with after criteria</span>
                <span class="reporter-method-output">User is getting correct records for created on date with after criteria</span>
                <span class="reporter-method-output">User is getting correct records for created on date with after criteria</span>
                <span class="reporter-method-output">User is getting correct records for created on date with after criteria</span>
                <span class="reporter-method-output">User is getting correct records for created on date with after criteria</span>
                <span class="reporter-method-output">User is getting correct records for created on date with after criteria</span>
                <span class="reporter-method-output">User is getting correct records for created on date with after criteria</span>
                <span class="reporter-method-output">User is getting correct records for created on date with after criteria</span>
                <span class="reporter-method-output">User is getting correct records for created on date with after criteria</span>
              </div> <!-- reporter-method-output-div -->
            </div> <!-- reporter-method-div -->
            <div class="reporter-method-div">
              <span class="reporter-method-name">validateAdvSearchForLastNameEqualToTenantuserPageTATest(public void com.ae.qa.testcasesTenantAdmin.TenantUsersPageTestTA.validateAdvSearchForLastNameEqualTo...)</span>
              <div class="reporter-method-output-div">
                <span class="reporter-method-output">User log in Successfully</span>
                <span class="reporter-method-output">Advanced Search is clicked</span>
                <span class="reporter-method-output">Last Name is selected</span>
                <span class="reporter-method-output">equal to comparator is selected</span>
                <span class="reporter-method-output">Add filter button is clicked successfully</span>
                <span class="reporter-method-output">Search button is clicked</span>
                <span class="reporter-method-output">Below validation is to validate new tenant record is visible in webtable</span>
              </div> <!-- reporter-method-output-div -->
            </div> <!-- reporter-method-div -->
            <div class="reporter-method-div">
              <span class="reporter-method-name">validateAdvSearchForFirstNameEqualToTenantuserPageTATest(public void com.ae.qa.testcasesTenantAdmin.TenantUsersPageTestTA.validateAdvSearchForFirstNameEqualT...)</span>
              <div class="reporter-method-output-div">
                <span class="reporter-method-output">User log in Successfully</span>
                <span class="reporter-method-output">Advanced Search is clicked</span>
                <span class="reporter-method-output">First Name is selected</span>
                <span class="reporter-method-output">equal to comparator is selected</span>
                <span class="reporter-method-output">Add filter button is clicked successfully</span>
                <span class="reporter-method-output">Search button is clicked</span>
                <span class="reporter-method-output">Below validation is to validate new tenant record is visible in webtable</span>
              </div> <!-- reporter-method-output-div -->
            </div> <!-- reporter-method-div -->
            <div class="reporter-method-div">
              <span class="reporter-method-name">validateAdvSearchForUserNameIsLikeTenantuserPageTATest(public void com.ae.qa.testcasesTenantAdmin.TenantUsersPageTestTA.validateAdvSearchForUserNameIsLikeT...)</span>
              <div class="reporter-method-output-div">
                <span class="reporter-method-output">User log in Successfully</span>
                <span class="reporter-method-output">Advanced Search is clicked</span>
                <span class="reporter-method-output">Username is selected</span>
                <span class="reporter-method-output">is like comparator is selected</span>
                <span class="reporter-method-output">Add filter button is clicked successfully</span>
                <span class="reporter-method-output">Search button is clicked</span>
                <span class="reporter-method-output">Below validation is to validate new tenant record is visible in webtable</span>
              </div> <!-- reporter-method-output-div -->
            </div> <!-- reporter-method-div -->
            <div class="reporter-method-div">
              <span class="reporter-method-name">validateLastUpdatedCreatedInBetweenTenantuserPageTATest(public void com.ae.qa.testcasesTenantAdmin.TenantUsersPageTestTA.validateLastUpdatedCreatedInBetween...)</span>
              <div class="reporter-method-output-div">
                <span class="reporter-method-output">Advanced Search is clicked</span>
                <span class="reporter-method-output">Last Updated is selected</span>
                <span class="reporter-method-output">in between comparator is selected</span>
                <span class="reporter-method-output">Add filter button is clicked successfully</span>
                <span class="reporter-method-output">Search button is clicked</span>
                <span class="reporter-method-output">User is getting correct records for created on date with after criteria</span>
                <span class="reporter-method-output">User is getting correct records for created on date with after criteria</span>
                <span class="reporter-method-output">User is getting correct records for created on date with after criteria</span>
                <span class="reporter-method-output">User is getting correct records for created on date with after criteria</span>
                <span class="reporter-method-output">User is getting correct records for created on date with after criteria</span>
                <span class="reporter-method-output">User is getting correct records for created on date with after criteria</span>
                <span class="reporter-method-output">User is getting correct records for created on date with after criteria</span>
                <span class="reporter-method-output">User is getting correct records for created on date with after criteria</span>
                <span class="reporter-method-output">User is getting correct records for created on date with after criteria</span>
                <span class="reporter-method-output">User is getting correct records for created on date with after criteria</span>
              </div> <!-- reporter-method-output-div -->
            </div> <!-- reporter-method-div -->
            <div class="reporter-method-div">
              <span class="reporter-method-name">validateCreatedEqualToTenantuserPageTATest(public void com.ae.qa.testcasesTenantAdmin.TenantUsersPageTestTA.validateCreatedEqualToTenantuserPag...)</span>
              <div class="reporter-method-output-div">
                <span class="reporter-method-output">Advanced Search is clicked</span>
                <span class="reporter-method-output">Created is selected</span>
                <span class="reporter-method-output">exact date comparator is selected</span>
                <span class="reporter-method-output">Add filter button is clicked successfully</span>
                <span class="reporter-method-output">Search button is clicked</span>
                <span class="reporter-method-output">User is getting correct records for created on date with equal to criteria</span>
                <span class="reporter-method-output">User is getting correct records for created on date with equal to criteria</span>
                <span class="reporter-method-output">User is getting correct records for created on date with equal to criteria</span>
                <span class="reporter-method-output">User is getting correct records for created on date with equal to criteria</span>
                <span class="reporter-method-output">User is getting correct records for created on date with equal to criteria</span>
                <span class="reporter-method-output">User is getting correct records for created on date with equal to criteria</span>
                <span class="reporter-method-output">User is getting correct records for created on date with equal to criteria</span>
                <span class="reporter-method-output">User is getting correct records for created on date with equal to criteria</span>
                <span class="reporter-method-output">User is getting correct records for created on date with equal to criteria</span>
                <span class="reporter-method-output">User is getting correct records for created on date with equal to criteria</span>
                <span class="reporter-method-output">User is getting correct records for created on date with equal to criteria</span>
              </div> <!-- reporter-method-output-div -->
            </div> <!-- reporter-method-div -->
            <div class="reporter-method-div">
              <span class="reporter-method-name">validateCreatedInBetweenTenantuserPageTATest(public void com.ae.qa.testcasesTenantAdmin.TenantUsersPageTestTA.validateCreatedInBetweenTenantuserP...)</span>
              <div class="reporter-method-output-div">
                <span class="reporter-method-output">Advanced Search is clicked</span>
                <span class="reporter-method-output">Created is selected</span>
                <span class="reporter-method-output">in between comparator is selected</span>
                <span class="reporter-method-output">Add filter button is clicked successfully</span>
                <span class="reporter-method-output">Search button is clicked</span>
                <span class="reporter-method-output">User is getting correct records for created on date with after criteria</span>
                <span class="reporter-method-output">User is getting correct records for created on date with after criteria</span>
                <span class="reporter-method-output">User is getting correct records for created on date with after criteria</span>
                <span class="reporter-method-output">User is getting correct records for created on date with after criteria</span>
                <span class="reporter-method-output">User is getting correct records for created on date with after criteria</span>
                <span class="reporter-method-output">User is getting correct records for created on date with after criteria</span>
                <span class="reporter-method-output">User is getting correct records for created on date with after criteria</span>
                <span class="reporter-method-output">User is getting correct records for created on date with after criteria</span>
                <span class="reporter-method-output">User is getting correct records for created on date with after criteria</span>
                <span class="reporter-method-output">User is getting correct records for created on date with after criteria</span>
                <span class="reporter-method-output">User is getting correct records for created on date with after criteria</span>
              </div> <!-- reporter-method-output-div -->
            </div> <!-- reporter-method-div -->
            <div class="reporter-method-div">
              <span class="reporter-method-name">validateAdvSearchForUserNameNotEqualToTenantuserPageTATest(public void com.ae.qa.testcasesTenantAdmin.TenantUsersPageTestTA.validateAdvSearchForUserNameNotEqua...)</span>
              <div class="reporter-method-output-div">
                <span class="reporter-method-output">User log in Successfully</span>
                <span class="reporter-method-output">Advanced Search is clicked</span>
                <span class="reporter-method-output">Username is selected</span>
                <span class="reporter-method-output">not equal to comparator is selected</span>
                <span class="reporter-method-output">Add filter button is clicked successfully</span>
                <span class="reporter-method-output">Search button is clicked</span>
                <span class="reporter-method-output">Below validation is to validate new tenant record is visible in webtable</span>
              </div> <!-- reporter-method-output-div -->
            </div> <!-- reporter-method-div -->
            <div class="reporter-method-div">
              <span class="reporter-method-name">validateAdvSearchForFirstNameBeginsWithTenantuserPageTATest(public void com.ae.qa.testcasesTenantAdmin.TenantUsersPageTestTA.validateAdvSearchForFirstNameBegins...)</span>
              <div class="reporter-method-output-div">
                <span class="reporter-method-output">User log in Successfully</span>
                <span class="reporter-method-output">Advanced Search is clicked</span>
                <span class="reporter-method-output">First Name is selected</span>
                <span class="reporter-method-output">begins with comparator is selected</span>
                <span class="reporter-method-output">Add filter button is clicked successfully</span>
                <span class="reporter-method-output">Search button is clicked</span>
                <span class="reporter-method-output">Below validation is to validate new tenant record is visible in webtable</span>
              </div> <!-- reporter-method-output-div -->
            </div> <!-- reporter-method-div -->
            <div class="reporter-method-div">
              <span class="reporter-method-name">validateAdvSearchForLastNameIsLikeTenantuserPageTATest(public void com.ae.qa.testcasesTenantAdmin.TenantUsersPageTestTA.validateAdvSearchForLastNameIsLikeT...)</span>
              <div class="reporter-method-output-div">
                <span class="reporter-method-output">User log in Successfully</span>
                <span class="reporter-method-output">Advanced Search is clicked</span>
                <span class="reporter-method-output">Last Name is selected</span>
                <span class="reporter-method-output">is like comparator is selected</span>
                <span class="reporter-method-output">Add filter button is clicked successfully</span>
                <span class="reporter-method-output">Search button is clicked</span>
                <span class="reporter-method-output">Below validation is to validate new tenant record is visible in webtable</span>
              </div> <!-- reporter-method-output-div -->
            </div> <!-- reporter-method-div -->
            <div class="reporter-method-div">
              <span class="reporter-method-name">validateAdvSearchForFirstNameIsLikeTenantuserPageTATest(public void com.ae.qa.testcasesTenantAdmin.TenantUsersPageTestTA.validateAdvSearchForFirstNameIsLike...)</span>
              <div class="reporter-method-output-div">
                <span class="reporter-method-output">User log in Successfully</span>
                <span class="reporter-method-output">Advanced Search is clicked</span>
                <span class="reporter-method-output">First Name is selected</span>
                <span class="reporter-method-output">is like comparator is selected</span>
                <span class="reporter-method-output">Add filter button is clicked successfully</span>
                <span class="reporter-method-output">Search button is clicked</span>
                <span class="reporter-method-output">Below validation is to validate new tenant record is visible in webtable</span>
              </div> <!-- reporter-method-output-div -->
            </div> <!-- reporter-method-div -->
            <div class="reporter-method-div">
              <span class="reporter-method-name">validateAdvSearchForUserNameEndsWithTenantuserPageTATest(public void com.ae.qa.testcasesTenantAdmin.TenantUsersPageTestTA.validateAdvSearchForUserNameEndsWit...)</span>
              <div class="reporter-method-output-div">
                <span class="reporter-method-output">User log in Successfully</span>
                <span class="reporter-method-output">Advanced Search is clicked</span>
                <span class="reporter-method-output">Username is selected</span>
                <span class="reporter-method-output">ends with comparator is selected</span>
                <span class="reporter-method-output">Add filter button is clicked successfully</span>
                <span class="reporter-method-output">Search button is clicked</span>
                <span class="reporter-method-output">Below validation is to validate new tenant record is visible in webtable</span>
              </div> <!-- reporter-method-output-div -->
            </div> <!-- reporter-method-div -->
            <div class="reporter-method-div">
              <span class="reporter-method-name">validateAdvSearchForLastNameBeginsWithTenantuserPageTATest(public void com.ae.qa.testcasesTenantAdmin.TenantUsersPageTestTA.validateAdvSearchForLastNameBeginsW...)</span>
              <div class="reporter-method-output-div">
                <span class="reporter-method-output">User log in Successfully</span>
                <span class="reporter-method-output">Advanced Search is clicked</span>
                <span class="reporter-method-output">Last Name is selected</span>
                <span class="reporter-method-output">begins with comparator is selected</span>
                <span class="reporter-method-output">Add filter button is clicked successfully</span>
                <span class="reporter-method-output">Search button is clicked</span>
                <span class="reporter-method-output">Below validation is to validate new tenant record is visible in webtable</span>
              </div> <!-- reporter-method-output-div -->
            </div> <!-- reporter-method-div -->
            <div class="reporter-method-div">
              <span class="reporter-method-name">validateAdvSearchForUserNameEqualToTenantuserPageTATest(public void com.ae.qa.testcasesTenantAdmin.TenantUsersPageTestTA.validateAdvSearchForUserNameEqualTo...)</span>
              <div class="reporter-method-output-div">
                <span class="reporter-method-output">User log in Successfully</span>
                <span class="reporter-method-output">Advanced Search is clicked</span>
                <span class="reporter-method-output">Username is selected</span>
                <span class="reporter-method-output">equal to comparator is selected</span>
                <span class="reporter-method-output">Add filter button is clicked successfully</span>
                <span class="reporter-method-output">Search button is clicked</span>
                <span class="reporter-method-output">Below validation is to validate new tenant record is visible in webtable</span>
              </div> <!-- reporter-method-output-div -->
            </div> <!-- reporter-method-div -->
            <div class="reporter-method-div">
              <span class="reporter-method-name">validateStateDropdownEqualToTenantuserPageTATest(public void com.ae.qa.testcasesTenantAdmin.TenantUsersPageTestTA.validateStateDropdownEqualToTenantu...)</span>
              <div class="reporter-method-output-div">
                <span class="reporter-method-output">User log in Successfully</span>
                <span class="reporter-method-output">Advanced Search is clicked</span>
                <span class="reporter-method-output">State is selected</span>
                <span class="reporter-method-output">equal to comparator is selected</span>
                <span class="reporter-method-output">ACTIVE value to be searched</span>
                <span class="reporter-method-output">Add filter button is clicked successfully</span>
                <span class="reporter-method-output">Search button is clicked</span>
                <span class="reporter-method-output">Below validation is to validate new tenant record is visible in webtable</span>
              </div> <!-- reporter-method-output-div -->
            </div> <!-- reporter-method-div -->
            <div class="reporter-method-div">
              <span class="reporter-method-name">validateAdvSearchForFirstNameEndsWithTenantuserPageTATest(public void com.ae.qa.testcasesTenantAdmin.TenantUsersPageTestTA.validateAdvSearchForFirstNameEndsWi...)</span>
              <div class="reporter-method-output-div">
                <span class="reporter-method-output">User log in Successfully</span>
                <span class="reporter-method-output">Advanced Search is clicked</span>
                <span class="reporter-method-output">First Name is selected</span>
                <span class="reporter-method-output">ends with comparator is selected</span>
                <span class="reporter-method-output">Add filter button is clicked successfully</span>
                <span class="reporter-method-output">Search button is clicked</span>
                <span class="reporter-method-output">Below validation is to validate new tenant record is visible in webtable</span>
              </div> <!-- reporter-method-output-div -->
            </div> <!-- reporter-method-div -->
            <div class="reporter-method-div">
              <span class="reporter-method-name">validateAdvSearchForUserNameBeginsWithTenantuserPageTATest(public void com.ae.qa.testcasesTenantAdmin.TenantUsersPageTestTA.validateAdvSearchForUserNameBeginsW...)</span>
              <div class="reporter-method-output-div">
                <span class="reporter-method-output">User log in Successfully</span>
                <span class="reporter-method-output">Advanced Search is clicked</span>
                <span class="reporter-method-output">Username is selected</span>
                <span class="reporter-method-output">begins with comparator is selected</span>
                <span class="reporter-method-output">Add filter button is clicked successfully</span>
                <span class="reporter-method-output">Search button is clicked</span>
                <span class="reporter-method-output">Below validation is to validate new tenant record is visible in webtable</span>
              </div> <!-- reporter-method-output-div -->
            </div> <!-- reporter-method-div -->
            <div class="reporter-method-div">
              <span class="reporter-method-name">validateAdvSearchForLastNameEndsWithTAdminTenantuserPageTest(public void com.ae.qa.testcasesTenantAdmin.TenantUsersPageTestTA.validateAdvSearchForLastNameEndsWit...)</span>
              <div class="reporter-method-output-div">
                <span class="reporter-method-output">User log in Successfully</span>
                <span class="reporter-method-output">Advanced Search is clicked</span>
                <span class="reporter-method-output">Last Name is selected</span>
                <span class="reporter-method-output">ends with comparator is selected</span>
                <span class="reporter-method-output">Add filter button is clicked successfully</span>
                <span class="reporter-method-output">Search button is clicked</span>
                <span class="reporter-method-output">Below validation is to validate new tenant record is visible in webtable</span>
              </div> <!-- reporter-method-output-div -->
            </div> <!-- reporter-method-div -->
            <div class="reporter-method-div">
              <span class="reporter-method-name">validateStateDropdownNotEqualToTenantuserPageTATest(public void com.ae.qa.testcasesTenantAdmin.TenantUsersPageTestTA.validateStateDropdownNotEqualToTena...)</span>
              <div class="reporter-method-output-div">
                <span class="reporter-method-output">User log in Successfully</span>
                <span class="reporter-method-output">Advanced Search is clicked</span>
                <span class="reporter-method-output">State is selected</span>
                <span class="reporter-method-output">not equal to comparator is selected</span>
                <span class="reporter-method-output">ACTIVE value to be searched</span>
                <span class="reporter-method-output">Add filter button is clicked successfully</span>
                <span class="reporter-method-output">Search button is clicked</span>
                <span class="reporter-method-output">Below validation is to validate new tenant record is visible in webtable</span>
              </div> <!-- reporter-method-output-div -->
            </div> <!-- reporter-method-div -->
            <div class="reporter-method-div">
              <span class="reporter-method-name">validateAdvSearchForLastNameNotEqualToTenantuserPageTATest(public void com.ae.qa.testcasesTenantAdmin.TenantUsersPageTestTA.validateAdvSearchForLastNameNotEqua...)</span>
              <div class="reporter-method-output-div">
                <span class="reporter-method-output">User log in Successfully</span>
                <span class="reporter-method-output">Advanced Search is clicked</span>
                <span class="reporter-method-output">Last Name is selected</span>
                <span class="reporter-method-output">not equal to comparator is selected</span>
                <span class="reporter-method-output">Add filter button is clicked successfully</span>
                <span class="reporter-method-output">Search button is clicked</span>
                <span class="reporter-method-output">Below validation is to validate new tenant record is visible in webtable</span>
              </div> <!-- reporter-method-output-div -->
            </div> <!-- reporter-method-div -->
          </div> <!-- main-panel-content rounded-window-bottom -->
        </div> <!-- panel -->
        <div panel-name="ignored-methods-Default_suite" class="panel">
          <div class="main-panel-header rounded-window-top">
            <span class="header-content">0 ignored methods</span>
          </div> <!-- main-panel-header rounded-window-top -->
          <div class="main-panel-content rounded-window-bottom">
          </div> <!-- main-panel-content rounded-window-bottom -->
        </div> <!-- panel -->
        <div panel-name="chronological-Default_suite" class="panel">
          <div class="main-panel-header rounded-window-top">
            <span class="header-content">Methods in chronological order</span>
          </div> <!-- main-panel-header rounded-window-top -->
          <div class="main-panel-content rounded-window-bottom">
            <div class="chronological-class">
              <div class="chronological-class-name">com.ae.qa.testcasesTenantAdmin.TenantUsersPageTestTA</div> <!-- chronological-class-name -->
              <div class="configuration-test before">
                <span class="method-name">setExtent</span>
                <span class="method-start">0 ms</span>
              </div> <!-- configuration-test before -->
              <div class="configuration-method before">
                <span class="method-name">initialization</span>
                <span class="method-start">217 ms</span>
              </div> <!-- configuration-method before -->
              <div class="test-method">
                <img src="failed.png">
                </img>
                <span class="method-name">validateAdvSearchForUserNameEqualToTenantuserPageTATest(public void com.ae.qa.testcasesTenantAdmin.TenantUsersPageTestTA.validateAdvSearchForUserNameEqualTo...)</span>
                <span class="method-start">6166 ms</span>
              </div> <!-- test-method -->
              <div class="configuration-method after">
                <span class="method-name">getResult([TestResult name=validateAdvSearchForUserNameEqualToTenantuserPageTATest status=FAILURE method=Tenan...)</span>
                <span class="method-start">28089 ms</span>
              </div> <!-- configuration-method after -->
              <div class="configuration-method before">
                <span class="method-name">initialization</span>
                <span class="method-start">28497 ms</span>
              </div> <!-- configuration-method before -->
              <div class="test-method">
                <img src="failed.png">
                </img>
                <span class="method-name">validateAdvSearchForUserNameNotEqualToTenantuserPageTATest(public void com.ae.qa.testcasesTenantAdmin.TenantUsersPageTestTA.validateAdvSearchForUserNameNotEqua...)</span>
                <span class="method-start">34166 ms</span>
              </div> <!-- test-method -->
              <div class="configuration-method after">
                <span class="method-name">getResult([TestResult name=validateAdvSearchForUserNameNotEqualToTenantuserPageTATest status=FAILURE method=Te...)</span>
                <span class="method-start">54810 ms</span>
              </div> <!-- configuration-method after -->
              <div class="configuration-method before">
                <span class="method-name">initialization</span>
                <span class="method-start">55266 ms</span>
              </div> <!-- configuration-method before -->
              <div class="test-method">
                <span class="method-name">validateAdvSearchForUserNameIsLikeTenantuserPageTATest(public void com.ae.qa.testcasesTenantAdmin.TenantUsersPageTestTA.validateAdvSearchForUserNameIsLikeT...)</span>
                <span class="method-start">62009 ms</span>
              </div> <!-- test-method -->
              <div class="configuration-method after">
                <span class="method-name">getResult([TestResult name=validateAdvSearchForUserNameIsLikeTenantuserPageTATest status=SUCCESS method=Tenant...)</span>
                <span class="method-start">95913 ms</span>
              </div> <!-- configuration-method after -->
              <div class="configuration-method before">
                <span class="method-name">initialization</span>
                <span class="method-start">96305 ms</span>
              </div> <!-- configuration-method before -->
              <div class="test-method">
                <img src="failed.png">
                </img>
                <span class="method-name">validateAdvSearchForUserNameBeginsWithTenantuserPageTATest(public void com.ae.qa.testcasesTenantAdmin.TenantUsersPageTestTA.validateAdvSearchForUserNameBeginsW...)</span>
                <span class="method-start">101374 ms</span>
              </div> <!-- test-method -->
              <div class="configuration-method after">
                <span class="method-name">getResult([TestResult name=validateAdvSearchForUserNameBeginsWithTenantuserPageTATest status=FAILURE method=Te...)</span>
                <span class="method-start">128800 ms</span>
              </div> <!-- configuration-method after -->
              <div class="configuration-method before">
                <span class="method-name">initialization</span>
                <span class="method-start">129387 ms</span>
              </div> <!-- configuration-method before -->
              <div class="test-method">
                <img src="failed.png">
                </img>
                <span class="method-name">validateAdvSearchForUserNameEndsWithTenantuserPageTATest(public void com.ae.qa.testcasesTenantAdmin.TenantUsersPageTestTA.validateAdvSearchForUserNameEndsWit...)</span>
                <span class="method-start">134731 ms</span>
              </div> <!-- test-method -->
              <div class="configuration-method after">
                <span class="method-name">getResult([TestResult name=validateAdvSearchForUserNameEndsWithTenantuserPageTATest status=FAILURE method=Tena...)</span>
                <span class="method-start">160040 ms</span>
              </div> <!-- configuration-method after -->
              <div class="configuration-method before">
                <span class="method-name">initialization</span>
                <span class="method-start">160474 ms</span>
              </div> <!-- configuration-method before -->
              <div class="test-method">
                <span class="method-name">validateAdvSearchForFirstNameEqualToTenantuserPageTATest(public void com.ae.qa.testcasesTenantAdmin.TenantUsersPageTestTA.validateAdvSearchForFirstNameEqualT...)</span>
                <span class="method-start">166962 ms</span>
              </div> <!-- test-method -->
              <div class="configuration-method after">
                <span class="method-name">getResult([TestResult name=validateAdvSearchForFirstNameEqualToTenantuserPageTATest status=SUCCESS method=Tena...)</span>
                <span class="method-start">191097 ms</span>
              </div> <!-- configuration-method after -->
              <div class="configuration-method before">
                <span class="method-name">initialization</span>
                <span class="method-start">191383 ms</span>
              </div> <!-- configuration-method before -->
              <div class="test-method">
                <span class="method-name">validateAdvSearchForFirstNameNotEqualToTenantuserPageTATest(public void com.ae.qa.testcasesTenantAdmin.TenantUsersPageTestTA.validateAdvSearchForFirstNameNotEqu...)</span>
                <span class="method-start">197906 ms</span>
              </div> <!-- test-method -->
              <div class="configuration-method after">
                <span class="method-name">getResult([TestResult name=validateAdvSearchForFirstNameNotEqualToTenantuserPageTATest status=SUCCESS method=T...)</span>
                <span class="method-start">261383 ms</span>
              </div> <!-- configuration-method after -->
              <div class="configuration-method before">
                <span class="method-name">initialization</span>
                <span class="method-start">261616 ms</span>
              </div> <!-- configuration-method before -->
              <div class="test-method">
                <img src="failed.png">
                </img>
                <span class="method-name">validateAdvSearchForFirstNameIsLikeTenantuserPageTATest(public void com.ae.qa.testcasesTenantAdmin.TenantUsersPageTestTA.validateAdvSearchForFirstNameIsLike...)</span>
                <span class="method-start">266118 ms</span>
              </div> <!-- test-method -->
              <div class="configuration-method after">
                <span class="method-name">getResult([TestResult name=validateAdvSearchForFirstNameIsLikeTenantuserPageTATest status=FAILURE method=Tenan...)</span>
                <span class="method-start">290873 ms</span>
              </div> <!-- configuration-method after -->
              <div class="configuration-method before">
                <span class="method-name">initialization</span>
                <span class="method-start">291325 ms</span>
              </div> <!-- configuration-method before -->
              <div class="test-method">
                <img src="failed.png">
                </img>
                <span class="method-name">validateAdvSearchForFirstNameBeginsWithTenantuserPageTATest(public void com.ae.qa.testcasesTenantAdmin.TenantUsersPageTestTA.validateAdvSearchForFirstNameBegins...)</span>
                <span class="method-start">297345 ms</span>
              </div> <!-- test-method -->
              <div class="configuration-method after">
                <span class="method-name">getResult([TestResult name=validateAdvSearchForFirstNameBeginsWithTenantuserPageTATest status=FAILURE method=T...)</span>
                <span class="method-start">322495 ms</span>
              </div> <!-- configuration-method after -->
              <div class="configuration-method before">
                <span class="method-name">initialization</span>
                <span class="method-start">323225 ms</span>
              </div> <!-- configuration-method before -->
              <div class="test-method">
                <img src="failed.png">
                </img>
                <span class="method-name">validateAdvSearchForFirstNameEndsWithTenantuserPageTATest(public void com.ae.qa.testcasesTenantAdmin.TenantUsersPageTestTA.validateAdvSearchForFirstNameEndsWi...)</span>
                <span class="method-start">329892 ms</span>
              </div> <!-- test-method -->
              <div class="configuration-method after">
                <span class="method-name">getResult([TestResult name=validateAdvSearchForFirstNameEndsWithTenantuserPageTATest status=FAILURE method=Ten...)</span>
                <span class="method-start">354866 ms</span>
              </div> <!-- configuration-method after -->
              <div class="configuration-method before">
                <span class="method-name">initialization</span>
                <span class="method-start">355430 ms</span>
              </div> <!-- configuration-method before -->
              <div class="test-method">
                <span class="method-name">validateAdvSearchForLastNameEqualToTenantuserPageTATest(public void com.ae.qa.testcasesTenantAdmin.TenantUsersPageTestTA.validateAdvSearchForLastNameEqualTo...)</span>
                <span class="method-start">361982 ms</span>
              </div> <!-- test-method -->
              <div class="configuration-method after">
                <span class="method-name">getResult([TestResult name=validateAdvSearchForLastNameEqualToTenantuserPageTATest status=SUCCESS method=Tenan...)</span>
                <span class="method-start">384363 ms</span>
              </div> <!-- configuration-method after -->
              <div class="configuration-method before">
                <span class="method-name">initialization</span>
                <span class="method-start">384554 ms</span>
              </div> <!-- configuration-method before -->
              <div class="test-method">
                <img src="failed.png">
                </img>
                <span class="method-name">validateAdvSearchForLastNameNotEqualToTenantuserPageTATest(public void com.ae.qa.testcasesTenantAdmin.TenantUsersPageTestTA.validateAdvSearchForLastNameNotEqua...)</span>
                <span class="method-start">390757 ms</span>
              </div> <!-- test-method -->
              <div class="configuration-method after">
                <span class="method-name">getResult([TestResult name=validateAdvSearchForLastNameNotEqualToTenantuserPageTATest status=FAILURE method=Te...)</span>
                <span class="method-start">410942 ms</span>
              </div> <!-- configuration-method after -->
              <div class="configuration-method before">
                <span class="method-name">initialization</span>
                <span class="method-start">411321 ms</span>
              </div> <!-- configuration-method before -->
              <div class="test-method">
                <img src="failed.png">
                </img>
                <span class="method-name">validateAdvSearchForLastNameIsLikeTenantuserPageTATest(public void com.ae.qa.testcasesTenantAdmin.TenantUsersPageTestTA.validateAdvSearchForLastNameIsLikeT...)</span>
                <span class="method-start">415710 ms</span>
              </div> <!-- test-method -->
              <div class="configuration-method after">
                <span class="method-name">getResult([TestResult name=validateAdvSearchForLastNameIsLikeTenantuserPageTATest status=FAILURE method=Tenant...)</span>
                <span class="method-start">440489 ms</span>
              </div> <!-- configuration-method after -->
              <div class="configuration-method before">
                <span class="method-name">initialization</span>
                <span class="method-start">440858 ms</span>
              </div> <!-- configuration-method before -->
              <div class="test-method">
                <img src="failed.png">
                </img>
                <span class="method-name">validateAdvSearchForLastNameBeginsWithTenantuserPageTATest(public void com.ae.qa.testcasesTenantAdmin.TenantUsersPageTestTA.validateAdvSearchForLastNameBeginsW...)</span>
                <span class="method-start">446496 ms</span>
              </div> <!-- test-method -->
              <div class="configuration-method after">
                <span class="method-name">getResult([TestResult name=validateAdvSearchForLastNameBeginsWithTenantuserPageTATest status=FAILURE method=Te...)</span>
                <span class="method-start">468171 ms</span>
              </div> <!-- configuration-method after -->
              <div class="configuration-method before">
                <span class="method-name">initialization</span>
                <span class="method-start">469290 ms</span>
              </div> <!-- configuration-method before -->
              <div class="test-method">
                <img src="failed.png">
                </img>
                <span class="method-name">validateAdvSearchForLastNameEndsWithTAdminTenantuserPageTest(public void com.ae.qa.testcasesTenantAdmin.TenantUsersPageTestTA.validateAdvSearchForLastNameEndsWit...)</span>
                <span class="method-start">474167 ms</span>
              </div> <!-- test-method -->
              <div class="configuration-method after">
                <span class="method-name">getResult([TestResult name=validateAdvSearchForLastNameEndsWithTAdminTenantuserPageTest status=FAILURE method=...)</span>
                <span class="method-start">498917 ms</span>
              </div> <!-- configuration-method after -->
              <div class="configuration-method before">
                <span class="method-name">initialization</span>
                <span class="method-start">499466 ms</span>
              </div> <!-- configuration-method before -->
              <div class="test-method">
                <span class="method-name">validateCreatedEqualToTenantuserPageTATest(public void com.ae.qa.testcasesTenantAdmin.TenantUsersPageTestTA.validateCreatedEqualToTenantuserPag...)</span>
                <span class="method-start">504051 ms</span>
              </div> <!-- test-method -->
              <div class="configuration-method after">
                <span class="method-name">getResult([TestResult name=validateCreatedEqualToTenantuserPageTATest status=SUCCESS method=TenantUsersPageTes...)</span>
                <span class="method-start">565307 ms</span>
              </div> <!-- configuration-method after -->
              <div class="configuration-method before">
                <span class="method-name">initialization</span>
                <span class="method-start">569487 ms</span>
              </div> <!-- configuration-method before -->
              <div class="test-method">
                <span class="method-name">validateCreatedBeforeTenantuserPageTATest(public void com.ae.qa.testcasesTenantAdmin.TenantUsersPageTestTA.validateCreatedBeforeTenantuserPage...)</span>
                <span class="method-start">581278 ms</span>
              </div> <!-- test-method -->
              <div class="configuration-method after">
                <span class="method-name">getResult([TestResult name=validateCreatedBeforeTenantuserPageTATest status=SUCCESS method=TenantUsersPageTest...)</span>
                <span class="method-start">642904 ms</span>
              </div> <!-- configuration-method after -->
              <div class="configuration-method before">
                <span class="method-name">initialization</span>
                <span class="method-start">643109 ms</span>
              </div> <!-- configuration-method before -->
              <div class="test-method">
                <span class="method-name">validateCreatedAfterTenantuserPageTATest(public void com.ae.qa.testcasesTenantAdmin.TenantUsersPageTestTA.validateCreatedAfterTenantuserPageT...)</span>
                <span class="method-start">649656 ms</span>
              </div> <!-- test-method -->
              <div class="configuration-method after">
                <span class="method-name">getResult([TestResult name=validateCreatedAfterTenantuserPageTATest status=SUCCESS method=TenantUsersPageTestT...)</span>
                <span class="method-start">711011 ms</span>
              </div> <!-- configuration-method after -->
              <div class="configuration-method before">
                <span class="method-name">initialization</span>
                <span class="method-start">711378 ms</span>
              </div> <!-- configuration-method before -->
              <div class="test-method">
                <span class="method-name">validateCreatedInBetweenTenantuserPageTATest(public void com.ae.qa.testcasesTenantAdmin.TenantUsersPageTestTA.validateCreatedInBetweenTenantuserP...)</span>
                <span class="method-start">717232 ms</span>
              </div> <!-- test-method -->
              <div class="configuration-method after">
                <span class="method-name">getResult([TestResult name=validateCreatedInBetweenTenantuserPageTATest status=SUCCESS method=TenantUsersPageT...)</span>
                <span class="method-start">781891 ms</span>
              </div> <!-- configuration-method after -->
              <div class="configuration-method before">
                <span class="method-name">initialization</span>
                <span class="method-start">782074 ms</span>
              </div> <!-- configuration-method before -->
              <div class="test-method">
                <span class="method-name">validateCreatedNotInBetweenTenantuserPageTATest(public void com.ae.qa.testcasesTenantAdmin.TenantUsersPageTestTA.validateCreatedNotInBetweenTenantus...)</span>
                <span class="method-start">786066 ms</span>
              </div> <!-- test-method -->
              <div class="configuration-method after">
                <span class="method-name">getResult([TestResult name=validateCreatedNotInBetweenTenantuserPageTATest status=SUCCESS method=TenantUsersPa...)</span>
                <span class="method-start">851025 ms</span>
              </div> <!-- configuration-method after -->
              <div class="configuration-method before">
                <span class="method-name">initialization</span>
                <span class="method-start">851208 ms</span>
              </div> <!-- configuration-method before -->
              <div class="test-method">
                <span class="method-name">validateLastUpdatedCreatedEqualToTenantuserPageTATest(public void com.ae.qa.testcasesTenantAdmin.TenantUsersPageTestTA.validateLastUpdatedCreatedEqualToTe...)</span>
                <span class="method-start">855458 ms</span>
              </div> <!-- test-method -->
              <div class="configuration-method after">
                <span class="method-name">getResult([TestResult name=validateLastUpdatedCreatedEqualToTenantuserPageTATest status=SUCCESS method=TenantU...)</span>
                <span class="method-start">910861 ms</span>
              </div> <!-- configuration-method after -->
              <div class="configuration-method before">
                <span class="method-name">initialization</span>
                <span class="method-start">911266 ms</span>
              </div> <!-- configuration-method before -->
              <div class="test-method">
                <span class="method-name">validateLastUpdatedCreatedBeforeTenantuserPageTATest(public void com.ae.qa.testcasesTenantAdmin.TenantUsersPageTestTA.validateLastUpdatedCreatedBeforeTen...)</span>
                <span class="method-start">917497 ms</span>
              </div> <!-- test-method -->
              <div class="configuration-method after">
                <span class="method-name">getResult([TestResult name=validateLastUpdatedCreatedBeforeTenantuserPageTATest status=SUCCESS method=TenantUs...)</span>
                <span class="method-start">972808 ms</span>
              </div> <!-- configuration-method after -->
              <div class="configuration-method before">
                <span class="method-name">initialization</span>
                <span class="method-start">972984 ms</span>
              </div> <!-- configuration-method before -->
              <div class="test-method">
                <span class="method-name">validateLastUpdatedCreatedAfterTenantuserPageTATest(public void com.ae.qa.testcasesTenantAdmin.TenantUsersPageTestTA.validateLastUpdatedCreatedAfterTena...)</span>
                <span class="method-start">978847 ms</span>
              </div> <!-- test-method -->
              <div class="configuration-method after">
                <span class="method-name">getResult([TestResult name=validateLastUpdatedCreatedAfterTenantuserPageTATest status=SUCCESS method=TenantUse...)</span>
                <span class="method-start">1040066 ms</span>
              </div> <!-- configuration-method after -->
              <div class="configuration-method before">
                <span class="method-name">initialization</span>
                <span class="method-start">1040246 ms</span>
              </div> <!-- configuration-method before -->
              <div class="test-method">
                <span class="method-name">validateLastUpdatedCreatedInBetweenTenantuserPageTATest(public void com.ae.qa.testcasesTenantAdmin.TenantUsersPageTestTA.validateLastUpdatedCreatedInBetween...)</span>
                <span class="method-start">1044340 ms</span>
              </div> <!-- test-method -->
              <div class="configuration-method after">
                <span class="method-name">getResult([TestResult name=validateLastUpdatedCreatedInBetweenTenantuserPageTATest status=SUCCESS method=Tenan...)</span>
                <span class="method-start">1106097 ms</span>
              </div> <!-- configuration-method after -->
              <div class="configuration-method before">
                <span class="method-name">initialization</span>
                <span class="method-start">1106386 ms</span>
              </div> <!-- configuration-method before -->
              <div class="test-method">
                <span class="method-name">validateLastUpdatedCreatedNotInBetweenTenantuserPageTATest(public void com.ae.qa.testcasesTenantAdmin.TenantUsersPageTestTA.validateLastUpdatedCreatedNotInBetw...)</span>
                <span class="method-start">1112687 ms</span>
              </div> <!-- test-method -->
              <div class="configuration-method after">
                <span class="method-name">getResult([TestResult name=validateLastUpdatedCreatedNotInBetweenTenantuserPageTATest status=SUCCESS method=Te...)</span>
                <span class="method-start">1177594 ms</span>
              </div> <!-- configuration-method after -->
              <div class="configuration-method before">
                <span class="method-name">initialization</span>
                <span class="method-start">1177856 ms</span>
              </div> <!-- configuration-method before -->
              <div class="test-method">
                <img src="failed.png">
                </img>
                <span class="method-name">validateStateDropdownEqualToTenantuserPageTATest(public void com.ae.qa.testcasesTenantAdmin.TenantUsersPageTestTA.validateStateDropdownEqualToTenantu...)</span>
                <span class="method-start">1184365 ms</span>
              </div> <!-- test-method -->
              <div class="configuration-method after">
                <span class="method-name">getResult([TestResult name=validateStateDropdownEqualToTenantuserPageTATest status=FAILURE method=TenantUsersP...)</span>
                <span class="method-start">1211192 ms</span>
              </div> <!-- configuration-method after -->
              <div class="configuration-method before">
                <span class="method-name">initialization</span>
                <span class="method-start">1211714 ms</span>
              </div> <!-- configuration-method before -->
              <div class="test-method">
                <img src="failed.png">
                </img>
                <span class="method-name">validateStateDropdownNotEqualToTenantuserPageTATest(public void com.ae.qa.testcasesTenantAdmin.TenantUsersPageTestTA.validateStateDropdownNotEqualToTena...)</span>
                <span class="method-start">1215992 ms</span>
              </div> <!-- test-method -->
              <div class="configuration-method after">
                <span class="method-name">getResult([TestResult name=validateStateDropdownNotEqualToTenantuserPageTATest status=FAILURE method=TenantUse...)</span>
                <span class="method-start">1238185 ms</span>
              </div> <!-- configuration-method after -->
              <div class="configuration-test after">
                <img src="failed.png">
                </img>
                <span class="method-name">endReport</span>
                <span class="method-start">1238754 ms</span>
              </div> <!-- configuration-test after -->
          </div> <!-- main-panel-content rounded-window-bottom -->
        </div> <!-- panel -->
      </div> <!-- main-panel-root -->
    </div> <!-- wrapper -->
  </body>
</html>
