<?xml version="1.0" encoding="UTF-8"?>
<!-- Generated by org.testng.reporters.JUnitReportReporter -->
<testsuite hostname="DESKTOP-5VHKQUJ" failures="1" tests="7" name="com.ae.qa.testcasesTenantAdmin.UserGroupsPageTestTA" time="277.888" errors="0" timestamp="16 Sep 2022 07:24:54 GMT" skipped="0">
  <testcase classname="com.ae.qa.testcasesTenantAdmin.UserGroupsPageTestTA" name="validateCreateUserGroup" time="38.917"/>
  <testcase classname="com.ae.qa.testcasesTenantAdmin.UserGroupsPageTestTA" name="validateEditUserGroup" time="34.061"/>
  <testcase classname="com.ae.qa.testcasesTenantAdmin.UserGroupsPageTestTA" name="validateAddUserToGroup" time="41.599"/>
  <testcase classname="com.ae.qa.testcasesTenantAdmin.UserGroupsPageTestTA" name="validateRemoveUserFromGroup" time="86.107"/>
  <testcase classname="com.ae.qa.testcasesTenantAdmin.UserGroupsPageTestTA" name="ValidateDuplicateUserGroupTest" time="34.243"/>
  <testcase classname="com.ae.qa.testcasesTenantAdmin.UserGroupsPageTestTA" name="validateUserGroupsPageTATest" time="14.316">
    <failure message="Appropriate page didn&#039;t loaded properly expected [User Groups] but found [Home]" type="java.lang.AssertionError">
      <![CDATA[java.lang.AssertionError: Appropriate page didn't loaded properly expected [User Groups] but found [Home]
at org.testng.Assert.fail(Assert.java:96)
at org.testng.Assert.failNotEquals(Assert.java:776)
at org.testng.Assert.assertEqualsImpl(Assert.java:137)
at org.testng.Assert.assertEquals(Assert.java:118)
at org.testng.Assert.assertEquals(Assert.java:453)
at com.ae.qa.pagesTenantAdmin.UserGroupsPageTA.validateUserGroupsPageTA(UserGroupsPageTA.java:278)
at com.ae.qa.testcasesTenantAdmin.UserGroupsPageTestTA.validateUserGroupsPageTATest(UserGroupsPageTestTA.java:93)
at java.base/jdk.internal.reflect.NativeMethodAccessorImpl.invoke0(Native Method)
at java.base/jdk.internal.reflect.NativeMethodAccessorImpl.invoke(NativeMethodAccessorImpl.java:78)
at java.base/jdk.internal.reflect.DelegatingMethodAccessorImpl.invoke(DelegatingMethodAccessorImpl.java:43)
at java.base/java.lang.reflect.Method.invoke(Method.java:567)
at org.testng.internal.MethodInvocationHelper.invokeMethod(MethodInvocationHelper.java:124)
at org.testng.internal.Invoker.invokeMethod(Invoker.java:583)
at org.testng.internal.Invoker.invokeTestMethod(Invoker.java:719)
at org.testng.internal.Invoker.invokeTestMethods(Invoker.java:989)
at org.testng.internal.TestMethodWorker.invokeTestMethods(TestMethodWorker.java:125)
at org.testng.internal.TestMethodWorker.run(TestMethodWorker.java:109)
at org.testng.TestRunner.privateRun(TestRunner.java:648)
at org.testng.TestRunner.run(TestRunner.java:505)
at org.testng.SuiteRunner.runTest(SuiteRunner.java:455)
at org.testng.SuiteRunner.runSequentially(SuiteRunner.java:450)
at org.testng.SuiteRunner.privateRun(SuiteRunner.java:415)
at org.testng.SuiteRunner.run(SuiteRunner.java:364)
at org.testng.SuiteRunnerWorker.runSuite(SuiteRunnerWorker.java:52)
at org.testng.SuiteRunnerWorker.run(SuiteRunnerWorker.java:84)
at org.testng.TestNG.runSuitesSequentially(TestNG.java:1208)
at org.testng.TestNG.runSuitesLocally(TestNG.java:1137)
at org.testng.TestNG.runSuites(TestNG.java:1049)
at org.testng.TestNG.run(TestNG.java:1017)
at org.testng.remote.AbstractRemoteTestNG.run(AbstractRemoteTestNG.java:115)
at org.testng.remote.RemoteTestNG.initAndRun(RemoteTestNG.java:251)
at org.testng.remote.RemoteTestNG.main(RemoteTestNG.java:77)
]]>
    </failure>
  </testcase> <!-- validateUserGroupsPageTATest -->
  <testcase classname="com.ae.qa.testcasesTenantAdmin.UserGroupsPageTestTA" name="validateDeleteUserGroup" time="28.645"/>
</testsuite> <!-- com.ae.qa.testcasesTenantAdmin.UserGroupsPageTestTA -->
