<?xml version="1.0" encoding="UTF-8"?>
<!-- Generated by org.testng.reporters.JUnitReportReporter -->
<testsuite hostname="DESKTOP-5VHKQUJ" failures="1" tests="5" name="com.ae.qa.testcasesTenantAdmin.InformationPageTestTA" time="144.293" errors="0" timestamp="27 Jun 2022 05:01:47 GMT" skipped="0">
  <testcase classname="com.ae.qa.testcasesTenantAdmin.InformationPageTestTA" name="validateLastLoginTATest" time="25.738"/>
  <testcase classname="com.ae.qa.testcasesTenantAdmin.InformationPageTestTA" name="validateViewProfileTATest" time="47.320"/>
  <testcase classname="com.ae.qa.testcasesTenantAdmin.InformationPageTestTA" name="validateSetTenantLogo" time="29.032"/>
  <testcase classname="com.ae.qa.testcasesTenantAdmin.InformationPageTestTA" name="validateRemoveTenantLogo" time="21.444"/>
  <testcase classname="com.ae.qa.testcasesTenantAdmin.InformationPageTestTA" name="validateAboutTabTest" time="20.759">
    <failure message="The following asserts failed:
	UIVersion does not match expected [7.3.0] but found [7.4.0],
	Server Version does not match expected [7.3.0] but found [7.4.0-SNAPSHOT]" type="java.lang.AssertionError">
      <![CDATA[java.lang.AssertionError: The following asserts failed:
UIVersion does not match expected [7.3.0] but found [7.4.0],
Server Version does not match expected [7.3.0] but found [7.4.0-SNAPSHOT]
at org.testng.asserts.SoftAssert.assertAll(SoftAssert.java:43)
at com.ae.qa.pagesTenantAdmin.InformationPageTA.aboutTab(InformationPageTA.java:249)
at com.ae.qa.testcasesTenantAdmin.InformationPageTestTA.validateAboutTabTest(InformationPageTestTA.java:81)
at java.base/jdk.internal.reflect.NativeMethodAccessorImpl.invoke0(Native Method)
at java.base/jdk.internal.reflect.NativeMethodAccessorImpl.invoke(NativeMethodAccessorImpl.java:78)
at java.base/jdk.internal.reflect.DelegatingMethodAccessorImpl.invoke(DelegatingMethodAccessorImpl.java:43)
at java.base/java.lang.reflect.Method.invoke(Method.java:567)
at org.testng.internal.MethodInvocationHelper.invokeMethod(MethodInvocationHelper.java:124)
at org.testng.internal.Invoker.invokeMethod(Invoker.java:583)
at org.testng.internal.Invoker.invokeTestMethod(Invoker.java:719)
at org.testng.internal.Invoker.invokeTestMethods(Invoker.java:989)
at org.testng.internal.TestMethodWorker.invokeTestMethods(TestMethodWorker.java:125)
at org.testng.internal.TestMethodWorker.run(TestMethodWorker.java:109)
at org.testng.TestRunner.privateRun(TestRunner.java:648)
at org.testng.TestRunner.run(TestRunner.java:505)
at org.testng.SuiteRunner.runTest(SuiteRunner.java:455)
at org.testng.SuiteRunner.runSequentially(SuiteRunner.java:450)
at org.testng.SuiteRunner.privateRun(SuiteRunner.java:415)
at org.testng.SuiteRunner.run(SuiteRunner.java:364)
at org.testng.SuiteRunnerWorker.runSuite(SuiteRunnerWorker.java:52)
at org.testng.SuiteRunnerWorker.run(SuiteRunnerWorker.java:84)
at org.testng.TestNG.runSuitesSequentially(TestNG.java:1208)
at org.testng.TestNG.runSuitesLocally(TestNG.java:1137)
at org.testng.TestNG.runSuites(TestNG.java:1049)
at org.testng.TestNG.run(TestNG.java:1017)
at org.testng.remote.AbstractRemoteTestNG.run(AbstractRemoteTestNG.java:115)
at org.testng.remote.RemoteTestNG.initAndRun(RemoteTestNG.java:251)
at org.testng.remote.RemoteTestNG.main(RemoteTestNG.java:77)
]]>
    </failure>
  </testcase> <!-- validateAboutTabTest -->
</testsuite> <!-- com.ae.qa.testcasesTenantAdmin.InformationPageTestTA -->
