<?xml version="1.0" encoding="UTF-8"?>
<!-- Generated by org.testng.reporters.JUnitReportReporter -->
<testsuite hostname="DESKTOP-5VHKQUJ" failures="0" tests="16" name="com.ae.qa.testcases.TenantsPageTest" time="750.626" errors="1" timestamp="25 Jan 2023 04:26:21 GMT" skipped="0">
  <testcase classname="com.ae.qa.testcases.TenantsPageTest" name="endReport" time="20.072">
    <error message="javax.mail.AuthenticationFailedException: 535 5.7.139 Authentication unsuccessful, the user credentials were incorrect. [PN3PR01CA0167.INDPRD01.PROD.OUTLOOK.COM 2023-01-25T04:26:21.626Z 08DAFE843D626FD3]
" type="java.lang.RuntimeException">
      <![CDATA[java.lang.RuntimeException: javax.mail.AuthenticationFailedException: 535 5.7.139 Authentication unsuccessful, the user credentials were incorrect. [PN3PR01CA0167.INDPRD01.PROD.OUTLOOK.COM 2023-01-25T04:26:21.626Z 08DAFE843D626FD3]

at com.ae.qa.util.SendMail.sendExtentReport(SendMail.java:79)
at com.ae.qa.base.TestBase.endReport(TestBase.java:218)
at java.base/jdk.internal.reflect.NativeMethodAccessorImpl.invoke0(Native Method)
at java.base/jdk.internal.reflect.NativeMethodAccessorImpl.invoke(NativeMethodAccessorImpl.java:78)
at java.base/jdk.internal.reflect.DelegatingMethodAccessorImpl.invoke(DelegatingMethodAccessorImpl.java:43)
at java.base/java.lang.reflect.Method.invoke(Method.java:567)
at org.testng.internal.MethodInvocationHelper.invokeMethod(MethodInvocationHelper.java:124)
at org.testng.internal.MethodInvocationHelper.invokeMethodConsideringTimeout(MethodInvocationHelper.java:59)
at org.testng.internal.Invoker.invokeConfigurationMethod(Invoker.java:458)
at org.testng.internal.Invoker.invokeConfigurations(Invoker.java:222)
at org.testng.internal.Invoker.invokeConfigurations(Invoker.java:142)
at org.testng.TestRunner.afterRun(TestRunner.java:725)
at org.testng.TestRunner.run(TestRunner.java:509)
at org.testng.SuiteRunner.runTest(SuiteRunner.java:455)
at org.testng.SuiteRunner.runSequentially(SuiteRunner.java:450)
at org.testng.SuiteRunner.privateRun(SuiteRunner.java:415)
at org.testng.SuiteRunner.run(SuiteRunner.java:364)
at org.testng.SuiteRunnerWorker.runSuite(SuiteRunnerWorker.java:52)
at org.testng.SuiteRunnerWorker.run(SuiteRunnerWorker.java:84)
at org.testng.TestNG.runSuitesSequentially(TestNG.java:1208)
at org.testng.TestNG.runSuitesLocally(TestNG.java:1137)
at org.testng.TestNG.runSuites(TestNG.java:1049)
at org.testng.TestNG.run(TestNG.java:1017)
at org.testng.remote.AbstractRemoteTestNG.run(AbstractRemoteTestNG.java:115)
at org.testng.remote.RemoteTestNG.initAndRun(RemoteTestNG.java:251)
at org.testng.remote.RemoteTestNG.main(RemoteTestNG.java:77)
Caused by: javax.mail.AuthenticationFailedException: 535 5.7.139 Authentication unsuccessful, the user credentials were incorrect. [PN3PR01CA0167.INDPRD01.PROD.OUTLOOK.COM 2023-01-25T04:26:21.626Z 08DAFE843D626FD3]

at com.sun.mail.smtp.SMTPTransport$Authenticator.authenticate(SMTPTransport.java:965)
at com.sun.mail.smtp.SMTPTransport.authenticate(SMTPTransport.java:876)
at com.sun.mail.smtp.SMTPTransport.protocolConnect(SMTPTransport.java:780)
at javax.mail.Service.connect(Service.java:388)
at javax.mail.Service.connect(Service.java:246)
at javax.mail.Service.connect(Service.java:195)
at javax.mail.Transport.send0(Transport.java:254)
at javax.mail.Transport.send(Transport.java:124)
at com.ae.qa.util.SendMail.sendExtentReport(SendMail.java:76)
... 25 more
]]>
    </error>
  </testcase> <!-- endReport -->
  <testcase classname="com.ae.qa.testcases.TenantsPageTest" name="validateAdvSearchForOrgCodeEqualToTenantPageTest" time="40.516"/>
  <testcase classname="com.ae.qa.testcases.TenantsPageTest" name="validateAdvSearchForOrgCodeNotEqualToTenantPageTest" time="31.814"/>
  <testcase classname="com.ae.qa.testcases.TenantsPageTest" name="validateAdvSearchForOrgCodeIsLikeTenantPageTest" time="73.403"/>
  <testcase classname="com.ae.qa.testcases.TenantsPageTest" name="validateAdvSearchOrgBeginsWithTenantPageTest" time="33.396"/>
  <testcase classname="com.ae.qa.testcases.TenantsPageTest" name="validateAdvSearchOrgEndsWithTenantPageTest" time="31.569"/>
  <testcase classname="com.ae.qa.testcases.TenantsPageTest" name="validateAdvSearchNameEqualToTenantPageTest" time="28.525"/>
  <testcase classname="com.ae.qa.testcases.TenantsPageTest" name="validateAdvSearchNameNotEqualTenantPageTest" time="76.209"/>
  <testcase classname="com.ae.qa.testcases.TenantsPageTest" name="validateAdvSearchNameIsLikeTenantPageTest" time="69.971"/>
  <testcase classname="com.ae.qa.testcases.TenantsPageTest" name="validateAdvSearchNameBeginWithTenantPageTest" time="67.831"/>
  <testcase classname="com.ae.qa.testcases.TenantsPageTest" name="validateAdvSearchNameEndWithTenantPageTest" time="35.034"/>
  <testcase classname="com.ae.qa.testcases.TenantsPageTest" name="validateCreatedEqualToTenantPageTest" time="43.864"/>
  <testcase classname="com.ae.qa.testcases.TenantsPageTest" name="validateCreatedBeforeTenantPageTest" time="42.169"/>
  <testcase classname="com.ae.qa.testcases.TenantsPageTest" name="validateCreatedAfterTenantPageTest" time="55.314"/>
  <testcase classname="com.ae.qa.testcases.TenantsPageTest" name="validateCreatedInBetweenTenantPageTest" time="47.724"/>
  <testcase classname="com.ae.qa.testcases.TenantsPageTest" name="validateCreatedNotInBetweenTenantPageTest" time="53.215"/>
</testsuite> <!-- com.ae.qa.testcases.TenantsPageTest -->
